#
# There is insufficient memory for the Java Runtime Environment to continue.
# Native memory allocation (malloc) failed to allocate 2107744 bytes for Chunk::new
# Possible reasons:
#   The system is out of physical RAM or swap space
#   The process is running with CompressedOops enabled, and the Java Heap may be blocking the growth of the native heap
# Possible solutions:
#   Reduce memory load on the system
#   Increase physical memory or swap space
#   Check if swap backing store is full
#   Decrease Java heap size (-Xmx/-Xms)
#   Decrease number of Java threads
#   Decrease Java thread stack sizes (-Xss)
#   Set larger code cache with -XX:ReservedCodeCacheSize=
#   JVM is running with Unscaled Compressed Oops mode in which the Java heap is
#     placed in the first 4GB address space. The Java Heap base address is the
#     maximum limit for the native heap growth. Please use -XX:HeapBaseMinAddress
#     to set the Java Heap base and to place the Java Heap above 4GB virtual address.
# This output file may be truncated or incomplete.
#
#  Out of Memory Error (allocation.cpp:389), pid=8460, tid=0x00000000000005f8
#
# JRE version: Java(TM) SE Runtime Environment (8.0_261-b12) (build 1.8.0_261-b12)
# Java VM: Java HotSpot(TM) 64-Bit Server VM (25.261-b12 mixed mode windows-amd64 compressed oops)
# Failed to write core dump. Minidumps are not enabled by default on client versions of Windows
#

---------------  T H R E A D  ---------------

Current thread (0x000002bdd790c800):  JavaThread "C2 CompilerThread1" daemon [_thread_in_native, id=1528, stack(0x000000d6f1100000,0x000000d6f1200000)]

Stack: [0x000000d6f1100000,0x000000d6f1200000]
Native frames: (J=compiled Java code, j=interpreted, Vv=VM code, C=native code)
V  [jvm.dll+0x33e5f9]
V  [jvm.dll+0x2850e2]
V  [jvm.dll+0x285d8d]
V  [jvm.dll+0x27c895]
V  [jvm.dll+0xe4d6c]
V  [jvm.dll+0xe556c]
V  [jvm.dll+0x47ed35]
V  [jvm.dll+0x446ab8]
V  [jvm.dll+0x44f8f5]
V  [jvm.dll+0x44ecb5]
V  [jvm.dll+0x439bc7]
V  [jvm.dll+0xbbbcb]
V  [jvm.dll+0xba22b]
V  [jvm.dll+0x24d962]
V  [jvm.dll+0x2a1cfc]
C  [ucrtbase.dll+0x1e3fe]
C  [KERNEL32.DLL+0x14034]
C  [ntdll.dll+0x73691]


Current CompileTask:
C2:   5952 1377   !   4       java.net.URLClassLoader$1::run (63 bytes)


---------------  P R O C E S S  ---------------

Java Threads: ( => current thread )
  0x000002bdd79a6800 JavaThread "Service Thread" daemon [_thread_blocked, id=7424, stack(0x000000d6f1300000,0x000000d6f1400000)]
  0x000002bdd790f800 JavaThread "C1 CompilerThread2" daemon [_thread_blocked, id=6176, stack(0x000000d6f1200000,0x000000d6f1300000)]
=>0x000002bdd790c800 JavaThread "C2 CompilerThread1" daemon [_thread_in_native, id=1528, stack(0x000000d6f1100000,0x000000d6f1200000)]
  0x000002bdd7904000 JavaThread "C2 CompilerThread0" daemon [_thread_in_native, id=9492, stack(0x000000d6f1000000,0x000000d6f1100000)]
  0x000002bdd7902800 JavaThread "Attach Listener" daemon [_thread_blocked, id=11508, stack(0x000000d6f0f00000,0x000000d6f1000000)]
  0x000002bdd7901000 JavaThread "Signal Dispatcher" daemon [_thread_blocked, id=7972, stack(0x000000d6f0e00000,0x000000d6f0f00000)]
  0x000002bdd71ab800 JavaThread "Finalizer" daemon [_thread_blocked, id=12964, stack(0x000000d6f0d00000,0x000000d6f0e00000)]
  0x000002bdd78e6000 JavaThread "Reference Handler" daemon [_thread_blocked, id=10204, stack(0x000000d6f0c00000,0x000000d6f0d00000)]
  0x000002bdc2365000 JavaThread "main" [_thread_in_native, id=8024, stack(0x000000d6f0600000,0x000000d6f0700000)]

Other Threads:
  0x000002bdd78c2000 VMThread [stack: 0x000000d6f0b00000,0x000000d6f0c00000] [id=3284]
  0x000002bdd79bb000 WatcherThread [stack: 0x000000d6f1400000,0x000000d6f1500000] [id=10260]

VM state:not at safepoint (normal execution)

VM Mutex/Monitor currently owned by a thread: None

heap address: 0x00000000a1800000, size: 1512 MB, Compressed Oops mode: 32-bit
Narrow klass base: 0x0000000000000000, Narrow klass shift: 3
Compressed class space size: 1073741824 Address: 0x0000000100000000

Heap:
 PSYoungGen      total 28672K, used 17580K [0x00000000e0800000, 0x00000000e2800000, 0x0000000100000000)
  eden space 24576K, 54% used [0x00000000e0800000,0x00000000e152bde0,0x00000000e2000000)
  from space 4096K, 99% used [0x00000000e2000000,0x00000000e23ff4c0,0x00000000e2400000)
  to   space 4096K, 0% used [0x00000000e2400000,0x00000000e2400000,0x00000000e2800000)
 ParOldGen       total 65536K, used 3429K [0x00000000a1800000, 0x00000000a5800000, 0x00000000e0800000)
  object space 65536K, 5% used [0x00000000a1800000,0x00000000a1b59430,0x00000000a5800000)
 Metaspace       used 14849K, capacity 15128K, committed 15232K, reserved 1062912K
  class space    used 1831K, capacity 1913K, committed 1920K, reserved 1048576K

Card table byte_map: [0x000002bdd3170000,0x000002bdd3470000] byte_map_base: 0x000002bdd2c64000

Marking Bits: (ParMarkBitMap*) 0x00000000574b4fb0
 Begin Bits: [0x000002bdd3670000, 0x000002bdd4e10000)
 End Bits:   [0x000002bdd4e10000, 0x000002bdd65b0000)

Polling page: 0x000002bdc2320000

CodeCache: size=245760Kb used=6016Kb max_used=6016Kb free=239743Kb
 bounds [0x000002bdc3db0000, 0x000002bdc43a0000, 0x000002bdd2db0000]
 total_blobs=2148 nmethods=1806 adapters=254
 compilation: enabled

Compilation events (10 events):
Event: 5.248 Thread 0x000002bdd790f800 1692       3       org.codehaus.plexus.util.xml.pull.MXParser::getAttributeCount (15 bytes)
Event: 5.248 Thread 0x000002bdd790f800 nmethod 1692 0x000002bdc432a9d0 code [0x000002bdc432ab20, 0x000002bdc432acd8]
Event: 5.249 Thread 0x000002bdd790f800 1693       3       java.util.ArrayList::remove (69 bytes)
Event: 5.250 Thread 0x000002bdd790f800 nmethod 1693 0x000002bdc432ad50 code [0x000002bdc432af00, 0x000002bdc432b570]
Event: 5.250 Thread 0x000002bdd790f800 1694       3       org.apache.maven.model.validation.DefaultModelValidator::validateStringNotEmpty (46 bytes)
Event: 5.250 Thread 0x000002bdd790f800 nmethod 1694 0x000002bdc432b890 code [0x000002bdc432ba20, 0x000002bdc432bee0]
Event: 5.251 Thread 0x000002bdd790f800 1695       3       org.apache.maven.model.validation.DefaultModelValidator::validateNotNull (23 bytes)
Event: 5.251 Thread 0x000002bdd790f800 nmethod 1695 0x000002bdc432c110 code [0x000002bdc432c280, 0x000002bdc432c490]
Event: 5.255 Thread 0x000002bdd790f800 1696       3       java.util.TreeMap::leftOf (13 bytes)
Event: 5.256 Thread 0x000002bdd790f800 nmethod 1696 0x000002bdc432c550 code [0x000002bdc432c6a0, 0x000002bdc432c838]

GC Heap History (6 events):
Event: 2.948 GC heap before
{Heap before GC invocations=1 (full 0):
 PSYoungGen      total 28672K, used 24576K [0x00000000e0800000, 0x00000000e2800000, 0x0000000100000000)
  eden space 24576K, 100% used [0x00000000e0800000,0x00000000e2000000,0x00000000e2000000)
  from space 4096K, 0% used [0x00000000e2400000,0x00000000e2400000,0x00000000e2800000)
  to   space 4096K, 0% used [0x00000000e2000000,0x00000000e2000000,0x00000000e2400000)
 ParOldGen       total 65536K, used 0K [0x00000000a1800000, 0x00000000a5800000, 0x00000000e0800000)
  object space 65536K, 0% used [0x00000000a1800000,0x00000000a1800000,0x00000000a5800000)
 Metaspace       used 7619K, capacity 7772K, committed 7936K, reserved 1056768K
  class space    used 943K, capacity 1016K, committed 1024K, reserved 1048576K
Event: 2.962 GC heap after
Heap after GC invocations=1 (full 0):
 PSYoungGen      total 28672K, used 4065K [0x00000000e0800000, 0x00000000e2800000, 0x0000000100000000)
  eden space 24576K, 0% used [0x00000000e0800000,0x00000000e0800000,0x00000000e2000000)
  from space 4096K, 99% used [0x00000000e2000000,0x00000000e23f8708,0x00000000e2400000)
  to   space 4096K, 0% used [0x00000000e2400000,0x00000000e2400000,0x00000000e2800000)
 ParOldGen       total 65536K, used 286K [0x00000000a1800000, 0x00000000a5800000, 0x00000000e0800000)
  object space 65536K, 0% used [0x00000000a1800000,0x00000000a1847b60,0x00000000a5800000)
 Metaspace       used 7619K, capacity 7772K, committed 7936K, reserved 1056768K
  class space    used 943K, capacity 1016K, committed 1024K, reserved 1048576K
}
Event: 3.746 GC heap before
{Heap before GC invocations=2 (full 0):
 PSYoungGen      total 28672K, used 28641K [0x00000000e0800000, 0x00000000e2800000, 0x0000000100000000)
  eden space 24576K, 100% used [0x00000000e0800000,0x00000000e2000000,0x00000000e2000000)
  from space 4096K, 99% used [0x00000000e2000000,0x00000000e23f8708,0x00000000e2400000)
  to   space 4096K, 0% used [0x00000000e2400000,0x00000000e2400000,0x00000000e2800000)
 ParOldGen       total 65536K, used 286K [0x00000000a1800000, 0x00000000a5800000, 0x00000000e0800000)
  object space 65536K, 0% used [0x00000000a1800000,0x00000000a1847b60,0x00000000a5800000)
 Metaspace       used 10117K, capacity 10302K, committed 10368K, reserved 1058816K
  class space    used 1263K, capacity 1347K, committed 1408K, reserved 1048576K
Event: 3.757 GC heap after
Heap after GC invocations=2 (full 0):
 PSYoungGen      total 28672K, used 4094K [0x00000000e0800000, 0x00000000e2800000, 0x0000000100000000)
  eden space 24576K, 0% used [0x00000000e0800000,0x00000000e0800000,0x00000000e2000000)
  from space 4096K, 99% used [0x00000000e2400000,0x00000000e27ffa30,0x00000000e2800000)
  to   space 4096K, 0% used [0x00000000e2000000,0x00000000e2000000,0x00000000e2400000)
 ParOldGen       total 65536K, used 1316K [0x00000000a1800000, 0x00000000a5800000, 0x00000000e0800000)
  object space 65536K, 2% used [0x00000000a1800000,0x00000000a19490b8,0x00000000a5800000)
 Metaspace       used 10117K, capacity 10302K, committed 10368K, reserved 1058816K
  class space    used 1263K, capacity 1347K, committed 1408K, reserved 1048576K
}
Event: 4.665 GC heap before
{Heap before GC invocations=3 (full 0):
 PSYoungGen      total 28672K, used 28670K [0x00000000e0800000, 0x00000000e2800000, 0x0000000100000000)
  eden space 24576K, 100% used [0x00000000e0800000,0x00000000e2000000,0x00000000e2000000)
  from space 4096K, 99% used [0x00000000e2400000,0x00000000e27ffa30,0x00000000e2800000)
  to   space 4096K, 0% used [0x00000000e2000000,0x00000000e2000000,0x00000000e2400000)
 ParOldGen       total 65536K, used 1316K [0x00000000a1800000, 0x00000000a5800000, 0x00000000e0800000)
  object space 65536K, 2% used [0x00000000a1800000,0x00000000a19490b8,0x00000000a5800000)
 Metaspace       used 13271K, capacity 13496K, committed 13568K, reserved 1060864K
  class space    used 1672K, capacity 1777K, committed 1792K, reserved 1048576K
Event: 4.673 GC heap after
Heap after GC invocations=3 (full 0):
 PSYoungGen      total 28672K, used 4093K [0x00000000e0800000, 0x00000000e2800000, 0x0000000100000000)
  eden space 24576K, 0% used [0x00000000e0800000,0x00000000e0800000,0x00000000e2000000)
  from space 4096K, 99% used [0x00000000e2000000,0x00000000e23ff4c0,0x00000000e2400000)
  to   space 4096K, 0% used [0x00000000e2400000,0x00000000e2400000,0x00000000e2800000)
 ParOldGen       total 65536K, used 3429K [0x00000000a1800000, 0x00000000a5800000, 0x00000000e0800000)
  object space 65536K, 5% used [0x00000000a1800000,0x00000000a1b59430,0x00000000a5800000)
 Metaspace       used 13271K, capacity 13496K, committed 13568K, reserved 1060864K
  class space    used 1672K, capacity 1777K, committed 1792K, reserved 1048576K
}

Deoptimization events (10 events):
Event: 2.660 Thread 0x000002bdc2365000 Uncommon trap: reason=unstable_if action=reinterpret pc=0x000002bdc3ffe7bc method=java.util.HashMap.getNode(ILjava/lang/Object;)Ljava/util/HashMap$Node; @ 129
Event: 3.036 Thread 0x000002bdc2365000 Uncommon trap: reason=unstable_if action=reinterpret pc=0x000002bdc4054e34 method=org.codehaus.plexus.util.xml.pull.MXParser.nextImpl()I @ 241
Event: 3.072 Thread 0x000002bdc2365000 Uncommon trap: reason=unstable_if action=reinterpret pc=0x000002bdc405f6f4 method=org.codehaus.plexus.util.xml.pull.MXParser.isWhitespace()Z @ 20
Event: 4.307 Thread 0x000002bdc2365000 Uncommon trap: reason=unstable_if action=reinterpret pc=0x000002bdc410527c method=java.util.concurrent.ConcurrentHashMap.putVal(Ljava/lang/Object;Ljava/lang/Object;Z)Ljava/lang/Object; @ 206
Event: 4.481 Thread 0x000002bdc2365000 Uncommon trap: reason=class_check action=maybe_recompile pc=0x000002bdc4269300 method=com.google.inject.TypeLiteral.<init>(Ljava/lang/reflect/Type;)V @ 11
Event: 4.481 Thread 0x000002bdc2365000 Uncommon trap: reason=class_check action=maybe_recompile pc=0x000002bdc4269300 method=com.google.inject.TypeLiteral.<init>(Ljava/lang/reflect/Type;)V @ 11
Event: 4.570 Thread 0x000002bdc2365000 Uncommon trap: reason=class_check action=maybe_recompile pc=0x000002bdc4269300 method=com.google.inject.TypeLiteral.<init>(Ljava/lang/reflect/Type;)V @ 11
Event: 4.570 Thread 0x000002bdc2365000 Uncommon trap: reason=class_check action=maybe_recompile pc=0x000002bdc4269300 method=com.google.inject.TypeLiteral.<init>(Ljava/lang/reflect/Type;)V @ 11
Event: 4.615 Thread 0x000002bdc2365000 Uncommon trap: reason=unstable_if action=reinterpret pc=0x000002bdc4098864 method=org.codehaus.plexus.util.xml.pull.MXParser.parseStartTag()I @ 443
Event: 4.813 Thread 0x000002bdc2365000 Uncommon trap: reason=unstable_if action=reinterpret pc=0x000002bdc3f7411c method=java.lang.String.replace(CC)Ljava/lang/String; @ 2

Classes redefined (0 events):
No events

Internal exceptions (10 events):
Event: 2.659 Thread 0x000002bdc2365000 Exception <a 'java/lang/ArrayIndexOutOfBoundsException': 100> (0x00000000e1887230) thrown at [C:\jenkins\workspace\8-2-build-windows-amd64-cygwin\jdk8u261\295\hotspot\src\share\vm\interpreter\interpreterRuntime.cpp, line 368]
Event: 4.350 Thread 0x000002bdc2365000 Exception <a 'java/lang/NoClassDefFoundError': com/google/inject/servlet/ServletModuleTargetVisitor> (0x00000000e1837c58) thrown at [C:\jenkins\workspace\8-2-build-windows-amd64-cygwin\jdk8u261\295\hotspot\src\share\vm\classfile\systemDictionary.cpp, line
Event: 4.350 Thread 0x000002bdc2365000 Exception <a 'java/lang/NoClassDefFoundError'> (0x00000000e1837c58) thrown at [C:\jenkins\workspace\8-2-build-windows-amd64-cygwin\jdk8u261\295\hotspot\src\share\vm\prims\jvm.cpp, line 1516]
Event: 4.350 Thread 0x000002bdc2365000 Exception <a 'java/lang/NoClassDefFoundError': javax/annotation/Priority> (0x00000000e183c428) thrown at [C:\jenkins\workspace\8-2-build-windows-amd64-cygwin\jdk8u261\295\hotspot\src\share\vm\classfile\systemDictionary.cpp, line 199]
Event: 4.693 Thread 0x000002bdc2365000 Exception <a 'java/lang/NullPointerException'> (0x00000000e0870ce0) thrown at [C:\jenkins\workspace\8-2-build-windows-amd64-cygwin\jdk8u261\295\hotspot\src\share\vm\interpreter\linkResolver.cpp, line 1185]
Event: 4.693 Thread 0x000002bdc2365000 Exception <a 'java/lang/NullPointerException'> (0x00000000e0870ef8) thrown at [C:\jenkins\workspace\8-2-build-windows-amd64-cygwin\jdk8u261\295\hotspot\src\share\vm\interpreter\linkResolver.cpp, line 1185]
Event: 4.693 Thread 0x000002bdc2365000 Exception <a 'java/lang/NullPointerException'> (0x00000000e0871110) thrown at [C:\jenkins\workspace\8-2-build-windows-amd64-cygwin\jdk8u261\295\hotspot\src\share\vm\interpreter\linkResolver.cpp, line 1185]
Event: 4.695 Thread 0x000002bdc2365000 Exception <a 'java/lang/NullPointerException'> (0x00000000e0881ce0) thrown at [C:\jenkins\workspace\8-2-build-windows-amd64-cygwin\jdk8u261\295\hotspot\src\share\vm\interpreter\linkResolver.cpp, line 1185]
Event: 4.695 Thread 0x000002bdc2365000 Exception <a 'java/lang/NullPointerException'> (0x00000000e0881ef8) thrown at [C:\jenkins\workspace\8-2-build-windows-amd64-cygwin\jdk8u261\295\hotspot\src\share\vm\interpreter\linkResolver.cpp, line 1185]
Event: 4.695 Thread 0x000002bdc2365000 Exception <a 'java/lang/NullPointerException'> (0x00000000e0882110) thrown at [C:\jenkins\workspace\8-2-build-windows-amd64-cygwin\jdk8u261\295\hotspot\src\share\vm\interpreter\linkResolver.cpp, line 1185]

Events (10 events):
Event: 5.252 loading class org/eclipse/aether/version/VersionRange
Event: 5.252 loading class org/eclipse/aether/version/VersionRange done
Event: 5.253 loading class org/eclipse/aether/util/version/GenericVersionConstraint
Event: 5.253 loading class org/eclipse/aether/util/version/GenericVersionConstraint done
Event: 5.253 loading class org/eclipse/aether/util/version/GenericVersion
Event: 5.253 loading class org/eclipse/aether/util/version/GenericVersion done
Event: 5.254 loading class org/eclipse/aether/util/version/GenericVersion$Tokenizer
Event: 5.254 loading class org/eclipse/aether/util/version/GenericVersion$Tokenizer done
Event: 5.255 loading class org/eclipse/aether/util/version/GenericVersion$Item
Event: 5.255 loading class org/eclipse/aether/util/version/GenericVersion$Item done


Dynamic libraries:
0x00007ff66c8c0000 - 0x00007ff66c907000 	C:\Program Files\Java\jdk1.8.0_261\bin\java.exe
0x00007ff81e980000 - 0x00007ff81eb61000 	C:\WINDOWS\SYSTEM32\ntdll.dll
0x00007ff81ca00000 - 0x00007ff81cab1000 	C:\WINDOWS\System32\KERNEL32.DLL
0x00007ff81b0e0000 - 0x00007ff81b353000 	C:\WINDOWS\System32\KERNELBASE.dll
0x00007ff81cc50000 - 0x00007ff81ccf1000 	C:\WINDOWS\System32\ADVAPI32.dll
0x00007ff81c130000 - 0x00007ff81c1ce000 	C:\WINDOWS\System32\msvcrt.dll
0x00007ff81cd30000 - 0x00007ff81cd8b000 	C:\WINDOWS\System32\sechost.dll
0x00007ff81cac0000 - 0x00007ff81cbe4000 	C:\WINDOWS\System32\RPCRT4.dll
0x00007ff81e750000 - 0x00007ff81e8e1000 	C:\WINDOWS\System32\USER32.dll
0x00007ff81ae20000 - 0x00007ff81ae40000 	C:\WINDOWS\System32\win32u.dll
0x00007ff81cd00000 - 0x00007ff81cd28000 	C:\WINDOWS\System32\GDI32.dll
0x00007ff81bc50000 - 0x00007ff81bde3000 	C:\WINDOWS\System32\gdi32full.dll
0x00007ff81b360000 - 0x00007ff81b3ff000 	C:\WINDOWS\System32\msvcp_win.dll
0x00007ff81ad20000 - 0x00007ff81ae18000 	C:\WINDOWS\System32\ucrtbase.dll
0x00007ff80ad90000 - 0x00007ff80aff9000 	C:\WINDOWS\WinSxS\amd64_microsoft.windows.common-controls_6595b64144ccf1df_6.0.17134.1792_none_d40515b57c8b8c01\COMCTL32.dll
0x00007ff81e330000 - 0x00007ff81e651000 	C:\WINDOWS\System32\combase.dll
0x00007ff81b4b0000 - 0x00007ff81b529000 	C:\WINDOWS\System32\bcryptPrimitives.dll
0x00007ff81c100000 - 0x00007ff81c12d000 	C:\WINDOWS\System32\IMM32.DLL
0x00007ff816180000 - 0x00007ff816195000 	C:\Program Files\Java\jdk1.8.0_261\jre\bin\vcruntime140.dll
0x00007ff80e8d0000 - 0x00007ff80e96b000 	C:\Program Files\Java\jdk1.8.0_261\jre\bin\msvcp140.dll
0x0000000056cc0000 - 0x000000005752c000 	C:\Program Files\Java\jdk1.8.0_261\jre\bin\server\jvm.dll
0x00007ff81c1d0000 - 0x00007ff81c1d8000 	C:\WINDOWS\System32\PSAPI.DLL
0x00007ff819710000 - 0x00007ff819719000 	C:\WINDOWS\SYSTEM32\WSOCK32.dll
0x00007ff80f490000 - 0x00007ff80f49a000 	C:\WINDOWS\SYSTEM32\VERSION.dll
0x00007ff818c30000 - 0x00007ff818c53000 	C:\WINDOWS\SYSTEM32\WINMM.dll
0x00007ff81e2c0000 - 0x00007ff81e32c000 	C:\WINDOWS\System32\WS2_32.dll
0x00007ff818c00000 - 0x00007ff818c2a000 	C:\WINDOWS\SYSTEM32\winmmbase.dll
0x00007ff81b090000 - 0x00007ff81b0d9000 	C:\WINDOWS\System32\cfgmgr32.dll
0x00007ff81ace0000 - 0x00007ff81acf1000 	C:\WINDOWS\System32\kernel.appcore.dll
0x00007ff8188a0000 - 0x00007ff8188b0000 	C:\Program Files\Java\jdk1.8.0_261\jre\bin\verify.dll
0x00007ff810390000 - 0x00007ff8103bb000 	C:\Program Files\Java\jdk1.8.0_261\jre\bin\java.dll
0x00007ff810370000 - 0x00007ff810388000 	C:\Program Files\Java\jdk1.8.0_261\jre\bin\zip.dll
0x00007ff81cd90000 - 0x00007ff81e1d5000 	C:\WINDOWS\System32\SHELL32.dll
0x00007ff81c630000 - 0x00007ff81c6d9000 	C:\WINDOWS\System32\shcore.dll
0x00007ff81b530000 - 0x00007ff81bc45000 	C:\WINDOWS\System32\windows.storage.dll
0x00007ff81e8f0000 - 0x00007ff81e941000 	C:\WINDOWS\System32\shlwapi.dll
0x00007ff81ad00000 - 0x00007ff81ad1f000 	C:\WINDOWS\System32\profapi.dll
0x00007ff81ac60000 - 0x00007ff81acac000 	C:\WINDOWS\System32\powrprof.dll
0x00007ff81acd0000 - 0x00007ff81acda000 	C:\WINDOWS\System32\FLTLIB.DLL
0x00007ff810350000 - 0x00007ff81036c000 	C:\Program Files\Java\jdk1.8.0_261\jre\bin\net.dll
0x00007ff81a4e0000 - 0x00007ff81a546000 	C:\WINDOWS\system32\mswsock.dll
0x00007ff810330000 - 0x00007ff810343000 	C:\Program Files\Java\jdk1.8.0_261\jre\bin\nio.dll
0x00007ff8190a0000 - 0x00007ff819269000 	C:\WINDOWS\SYSTEM32\dbghelp.dll

VM Arguments:
jvm_args: -Dclassworlds.conf=C:\Program Files\netbeans\java\maven\bin\m2.conf -Dmaven.home=C:\Program Files\netbeans\java\maven -Dmaven.multiModuleProjectDirectory=C:\Users\fox\Documents\NetBeansProjects\demo 
java_command: org.codehaus.plexus.classworlds.launcher.Launcher -Dmaven.ext.class.path=C:\Program Files\netbeans\java\maven-nblib\netbeans-eventspy.jar -Dfile.encoding=UTF-8 --also-make --projects DemoGroupB-ear install
java_class_path (initial): C:\Program Files\netbeans\java\maven\boot\plexus-classworlds-2.5.2.jar
Launcher Type: SUN_STANDARD

Environment Variables:
JAVA_HOME=C:\Program Files\Java\jdk1.8.0_261
PATH=C:\Program Files\Common Files\Oracle\Java\javapath;C:\ProgramData\Oracle\Java\javapath;C:\WINDOWS;C:\WINDOWS\System32\Wbem;C:\WINDOWS\System32\WindowsPowerShell\v1.0\;C:\WINDOWS\System32\OpenSSH\;C:\xampp\php;C:\Program Files\Git\cmd;C:\composer;C:\Program Files\Java\jdk1.8.0_261\bin;C:\Windows\System32;C:\Users\fox\AppData\Local\Programs\Python\Python37-32\Scripts\;C:\Users\fox\AppData\Local\Programs\Python\Python37-32\;C:\Users\fox\AppData\Local\Microsoft\WindowsApps;C:\Users\fox\AppData\Roaming\Composer\vendor\bin;C:\Users\fox\AppData\Local\Programs\Microsoft VS Code\bin
USERNAME=fox
OS=Windows_NT
PROCESSOR_IDENTIFIER=Intel64 Family 6 Model 78 Stepping 3, GenuineIntel



---------------  S Y S T E M  ---------------

OS: Windows 10.0 , 64 bit Build 17134 (10.0.17134.1425)

CPU:total 4 (initial active 4) (2 cores per cpu, 2 threads per core) family 6 model 78 stepping 3, cmov, cx8, fxsr, mmx, sse, sse2, sse3, ssse3, sse4.1, sse4.2, popcnt, avx, avx2, aes, clmul, erms, 3dnowpref, lzcnt, ht, tsc, tscinvbit, bmi1, bmi2, adx

Memory: 4k page, physical 6188032k(508656k free), swap 6188032k(5164k free)

vm_info: Java HotSpot(TM) 64-Bit Server VM (25.261-b12) for windows-amd64 JRE (1.8.0_261-b12), built on Jun 18 2020 06:56:32 by "" with unknown MS VC++:1916

time: Thu Oct 29 14:31:31 2020
timezone: Nepal Standard Time
elapsed time: 5 seconds (0d 0h 0m 5s)

