#
# There is insufficient memory for the Java Runtime Environment to continue.
# Native memory allocation (malloc) failed to allocate 1715520 bytes for Chunk::new
# Possible reasons:
#   The system is out of physical RAM or swap space
#   The process is running with CompressedOops enabled, and the Java Heap may be blocking the growth of the native heap
# Possible solutions:
#   Reduce memory load on the system
#   Increase physical memory or swap space
#   Check if swap backing store is full
#   Decrease Java heap size (-Xmx/-Xms)
#   Decrease number of Java threads
#   Decrease Java thread stack sizes (-Xss)
#   Set larger code cache with -XX:ReservedCodeCacheSize=
#   JVM is running with Unscaled Compressed Oops mode in which the Java heap is
#     placed in the first 4GB address space. The Java Heap base address is the
#     maximum limit for the native heap growth. Please use -XX:HeapBaseMinAddress
#     to set the Java Heap base and to place the Java Heap above 4GB virtual address.
# This output file may be truncated or incomplete.
#
#  Out of Memory Error (allocation.cpp:389), pid=8764, tid=0x0000000000000368
#
# JRE version: Java(TM) SE Runtime Environment (8.0_261-b12) (build 1.8.0_261-b12)
# Java VM: Java HotSpot(TM) 64-Bit Server VM (25.261-b12 mixed mode windows-amd64 compressed oops)
# Failed to write core dump. Minidumps are not enabled by default on client versions of Windows
#

---------------  T H R E A D  ---------------

Current thread (0x0000023f96a23000):  JavaThread "C2 CompilerThread0" daemon [_thread_in_native, id=872, stack(0x000000fe34f00000,0x000000fe35000000)]

Stack: [0x000000fe34f00000,0x000000fe35000000]
Native frames: (J=compiled Java code, j=interpreted, Vv=VM code, C=native code)
V  [jvm.dll+0x33e5f9]
V  [jvm.dll+0x2850e2]
V  [jvm.dll+0x285d8d]
V  [jvm.dll+0x27c895]
V  [jvm.dll+0xe4d6c]
V  [jvm.dll+0xe556c]
V  [jvm.dll+0x47ed35]
V  [jvm.dll+0x446ab8]
V  [jvm.dll+0x44f8f5]
V  [jvm.dll+0x44ecb5]
V  [jvm.dll+0x439bc7]
V  [jvm.dll+0xbbbcb]
V  [jvm.dll+0xba22b]
V  [jvm.dll+0x24d962]
V  [jvm.dll+0x2a1cfc]
C  [ucrtbase.dll+0x1e3fe]
C  [KERNEL32.DLL+0x14034]
C  [ntdll.dll+0x73691]


Current CompileTask:
C2:  29928 5334   !   4       java.net.URLClassLoader$1::run (63 bytes)


---------------  P R O C E S S  ---------------

Java Threads: ( => current thread )
  0x0000023f96a8b000 JavaThread "Service Thread" daemon [_thread_blocked, id=5472, stack(0x000000fe35200000,0x000000fe35300000)]
  0x0000023f96a88000 JavaThread "C1 CompilerThread2" daemon [_thread_blocked, id=2812, stack(0x000000fe35100000,0x000000fe35200000)]
  0x0000023f96a79000 JavaThread "C2 CompilerThread1" daemon [_thread_in_native, id=1344, stack(0x000000fe35000000,0x000000fe35100000)]
=>0x0000023f96a23000 JavaThread "C2 CompilerThread0" daemon [_thread_in_native, id=872, stack(0x000000fe34f00000,0x000000fe35000000)]
  0x0000023f96a22000 JavaThread "Attach Listener" daemon [_thread_blocked, id=472, stack(0x000000fe34e00000,0x000000fe34f00000)]
  0x0000023f96a21000 JavaThread "Signal Dispatcher" daemon [_thread_blocked, id=1800, stack(0x000000fe34d00000,0x000000fe34e00000)]
  0x0000023f962dc800 JavaThread "Finalizer" daemon [_thread_blocked, id=13244, stack(0x000000fe34c00000,0x000000fe34d00000)]
  0x0000023f962d1800 JavaThread "Reference Handler" daemon [_thread_blocked, id=13248, stack(0x000000fe34b00000,0x000000fe34c00000)]
  0x0000023f81533800 JavaThread "main" [_thread_in_native, id=2152, stack(0x000000fe34500000,0x000000fe34600000)]

Other Threads:
  0x0000023f969e3800 VMThread [stack: 0x000000fe34a00000,0x000000fe34b00000] [id=6304]
  0x0000023f96a90000 WatcherThread [stack: 0x000000fe35300000,0x000000fe35400000] [id=12524]

VM state:not at safepoint (normal execution)

VM Mutex/Monitor currently owned by a thread: None

heap address: 0x00000000a1800000, size: 1512 MB, Compressed Oops mode: 32-bit
Narrow klass base: 0x0000000000000000, Narrow klass shift: 3
Compressed class space size: 1073741824 Address: 0x0000000100000000

Heap:
 PSYoungGen      total 101376K, used 73404K [0x00000000e0800000, 0x00000000e7700000, 0x0000000100000000)
  eden space 90112K, 69% used [0x00000000e0800000,0x00000000e4585128,0x00000000e6000000)
  from space 11264K, 92% used [0x00000000e6000000,0x00000000e6a29ff8,0x00000000e6b00000)
  to   space 10240K, 0% used [0x00000000e6b00000,0x00000000e6b00000,0x00000000e7500000)
 ParOldGen       total 65536K, used 10095K [0x00000000a1800000, 0x00000000a5800000, 0x00000000e0800000)
  object space 65536K, 15% used [0x00000000a1800000,0x00000000a21dbea8,0x00000000a5800000)
 Metaspace       used 26185K, capacity 26968K, committed 27136K, reserved 1073152K
  class space    used 3065K, capacity 3294K, committed 3328K, reserved 1048576K

Card table byte_map: [0x0000023f922a0000,0x0000023f925a0000] byte_map_base: 0x0000023f91d94000

Marking Bits: (ParMarkBitMap*) 0x0000000052044fb0
 Begin Bits: [0x0000023f927a0000, 0x0000023f93f40000)
 End Bits:   [0x0000023f93f40000, 0x0000023f956e0000)

Polling page: 0x0000023f81650000

CodeCache: size=245760Kb used=17369Kb max_used=17369Kb free=228390Kb
 bounds [0x0000023f82ee0000, 0x0000023f83ff0000, 0x0000023f91ee0000]
 total_blobs=5384 nmethods=4993 adapters=303
 compilation: enabled

Compilation events (10 events):
Event: 29.726 Thread 0x0000023f96a88000 5425       3       java.util.Stack::<init> (5 bytes)
Event: 29.727 Thread 0x0000023f96a88000 nmethod 5425 0x0000023f831c39d0 code [0x0000023f831c3b40, 0x0000023f831c3db0]
Event: 29.730 Thread 0x0000023f96a88000 5426       1       org.codehaus.plexus.archiver.ArchiveEntry::getResource (5 bytes)
Event: 29.730 Thread 0x0000023f96a88000 nmethod 5426 0x0000023f83031890 code [0x0000023f830319e0, 0x0000023f83031af8]
Event: 29.732 Thread 0x0000023f96a88000 5427       3       sun.util.calendar.Gregorian$Date::setNormalizedYear (7 bytes)
Event: 29.733 Thread 0x0000023f96a88000 nmethod 5427 0x0000023f83031410 code [0x0000023f83031580, 0x0000023f830317f8]
Event: 29.733 Thread 0x0000023f96a88000 5428       3       sun.util.calendar.CalendarDate::setMonth (20 bytes)
Event: 29.733 Thread 0x0000023f96a88000 nmethod 5428 0x0000023f831929d0 code [0x0000023f83192b20, 0x0000023f83192cb8]
Event: 29.733 Thread 0x0000023f96a88000 5429       3       sun.util.calendar.CalendarDate::setDayOfMonth (20 bytes)
Event: 29.734 Thread 0x0000023f96a88000 nmethod 5429 0x0000023f83192650 code [0x0000023f831927a0, 0x0000023f83192938]

GC Heap History (10 events):
Event: 6.328 GC heap before
{Heap before GC invocations=6 (full 1):
 PSYoungGen      total 53248K, used 4080K [0x00000000e0800000, 0x00000000e4000000, 0x0000000100000000)
  eden space 49152K, 0% used [0x00000000e0800000,0x00000000e0800000,0x00000000e3800000)
  from space 4096K, 99% used [0x00000000e3800000,0x00000000e3bfc010,0x00000000e3c00000)
  to   space 4096K, 0% used [0x00000000e3c00000,0x00000000e3c00000,0x00000000e4000000)
 ParOldGen       total 65536K, used 7377K [0x00000000a1800000, 0x00000000a5800000, 0x00000000e0800000)
  object space 65536K, 11% used [0x00000000a1800000,0x00000000a1f34690,0x00000000a5800000)
 Metaspace       used 15948K, capacity 16378K, committed 16512K, reserved 1062912K
  class space    used 1946K, capacity 2092K, committed 2176K, reserved 1048576K
Event: 6.380 GC heap after
Heap after GC invocations=6 (full 1):
 PSYoungGen      total 53248K, used 0K [0x00000000e0800000, 0x00000000e4000000, 0x0000000100000000)
  eden space 49152K, 0% used [0x00000000e0800000,0x00000000e0800000,0x00000000e3800000)
  from space 4096K, 0% used [0x00000000e3800000,0x00000000e3800000,0x00000000e3c00000)
  to   space 4096K, 0% used [0x00000000e3c00000,0x00000000e3c00000,0x00000000e4000000)
 ParOldGen       total 65536K, used 6540K [0x00000000a1800000, 0x00000000a5800000, 0x00000000e0800000)
  object space 65536K, 9% used [0x00000000a1800000,0x00000000a1e63190,0x00000000a5800000)
 Metaspace       used 15948K, capacity 16378K, committed 16512K, reserved 1062912K
  class space    used 1946K, capacity 2092K, committed 2176K, reserved 1048576K
}
Event: 12.315 GC heap before
{Heap before GC invocations=7 (full 1):
 PSYoungGen      total 53248K, used 49152K [0x00000000e0800000, 0x00000000e4000000, 0x0000000100000000)
  eden space 49152K, 100% used [0x00000000e0800000,0x00000000e3800000,0x00000000e3800000)
  from space 4096K, 0% used [0x00000000e3800000,0x00000000e3800000,0x00000000e3c00000)
  to   space 4096K, 0% used [0x00000000e3c00000,0x00000000e3c00000,0x00000000e4000000)
 ParOldGen       total 65536K, used 6540K [0x00000000a1800000, 0x00000000a5800000, 0x00000000e0800000)
  object space 65536K, 9% used [0x00000000a1800000,0x00000000a1e63190,0x00000000a5800000)
 Metaspace       used 19987K, capacity 20540K, committed 20608K, reserved 1067008K
  class space    used 2452K, capacity 2629K, committed 2688K, reserved 1048576K
Event: 12.328 GC heap after
Heap after GC invocations=7 (full 1):
 PSYoungGen      total 49664K, used 3633K [0x00000000e0800000, 0x00000000e4580000, 0x0000000100000000)
  eden space 45568K, 0% used [0x00000000e0800000,0x00000000e0800000,0x00000000e3480000)
  from space 4096K, 88% used [0x00000000e3c00000,0x00000000e3f8c420,0x00000000e4000000)
  to   space 7680K, 0% used [0x00000000e3480000,0x00000000e3480000,0x00000000e3c00000)
 ParOldGen       total 65536K, used 6548K [0x00000000a1800000, 0x00000000a5800000, 0x00000000e0800000)
  object space 65536K, 9% used [0x00000000a1800000,0x00000000a1e65190,0x00000000a5800000)
 Metaspace       used 19987K, capacity 20540K, committed 20608K, reserved 1067008K
  class space    used 2452K, capacity 2629K, committed 2688K, reserved 1048576K
}
Event: 15.079 GC heap before
{Heap before GC invocations=8 (full 1):
 PSYoungGen      total 49664K, used 49201K [0x00000000e0800000, 0x00000000e4580000, 0x0000000100000000)
  eden space 45568K, 100% used [0x00000000e0800000,0x00000000e3480000,0x00000000e3480000)
  from space 4096K, 88% used [0x00000000e3c00000,0x00000000e3f8c420,0x00000000e4000000)
  to   space 7680K, 0% used [0x00000000e3480000,0x00000000e3480000,0x00000000e3c00000)
 ParOldGen       total 65536K, used 6548K [0x00000000a1800000, 0x00000000a5800000, 0x00000000e0800000)
  object space 65536K, 9% used [0x00000000a1800000,0x00000000a1e65190,0x00000000a5800000)
 Metaspace       used 21954K, capacity 22548K, committed 22912K, reserved 1069056K
  class space    used 2625K, capacity 2829K, committed 2944K, reserved 1048576K
Event: 15.139 GC heap after
Heap after GC invocations=8 (full 1):
 PSYoungGen      total 53248K, used 7649K [0x00000000e0800000, 0x00000000e7500000, 0x0000000100000000)
  eden space 45568K, 0% used [0x00000000e0800000,0x00000000e0800000,0x00000000e3480000)
  from space 7680K, 99% used [0x00000000e3480000,0x00000000e3bf8418,0x00000000e3c00000)
  to   space 10240K, 0% used [0x00000000e6b00000,0x00000000e6b00000,0x00000000e7500000)
 ParOldGen       total 65536K, used 10095K [0x00000000a1800000, 0x00000000a5800000, 0x00000000e0800000)
  object space 65536K, 15% used [0x00000000a1800000,0x00000000a21dbea8,0x00000000a5800000)
 Metaspace       used 21954K, capacity 22548K, committed 22912K, reserved 1069056K
  class space    used 2625K, capacity 2829K, committed 2944K, reserved 1048576K
}
Event: 23.072 GC heap before
{Heap before GC invocations=9 (full 1):
 PSYoungGen      total 53248K, used 53217K [0x00000000e0800000, 0x00000000e7500000, 0x0000000100000000)
  eden space 45568K, 100% used [0x00000000e0800000,0x00000000e3480000,0x00000000e3480000)
  from space 7680K, 99% used [0x00000000e3480000,0x00000000e3bf8418,0x00000000e3c00000)
  to   space 10240K, 0% used [0x00000000e6b00000,0x00000000e6b00000,0x00000000e7500000)
 ParOldGen       total 65536K, used 10095K [0x00000000a1800000, 0x00000000a5800000, 0x00000000e0800000)
  object space 65536K, 15% used [0x00000000a1800000,0x00000000a21dbea8,0x00000000a5800000)
 Metaspace       used 23462K, capacity 24050K, committed 24320K, reserved 1071104K
  class space    used 2808K, capacity 3030K, committed 3072K, reserved 1048576K
Event: 23.124 GC heap after
Heap after GC invocations=9 (full 1):
 PSYoungGen      total 100352K, used 9817K [0x00000000e0800000, 0x00000000e7700000, 0x0000000100000000)
  eden space 90112K, 0% used [0x00000000e0800000,0x00000000e0800000,0x00000000e6000000)
  from space 10240K, 95% used [0x00000000e6b00000,0x00000000e7496600,0x00000000e7500000)
  to   space 11264K, 0% used [0x00000000e6000000,0x00000000e6000000,0x00000000e6b00000)
 ParOldGen       total 65536K, used 10095K [0x00000000a1800000, 0x00000000a5800000, 0x00000000e0800000)
  object space 65536K, 15% used [0x00000000a1800000,0x00000000a21dbea8,0x00000000a5800000)
 Metaspace       used 23462K, capacity 24050K, committed 24320K, reserved 1071104K
  class space    used 2808K, capacity 3030K, committed 3072K, reserved 1048576K
}
Event: 25.397 GC heap before
{Heap before GC invocations=10 (full 1):
 PSYoungGen      total 100352K, used 99929K [0x00000000e0800000, 0x00000000e7700000, 0x0000000100000000)
  eden space 90112K, 100% used [0x00000000e0800000,0x00000000e6000000,0x00000000e6000000)
  from space 10240K, 95% used [0x00000000e6b00000,0x00000000e7496600,0x00000000e7500000)
  to   space 11264K, 0% used [0x00000000e6000000,0x00000000e6000000,0x00000000e6b00000)
 ParOldGen       total 65536K, used 10095K [0x00000000a1800000, 0x00000000a5800000, 0x00000000e0800000)
  object space 65536K, 15% used [0x00000000a1800000,0x00000000a21dbea8,0x00000000a5800000)
 Metaspace       used 23953K, capacity 24618K, committed 24832K, reserved 1071104K
  class space    used 2832K, capacity 3050K, committed 3072K, reserved 1048576K
Event: 25.423 GC heap after
Heap after GC invocations=10 (full 1):
 PSYoungGen      total 101376K, used 10407K [0x00000000e0800000, 0x00000000e7700000, 0x0000000100000000)
  eden space 90112K, 0% used [0x00000000e0800000,0x00000000e0800000,0x00000000e6000000)
  from space 11264K, 92% used [0x00000000e6000000,0x00000000e6a29ff8,0x00000000e6b00000)
  to   space 10240K, 0% used [0x00000000e6b00000,0x00000000e6b00000,0x00000000e7500000)
 ParOldGen       total 65536K, used 10095K [0x00000000a1800000, 0x00000000a5800000, 0x00000000e0800000)
  object space 65536K, 15% used [0x00000000a1800000,0x00000000a21dbea8,0x00000000a5800000)
 Metaspace       used 23953K, capacity 24618K, committed 24832K, reserved 1071104K
  class space    used 2832K, capacity 3050K, committed 3072K, reserved 1048576K
}

Deoptimization events (10 events):
Event: 26.395 Thread 0x0000023f81533800 Uncommon trap: reason=class_check action=maybe_recompile pc=0x0000023f83d56c64 method=com.sun.tools.javac.code.Type.isCompound()Z @ 14
Event: 26.799 Thread 0x0000023f81533800 Uncommon trap: reason=speculate_class_check action=maybe_recompile pc=0x0000023f8360c868 method=java.nio.charset.CharsetDecoder.decode(Ljava/nio/ByteBuffer;Ljava/nio/CharBuffer;Z)Ljava/nio/charset/CoderResult; @ 57
Event: 26.828 Thread 0x0000023f81533800 Uncommon trap: reason=speculate_class_check action=maybe_recompile pc=0x0000023f8360c868 method=java.nio.charset.CharsetDecoder.decode(Ljava/nio/ByteBuffer;Ljava/nio/CharBuffer;Z)Ljava/nio/charset/CoderResult; @ 57
Event: 26.847 Thread 0x0000023f81533800 Uncommon trap: reason=class_check action=maybe_recompile pc=0x0000023f836ac210 method=org.apache.maven.model.interpolation.StringSearchModelInterpolator$InterpolateObjectAction$MapField.doInterpolate(Ljava/lang/Object;Lorg/apache/maven/model/interpolation
Event: 28.790 Thread 0x0000023f81533800 Uncommon trap: reason=unstable_if action=reinterpret pc=0x0000023f83b56908 method=java.io.WinNTFileSystem.resolve(Ljava/lang/String;Ljava/lang/String;)Ljava/lang/String; @ 19
Event: 29.462 Thread 0x0000023f81533800 Uncommon trap: reason=unstable_if action=reinterpret pc=0x0000023f83fa0054 method=sun.nio.cs.StreamDecoder.read0()I @ 11
Event: 29.476 Thread 0x0000023f81533800 Uncommon trap: reason=class_check action=maybe_recompile pc=0x0000023f835949c4 method=java.util.Hashtable.put(Ljava/lang/Object;Ljava/lang/Object;)Ljava/lang/Object; @ 18
Event: 29.482 Thread 0x0000023f81533800 Uncommon trap: reason=class_check action=maybe_recompile pc=0x0000023f835949c4 method=java.util.Hashtable.put(Ljava/lang/Object;Ljava/lang/Object;)Ljava/lang/Object; @ 18
Event: 29.489 Thread 0x0000023f81533800 Uncommon trap: reason=class_check action=maybe_recompile pc=0x0000023f835949c4 method=java.util.Hashtable.put(Ljava/lang/Object;Ljava/lang/Object;)Ljava/lang/Object; @ 18
Event: 29.492 Thread 0x0000023f81533800 Uncommon trap: reason=class_check action=maybe_recompile pc=0x0000023f835949c4 method=java.util.Hashtable.put(Ljava/lang/Object;Ljava/lang/Object;)Ljava/lang/Object; @ 18

Classes redefined (0 events):
No events

Internal exceptions (10 events):
Event: 5.823 Thread 0x0000023f81533800 Exception <a 'java/lang/NullPointerException'> (0x00000000e0926e28) thrown at [C:\jenkins\workspace\8-2-build-windows-amd64-cygwin\jdk8u261\295\hotspot\src\share\vm\interpreter\linkResolver.cpp, line 1185]
Event: 5.823 Thread 0x0000023f81533800 Exception <a 'java/lang/NullPointerException'> (0x00000000e0927228) thrown at [C:\jenkins\workspace\8-2-build-windows-amd64-cygwin\jdk8u261\295\hotspot\src\share\vm\interpreter\linkResolver.cpp, line 1185]
Event: 5.824 Thread 0x0000023f81533800 Exception <a 'java/lang/NullPointerException'> (0x00000000e092a3e8) thrown at [C:\jenkins\workspace\8-2-build-windows-amd64-cygwin\jdk8u261\295\hotspot\src\share\vm\interpreter\linkResolver.cpp, line 1185]
Event: 5.824 Thread 0x0000023f81533800 Exception <a 'java/lang/NullPointerException'> (0x00000000e092a7e8) thrown at [C:\jenkins\workspace\8-2-build-windows-amd64-cygwin\jdk8u261\295\hotspot\src\share\vm\interpreter\linkResolver.cpp, line 1185]
Event: 5.824 Thread 0x0000023f81533800 Exception <a 'java/lang/NullPointerException'> (0x00000000e092abe8) thrown at [C:\jenkins\workspace\8-2-build-windows-amd64-cygwin\jdk8u261\295\hotspot\src\share\vm\interpreter\linkResolver.cpp, line 1185]
Event: 6.218 Thread 0x0000023f81533800 Implicit null exception at 0x0000023f8324c63b to 0x0000023f8324cc55
Event: 11.448 Thread 0x0000023f81533800 Exception <a 'java/lang/ClassNotFoundException': com/sun/tools/javac/api/JavacTool> (0x00000000e2df9f60) thrown at [C:\jenkins\workspace\8-2-build-windows-amd64-cygwin\jdk8u261\295\hotspot\src\share\vm\classfile\systemDictionary.cpp, line 210]
Event: 13.218 Thread 0x0000023f81533800 Exception <a 'java/io/FileNotFoundException'> (0x00000000e1ecc150) thrown at [C:\jenkins\workspace\8-2-build-windows-amd64-cygwin\jdk8u261\295\hotspot\src\share\vm\prims\jni.cpp, line 710]
Event: 13.240 Thread 0x0000023f81533800 Exception <a 'java/io/FileNotFoundException'> (0x00000000e1f24c18) thrown at [C:\jenkins\workspace\8-2-build-windows-amd64-cygwin\jdk8u261\295\hotspot\src\share\vm\prims\jni.cpp, line 710]
Event: 25.233 Thread 0x0000023f81533800 Implicit null exception at 0x0000023f83b40f3b to 0x0000023f83b41081

Events (10 events):
Event: 29.505 loading class org/codehaus/plexus/archiver/util/ResourceUtils done
Event: 29.505 loading class org/codehaus/plexus/archiver/util/ResourceUtils
Event: 29.505 loading class org/codehaus/plexus/archiver/util/ResourceUtils done
Event: 29.509 Thread 0x0000023f96a88000 flushing nmethod 0x0000023f834b7590
Event: 29.509 Thread 0x0000023f96a88000 flushing nmethod 0x0000023f834d0310
Event: 29.509 Thread 0x0000023f96a88000 flushing nmethod 0x0000023f834d1490
Event: 29.509 Thread 0x0000023f96a88000 flushing nmethod 0x0000023f834edb10
Event: 29.509 Thread 0x0000023f96a88000 flushing nmethod 0x0000023f834f4050
Event: 29.519 Thread 0x0000023f96a88000 flushing nmethod 0x0000023f835e7dd0
Event: 29.542 Thread 0x0000023f96a88000 flushing nmethod 0x0000023f83700f10


Dynamic libraries:
0x00007ff768b50000 - 0x00007ff768b97000 	C:\Program Files\Java\jdk1.8.0_261\bin\java.exe
0x00007ffdec360000 - 0x00007ffdec541000 	C:\WINDOWS\SYSTEM32\ntdll.dll
0x00007ffdeaf50000 - 0x00007ffdeb001000 	C:\WINDOWS\System32\KERNEL32.DLL
0x00007ffde8700000 - 0x00007ffde8973000 	C:\WINDOWS\System32\KERNELBASE.dll
0x00007ffdec000000 - 0x00007ffdec0a1000 	C:\WINDOWS\System32\ADVAPI32.dll
0x00007ffdeb010000 - 0x00007ffdeb0ae000 	C:\WINDOWS\System32\msvcrt.dll
0x00007ffdeaef0000 - 0x00007ffdeaf4b000 	C:\WINDOWS\System32\sechost.dll
0x00007ffde9900000 - 0x00007ffde9a24000 	C:\WINDOWS\System32\RPCRT4.dll
0x00007ffdeb0d0000 - 0x00007ffdeb261000 	C:\WINDOWS\System32\USER32.dll
0x00007ffde8a80000 - 0x00007ffde8aa0000 	C:\WINDOWS\System32\win32u.dll
0x00007ffdebe30000 - 0x00007ffdebe58000 	C:\WINDOWS\System32\GDI32.dll
0x00007ffde8b50000 - 0x00007ffde8ce3000 	C:\WINDOWS\System32\gdi32full.dll
0x00007ffde8f40000 - 0x00007ffde8fdf000 	C:\WINDOWS\System32\msvcp_win.dll
0x00007ffde8980000 - 0x00007ffde8a78000 	C:\WINDOWS\System32\ucrtbase.dll
0x00007ffdd9570000 - 0x00007ffdd97d9000 	C:\WINDOWS\WinSxS\amd64_microsoft.windows.common-controls_6595b64144ccf1df_6.0.17134.1726_none_d3fdb88f7c924124\COMCTL32.dll
0x00007ffdeb840000 - 0x00007ffdebb61000 	C:\WINDOWS\System32\combase.dll
0x00007ffde8fe0000 - 0x00007ffde9059000 	C:\WINDOWS\System32\bcryptPrimitives.dll
0x00007ffdebe00000 - 0x00007ffdebe2d000 	C:\WINDOWS\System32\IMM32.DLL
0x00007ffde0b60000 - 0x00007ffde0b75000 	C:\Program Files\Java\jdk1.8.0_261\jre\bin\vcruntime140.dll
0x00007ffdd7e20000 - 0x00007ffdd7ebb000 	C:\Program Files\Java\jdk1.8.0_261\jre\bin\msvcp140.dll
0x0000000051850000 - 0x00000000520bc000 	C:\Program Files\Java\jdk1.8.0_261\jre\bin\server\jvm.dll
0x00007ffdebb70000 - 0x00007ffdebb78000 	C:\WINDOWS\System32\PSAPI.DLL
0x00007ffde7220000 - 0x00007ffde7229000 	C:\WINDOWS\SYSTEM32\WSOCK32.dll
0x00007ffde43e0000 - 0x00007ffde4403000 	C:\WINDOWS\SYSTEM32\WINMM.dll
0x00007ffdebb80000 - 0x00007ffdebbec000 	C:\WINDOWS\System32\WS2_32.dll
0x00007ffddf330000 - 0x00007ffddf33a000 	C:\WINDOWS\SYSTEM32\VERSION.dll
0x00007ffde43b0000 - 0x00007ffde43da000 	C:\WINDOWS\SYSTEM32\winmmbase.dll
0x00007ffde9780000 - 0x00007ffde97c9000 	C:\WINDOWS\System32\cfgmgr32.dll
0x00007ffde8690000 - 0x00007ffde86a1000 	C:\WINDOWS\System32\kernel.appcore.dll
0x00007ffde2a50000 - 0x00007ffde2a60000 	C:\Program Files\Java\jdk1.8.0_261\jre\bin\verify.dll
0x00007ffddbcf0000 - 0x00007ffddbd1b000 	C:\Program Files\Java\jdk1.8.0_261\jre\bin\java.dll
0x00007ffddd1b0000 - 0x00007ffddd1c8000 	C:\Program Files\Java\jdk1.8.0_261\jre\bin\zip.dll
0x00007ffde9a40000 - 0x00007ffdeae85000 	C:\WINDOWS\System32\SHELL32.dll
0x00007ffde9850000 - 0x00007ffde98f9000 	C:\WINDOWS\System32\shcore.dll
0x00007ffde9060000 - 0x00007ffde9775000 	C:\WINDOWS\System32\windows.storage.dll
0x00007ffdeae90000 - 0x00007ffdeaee1000 	C:\WINDOWS\System32\shlwapi.dll
0x00007ffde8670000 - 0x00007ffde868f000 	C:\WINDOWS\System32\profapi.dll
0x00007ffde86b0000 - 0x00007ffde86fc000 	C:\WINDOWS\System32\powrprof.dll
0x00007ffde8640000 - 0x00007ffde864a000 	C:\WINDOWS\System32\FLTLIB.DLL
0x00007ffddb020000 - 0x00007ffddb03c000 	C:\Program Files\Java\jdk1.8.0_261\jre\bin\net.dll
0x00007ffde7ec0000 - 0x00007ffde7f26000 	C:\WINDOWS\system32\mswsock.dll
0x00007ffddae30000 - 0x00007ffddae43000 	C:\Program Files\Java\jdk1.8.0_261\jre\bin\nio.dll
0x00007ffde7030000 - 0x00007ffde71f9000 	C:\WINDOWS\SYSTEM32\dbghelp.dll

VM Arguments:
jvm_args: -Dclassworlds.conf=C:\Program Files\netbeans\java\maven\bin\m2.conf -Dmaven.home=C:\Program Files\netbeans\java\maven -Dmaven.multiModuleProjectDirectory=C:\Users\fox\Documents\NetBeansProjects\demo 
java_command: org.codehaus.plexus.classworlds.launcher.Launcher -Dmaven.ext.class.path=C:\Program Files\netbeans\java\maven-nblib\netbeans-eventspy.jar clean install
java_class_path (initial): C:\Program Files\netbeans\java\maven\boot\plexus-classworlds-2.5.2.jar
Launcher Type: SUN_STANDARD

Environment Variables:
JAVA_HOME=C:\Program Files\Java\jdk1.8.0_261
PATH=C:\Program Files\Common Files\Oracle\Java\javapath;C:\ProgramData\Oracle\Java\javapath;C:\WINDOWS;C:\WINDOWS\System32\Wbem;C:\WINDOWS\System32\WindowsPowerShell\v1.0\;C:\WINDOWS\System32\OpenSSH\;C:\xampp\php;C:\Program Files\Git\cmd;C:\composer;C:\Program Files\Java\jdk1.8.0_261\bin;C:\Windows\System32;C:\Users\fox\AppData\Local\Programs\Python\Python37-32\Scripts\;C:\Users\fox\AppData\Local\Programs\Python\Python37-32\;C:\Users\fox\AppData\Local\Microsoft\WindowsApps;C:\Users\fox\AppData\Roaming\Composer\vendor\bin;C:\Users\fox\AppData\Local\Programs\Microsoft VS Code\bin
USERNAME=fox
OS=Windows_NT
PROCESSOR_IDENTIFIER=Intel64 Family 6 Model 78 Stepping 3, GenuineIntel



---------------  S Y S T E M  ---------------

OS: Windows 10.0 , 64 bit Build 17134 (10.0.17134.1425)

CPU:total 4 (initial active 4) (2 cores per cpu, 2 threads per core) family 6 model 78 stepping 3, cmov, cx8, fxsr, mmx, sse, sse2, sse3, ssse3, sse4.1, sse4.2, popcnt, avx, avx2, aes, clmul, erms, 3dnowpref, lzcnt, ht, tsc, tscinvbit, bmi1, bmi2, adx

Memory: 4k page, physical 6188032k(959200k free), swap 6188032k(6588k free)

vm_info: Java HotSpot(TM) 64-Bit Server VM (25.261-b12) for windows-amd64 JRE (1.8.0_261-b12), built on Jun 18 2020 06:56:32 by "" with unknown MS VC++:1916

time: Thu Oct  8 13:46:38 2020
timezone: Nepal Standard Time
elapsed time: 29 seconds (0d 0h 0m 29s)

