#
# There is insufficient memory for the Java Runtime Environment to continue.
# Native memory allocation (malloc) failed to allocate 32744 bytes for ChunkPool::allocate
# Possible reasons:
#   The system is out of physical RAM or swap space
#   The process is running with CompressedOops enabled, and the Java Heap may be blocking the growth of the native heap
# Possible solutions:
#   Reduce memory load on the system
#   Increase physical memory or swap space
#   Check if swap backing store is full
#   Decrease Java heap size (-Xmx/-Xms)
#   Decrease number of Java threads
#   Decrease Java thread stack sizes (-Xss)
#   Set larger code cache with -XX:ReservedCodeCacheSize=
#   JVM is running with Unscaled Compressed Oops mode in which the Java heap is
#     placed in the first 4GB address space. The Java Heap base address is the
#     maximum limit for the native heap growth. Please use -XX:HeapBaseMinAddress
#     to set the Java Heap base and to place the Java Heap above 4GB virtual address.
# This output file may be truncated or incomplete.
#
#  Out of Memory Error (allocation.cpp:272), pid=2100, tid=0x0000000000002930
#
# JRE version: Java(TM) SE Runtime Environment (8.0_261-b12) (build 1.8.0_261-b12)
# Java VM: Java HotSpot(TM) 64-Bit Server VM (25.261-b12 mixed mode windows-amd64 compressed oops)
# Failed to write core dump. Minidumps are not enabled by default on client versions of Windows
#

---------------  T H R E A D  ---------------

Current thread (0x000001eba65e9800):  JavaThread "C2 CompilerThread1" daemon [_thread_in_native, id=10544, stack(0x0000002858600000,0x0000002858700000)]

Stack: [0x0000002858600000,0x0000002858700000]
Native frames: (J=compiled Java code, j=interpreted, Vv=VM code, C=native code)
V  [jvm.dll+0x33e5f9]


Current CompileTask:
C2:   5846 1497       4       java.net.URLClassLoader$1::run (5 bytes)


---------------  P R O C E S S  ---------------

Java Threads: ( => current thread )
  0x000001eba667e000 JavaThread "Service Thread" daemon [_thread_blocked, id=13292, stack(0x0000002858800000,0x0000002858900000)]
  0x000001eba65f8000 JavaThread "C1 CompilerThread2" daemon [_thread_in_native, id=10728, stack(0x0000002858700000,0x0000002858800000)]
=>0x000001eba65e9800 JavaThread "C2 CompilerThread1" daemon [_thread_in_native, id=10544, stack(0x0000002858600000,0x0000002858700000)]
  0x000001eba65e6800 JavaThread "C2 CompilerThread0" daemon [_thread_in_native, id=9940, stack(0x0000002858500000,0x0000002858600000)]
  0x000001eba65e3800 JavaThread "Attach Listener" daemon [_thread_blocked, id=6524, stack(0x0000002858400000,0x0000002858500000)]
  0x000001eba65e1800 JavaThread "Signal Dispatcher" daemon [_thread_blocked, id=2080, stack(0x0000002858300000,0x0000002858400000)]
  0x000001eb91378000 JavaThread "Finalizer" daemon [_thread_blocked, id=11492, stack(0x0000002858200000,0x0000002858300000)]
  0x000001eba65c6800 JavaThread "Reference Handler" daemon [_thread_blocked, id=1956, stack(0x0000002858100000,0x0000002858200000)]
  0x000001eb911b4800 JavaThread "main" [_thread_in_Java, id=7536, stack(0x0000002857b00000,0x0000002857c00000)]

Other Threads:
  0x000001eba65a2000 VMThread [stack: 0x0000002858000000,0x0000002858100000] [id=8036]
  0x000001eba6699000 WatcherThread [stack: 0x0000002858900000,0x0000002858a00000] [id=12412]

VM state:not at safepoint (normal execution)

VM Mutex/Monitor currently owned by a thread: None

heap address: 0x00000000a1800000, size: 1512 MB, Compressed Oops mode: 32-bit
Narrow klass base: 0x0000000000000000, Narrow klass shift: 3
Compressed class space size: 1073741824 Address: 0x0000000100000000

Heap:
 PSYoungGen      total 28672K, used 10565K [0x00000000e0800000, 0x00000000e4000000, 0x0000000100000000)
  eden space 24576K, 26% used [0x00000000e0800000,0x00000000e0e55ab0,0x00000000e2000000)
  from space 4096K, 99% used [0x00000000e2000000,0x00000000e23fbc40,0x00000000e2400000)
  to   space 4096K, 0% used [0x00000000e3c00000,0x00000000e3c00000,0x00000000e4000000)
 ParOldGen       total 65536K, used 3845K [0x00000000a1800000, 0x00000000a5800000, 0x00000000e0800000)
  object space 65536K, 5% used [0x00000000a1800000,0x00000000a1bc16f8,0x00000000a5800000)
 Metaspace       used 14621K, capacity 14848K, committed 14976K, reserved 1062912K
  class space    used 1812K, capacity 1909K, committed 1920K, reserved 1048576K

Card table byte_map: [0x000001eba1f60000,0x000001eba2260000] byte_map_base: 0x000001eba1a54000

Marking Bits: (ParMarkBitMap*) 0x00000000574b4fb0
 Begin Bits: [0x000001eba2460000, 0x000001eba3c00000)
 End Bits:   [0x000001eba3c00000, 0x000001eba53a0000)

Polling page: 0x000001eb910d0000

CodeCache: size=245760Kb used=5595Kb max_used=5595Kb free=240164Kb
 bounds [0x000001eb92ba0000, 0x000001eb93120000, 0x000001eba1ba0000]
 total_blobs=1961 nmethods=1620 adapters=253
 compilation: enabled

Compilation events (10 events):
Event: 5.788 Thread 0x000001eba65f8000 nmethod 1616% 0x000001eb930ee850 code [0x000001eb930ef220, 0x000001eb930f5e30]
Event: 5.788 Thread 0x000001eba65f8000 1617       3       org.apache.maven.model.io.xpp3.MavenXpp3Reader::nextTag (64 bytes)
Event: 5.790 Thread 0x000001eba65f8000 nmethod 1617 0x000001eb930fb810 code [0x000001eb930fba40, 0x000001eb930fc560]
Event: 5.790 Thread 0x000001eba65f8000 1618       3       org.apache.maven.model.io.xpp3.MavenXpp3Reader::interpolatedTrimmed (16 bytes)
Event: 5.791 Thread 0x000001eba65f8000 nmethod 1618 0x000001eb930fcb10 code [0x000001eb930fcc80, 0x000001eb930fcfd0]
Event: 5.791 Thread 0x000001eba65f8000 1619       3       org.apache.maven.model.io.xpp3.MavenXpp3Reader$1::transform (2 bytes)
Event: 5.792 Thread 0x000001eba65f8000 nmethod 1619 0x000001eb930fd190 code [0x000001eb930fd2e0, 0x000001eb930fd438]
Event: 5.792 Thread 0x000001eba65f8000 1623       3       sun.nio.cs.UTF_8$Decoder::decode (779 bytes)
Event: 5.812 Thread 0x000001eba65f8000 nmethod 1623 0x000001eb930fd4d0 code [0x000001eb930fdb00, 0x000001eb93102900]
Event: 5.812 Thread 0x000001eba65f8000 1624 %     3       sun.nio.cs.UTF_8$Decoder::decodeArrayLoop @ 73 (691 bytes)

GC Heap History (6 events):
Event: 2.200 GC heap before
{Heap before GC invocations=1 (full 0):
 PSYoungGen      total 28672K, used 24576K [0x00000000e0800000, 0x00000000e2800000, 0x0000000100000000)
  eden space 24576K, 100% used [0x00000000e0800000,0x00000000e2000000,0x00000000e2000000)
  from space 4096K, 0% used [0x00000000e2400000,0x00000000e2400000,0x00000000e2800000)
  to   space 4096K, 0% used [0x00000000e2000000,0x00000000e2000000,0x00000000e2400000)
 ParOldGen       total 65536K, used 0K [0x00000000a1800000, 0x00000000a5800000, 0x00000000e0800000)
  object space 65536K, 0% used [0x00000000a1800000,0x00000000a1800000,0x00000000a5800000)
 Metaspace       used 7622K, capacity 7772K, committed 7936K, reserved 1056768K
  class space    used 944K, capacity 1016K, committed 1024K, reserved 1048576K
Event: 2.215 GC heap after
Heap after GC invocations=1 (full 0):
 PSYoungGen      total 28672K, used 4087K [0x00000000e0800000, 0x00000000e2800000, 0x0000000100000000)
  eden space 24576K, 0% used [0x00000000e0800000,0x00000000e0800000,0x00000000e2000000)
  from space 4096K, 99% used [0x00000000e2000000,0x00000000e23fde38,0x00000000e2400000)
  to   space 4096K, 0% used [0x00000000e2400000,0x00000000e2400000,0x00000000e2800000)
 ParOldGen       total 65536K, used 238K [0x00000000a1800000, 0x00000000a5800000, 0x00000000e0800000)
  object space 65536K, 0% used [0x00000000a1800000,0x00000000a183b9d0,0x00000000a5800000)
 Metaspace       used 7622K, capacity 7772K, committed 7936K, reserved 1056768K
  class space    used 944K, capacity 1016K, committed 1024K, reserved 1048576K
}
Event: 3.283 GC heap before
{Heap before GC invocations=2 (full 0):
 PSYoungGen      total 28672K, used 28663K [0x00000000e0800000, 0x00000000e2800000, 0x0000000100000000)
  eden space 24576K, 100% used [0x00000000e0800000,0x00000000e2000000,0x00000000e2000000)
  from space 4096K, 99% used [0x00000000e2000000,0x00000000e23fde38,0x00000000e2400000)
  to   space 4096K, 0% used [0x00000000e2400000,0x00000000e2400000,0x00000000e2800000)
 ParOldGen       total 65536K, used 238K [0x00000000a1800000, 0x00000000a5800000, 0x00000000e0800000)
  object space 65536K, 0% used [0x00000000a1800000,0x00000000a183b9d0,0x00000000a5800000)
 Metaspace       used 10310K, capacity 10462K, committed 10624K, reserved 1058816K
  class space    used 1292K, capacity 1379K, committed 1408K, reserved 1048576K
Event: 3.305 GC heap after
Heap after GC invocations=2 (full 0):
 PSYoungGen      total 28672K, used 4075K [0x00000000e0800000, 0x00000000e4000000, 0x0000000100000000)
  eden space 24576K, 0% used [0x00000000e0800000,0x00000000e0800000,0x00000000e2000000)
  from space 4096K, 99% used [0x00000000e2400000,0x00000000e27fae90,0x00000000e2800000)
  to   space 4096K, 0% used [0x00000000e2000000,0x00000000e2000000,0x00000000e2400000)
 ParOldGen       total 65536K, used 1587K [0x00000000a1800000, 0x00000000a5800000, 0x00000000e0800000)
  object space 65536K, 2% used [0x00000000a1800000,0x00000000a198cd48,0x00000000a5800000)
 Metaspace       used 10310K, capacity 10462K, committed 10624K, reserved 1058816K
  class space    used 1292K, capacity 1379K, committed 1408K, reserved 1048576K
}
Event: 5.031 GC heap before
{Heap before GC invocations=3 (full 0):
 PSYoungGen      total 28672K, used 28600K [0x00000000e0800000, 0x00000000e4000000, 0x0000000100000000)
  eden space 24576K, 99% used [0x00000000e0800000,0x00000000e1ff3340,0x00000000e2000000)
  from space 4096K, 99% used [0x00000000e2400000,0x00000000e27fae90,0x00000000e2800000)
  to   space 4096K, 0% used [0x00000000e2000000,0x00000000e2000000,0x00000000e2400000)
 ParOldGen       total 65536K, used 1587K [0x00000000a1800000, 0x00000000a5800000, 0x00000000e0800000)
  object space 65536K, 2% used [0x00000000a1800000,0x00000000a198cd48,0x00000000a5800000)
 Metaspace       used 13548K, capacity 13854K, committed 14208K, reserved 1060864K
  class space    used 1707K, capacity 1811K, committed 1920K, reserved 1048576K
Event: 5.051 GC heap after
Heap after GC invocations=3 (full 0):
 PSYoungGen      total 28672K, used 4079K [0x00000000e0800000, 0x00000000e4000000, 0x0000000100000000)
  eden space 24576K, 0% used [0x00000000e0800000,0x00000000e0800000,0x00000000e2000000)
  from space 4096K, 99% used [0x00000000e2000000,0x00000000e23fbc40,0x00000000e2400000)
  to   space 4096K, 0% used [0x00000000e3c00000,0x00000000e3c00000,0x00000000e4000000)
 ParOldGen       total 65536K, used 3845K [0x00000000a1800000, 0x00000000a5800000, 0x00000000e0800000)
  object space 65536K, 5% used [0x00000000a1800000,0x00000000a1bc16f8,0x00000000a5800000)
 Metaspace       used 13548K, capacity 13854K, committed 14208K, reserved 1060864K
  class space    used 1707K, capacity 1811K, committed 1920K, reserved 1048576K
}

Deoptimization events (10 events):
Event: 1.915 Thread 0x000001eb911b4800 Uncommon trap: reason=range_check action=make_not_entrant pc=0x000001eb92de7f20 method=sun.reflect.generics.parser.SignatureParser.current()C @ 34
Event: 1.917 Thread 0x000001eb911b4800 Uncommon trap: reason=unstable_if action=reinterpret pc=0x000001eb92dea07c method=java.util.HashMap.getNode(ILjava/lang/Object;)Ljava/util/HashMap$Node; @ 129
Event: 2.317 Thread 0x000001eb911b4800 Uncommon trap: reason=unstable_if action=reinterpret pc=0x000001eb92e49074 method=org.codehaus.plexus.util.xml.pull.MXParser.isWhitespace()Z @ 20
Event: 4.120 Thread 0x000001eb911b4800 Uncommon trap: reason=unstable_if action=reinterpret pc=0x000001eb92ed9008 method=java.util.concurrent.ConcurrentHashMap.putVal(Ljava/lang/Object;Ljava/lang/Object;Z)Ljava/lang/Object; @ 206
Event: 4.695 Thread 0x000001eb911b4800 Uncommon trap: reason=unstable_if action=reinterpret pc=0x000001eb92e554d8 method=org.codehaus.plexus.util.xml.pull.MXParser.nextImpl()I @ 269
Event: 4.751 Thread 0x000001eb911b4800 Uncommon trap: reason=unstable_if action=reinterpret pc=0x000001eb92e409e8 method=org.codehaus.plexus.util.xml.pull.MXParser.nextImpl()I @ 269
Event: 5.133 Thread 0x000001eb911b4800 Uncommon trap: reason=unstable_if action=reinterpret pc=0x000001eb92d65c1c method=java.lang.String.replace(CC)Ljava/lang/String; @ 2
Event: 5.597 Thread 0x000001eb911b4800 Uncommon trap: reason=predicate action=maybe_recompile pc=0x000001eb92fb0f88 method=java.lang.String.regionMatches(ZILjava/lang/String;II)Z @ 63
Event: 5.745 Thread 0x000001eb911b4800 Uncommon trap: reason=unstable_if action=reinterpret pc=0x000001eb92e046c4 method=sun.nio.cs.UTF_8$Decoder.decode([BII[C)I @ 30
Event: 5.746 Thread 0x000001eb911b4800 Uncommon trap: reason=unstable_if action=reinterpret pc=0x000001eb92e34c38 method=sun.nio.cs.UTF_8$Decoder.decodeArrayLoop(Ljava/nio/ByteBuffer;Ljava/nio/CharBuffer;)Ljava/nio/charset/CoderResult; @ 84

Classes redefined (0 events):
No events

Internal exceptions (10 events):
Event: 1.916 Thread 0x000001eb911b4800 Exception <a 'java/lang/ArrayIndexOutOfBoundsException': 100> (0x00000000e1886ee8) thrown at [C:\jenkins\workspace\8-2-build-windows-amd64-cygwin\jdk8u261\295\hotspot\src\share\vm\interpreter\interpreterRuntime.cpp, line 368]
Event: 4.220 Thread 0x000001eb911b4800 Exception <a 'java/lang/NoClassDefFoundError': com/google/inject/servlet/ServletModuleTargetVisitor> (0x00000000e16a9d48) thrown at [C:\jenkins\workspace\8-2-build-windows-amd64-cygwin\jdk8u261\295\hotspot\src\share\vm\classfile\systemDictionary.cpp, line
Event: 4.221 Thread 0x000001eb911b4800 Exception <a 'java/lang/NoClassDefFoundError'> (0x00000000e16a9d48) thrown at [C:\jenkins\workspace\8-2-build-windows-amd64-cygwin\jdk8u261\295\hotspot\src\share\vm\prims\jvm.cpp, line 1516]
Event: 4.221 Thread 0x000001eb911b4800 Exception <a 'java/lang/NoClassDefFoundError': javax/annotation/Priority> (0x00000000e16ae518) thrown at [C:\jenkins\workspace\8-2-build-windows-amd64-cygwin\jdk8u261\295\hotspot\src\share\vm\classfile\systemDictionary.cpp, line 199]
Event: 4.876 Thread 0x000001eb911b4800 Exception <a 'java/lang/NullPointerException'> (0x00000000e1ee0c18) thrown at [C:\jenkins\workspace\8-2-build-windows-amd64-cygwin\jdk8u261\295\hotspot\src\share\vm\interpreter\linkResolver.cpp, line 1185]
Event: 4.877 Thread 0x000001eb911b4800 Exception <a 'java/lang/NullPointerException'> (0x00000000e1ee0e30) thrown at [C:\jenkins\workspace\8-2-build-windows-amd64-cygwin\jdk8u261\295\hotspot\src\share\vm\interpreter\linkResolver.cpp, line 1185]
Event: 4.877 Thread 0x000001eb911b4800 Exception <a 'java/lang/NullPointerException'> (0x00000000e1ee1048) thrown at [C:\jenkins\workspace\8-2-build-windows-amd64-cygwin\jdk8u261\295\hotspot\src\share\vm\interpreter\linkResolver.cpp, line 1185]
Event: 4.913 Thread 0x000001eb911b4800 Exception <a 'java/lang/NullPointerException'> (0x00000000e1ef10a8) thrown at [C:\jenkins\workspace\8-2-build-windows-amd64-cygwin\jdk8u261\295\hotspot\src\share\vm\interpreter\linkResolver.cpp, line 1185]
Event: 4.913 Thread 0x000001eb911b4800 Exception <a 'java/lang/NullPointerException'> (0x00000000e1ef12c0) thrown at [C:\jenkins\workspace\8-2-build-windows-amd64-cygwin\jdk8u261\295\hotspot\src\share\vm\interpreter\linkResolver.cpp, line 1185]
Event: 4.913 Thread 0x000001eb911b4800 Exception <a 'java/lang/NullPointerException'> (0x00000000e1ef14d8) thrown at [C:\jenkins\workspace\8-2-build-windows-amd64-cygwin\jdk8u261\295\hotspot\src\share\vm\interpreter\linkResolver.cpp, line 1185]

Events (10 events):
Event: 5.717 loading class org/apache/maven/model/ActivationFile
Event: 5.717 loading class org/apache/maven/model/ActivationFile done
Event: 5.745 Thread 0x000001eb911b4800 Uncommon trap: trap_request=0xffffff65 fr.pc=0x000001eb92e046c4
Event: 5.745 Thread 0x000001eb911b4800 DEOPT PACKING pc=0x000001eb92e046c4 sp=0x0000002857bfd1a0
Event: 5.745 Thread 0x000001eb911b4800 DEOPT UNPACKING pc=0x000001eb92be5843 sp=0x0000002857bfd0f8 mode 2
Event: 5.746 Thread 0x000001eb911b4800 Uncommon trap: trap_request=0xffffff65 fr.pc=0x000001eb92e34c38
Event: 5.746 Thread 0x000001eb911b4800 DEOPT PACKING pc=0x000001eb92e34c38 sp=0x0000002857bfd160
Event: 5.746 Thread 0x000001eb911b4800 DEOPT UNPACKING pc=0x000001eb92be5843 sp=0x0000002857bfd0a8 mode 2
Event: 5.757 loading class org/apache/maven/model/Notifier
Event: 5.757 loading class org/apache/maven/model/Notifier done


Dynamic libraries:
0x00007ff66c8c0000 - 0x00007ff66c907000 	C:\Program Files\Java\jdk1.8.0_261\bin\java.exe
0x00007ff81e980000 - 0x00007ff81eb61000 	C:\WINDOWS\SYSTEM32\ntdll.dll
0x00007ff81ca00000 - 0x00007ff81cab1000 	C:\WINDOWS\System32\KERNEL32.DLL
0x00007ff81b0e0000 - 0x00007ff81b353000 	C:\WINDOWS\System32\KERNELBASE.dll
0x00007ff81cc50000 - 0x00007ff81ccf1000 	C:\WINDOWS\System32\ADVAPI32.dll
0x00007ff81c130000 - 0x00007ff81c1ce000 	C:\WINDOWS\System32\msvcrt.dll
0x00007ff81cd30000 - 0x00007ff81cd8b000 	C:\WINDOWS\System32\sechost.dll
0x00007ff81cac0000 - 0x00007ff81cbe4000 	C:\WINDOWS\System32\RPCRT4.dll
0x00007ff81e750000 - 0x00007ff81e8e1000 	C:\WINDOWS\System32\USER32.dll
0x00007ff81ae20000 - 0x00007ff81ae40000 	C:\WINDOWS\System32\win32u.dll
0x00007ff81cd00000 - 0x00007ff81cd28000 	C:\WINDOWS\System32\GDI32.dll
0x00007ff81bc50000 - 0x00007ff81bde3000 	C:\WINDOWS\System32\gdi32full.dll
0x00007ff81b360000 - 0x00007ff81b3ff000 	C:\WINDOWS\System32\msvcp_win.dll
0x00007ff81ad20000 - 0x00007ff81ae18000 	C:\WINDOWS\System32\ucrtbase.dll
0x00007ff80ad90000 - 0x00007ff80aff9000 	C:\WINDOWS\WinSxS\amd64_microsoft.windows.common-controls_6595b64144ccf1df_6.0.17134.1792_none_d40515b57c8b8c01\COMCTL32.dll
0x00007ff81e330000 - 0x00007ff81e651000 	C:\WINDOWS\System32\combase.dll
0x00007ff81b4b0000 - 0x00007ff81b529000 	C:\WINDOWS\System32\bcryptPrimitives.dll
0x00007ff81c100000 - 0x00007ff81c12d000 	C:\WINDOWS\System32\IMM32.DLL
0x00007ff816180000 - 0x00007ff816195000 	C:\Program Files\Java\jdk1.8.0_261\jre\bin\vcruntime140.dll
0x00007ff80e8d0000 - 0x00007ff80e96b000 	C:\Program Files\Java\jdk1.8.0_261\jre\bin\msvcp140.dll
0x0000000056cc0000 - 0x000000005752c000 	C:\Program Files\Java\jdk1.8.0_261\jre\bin\server\jvm.dll
0x00007ff81c1d0000 - 0x00007ff81c1d8000 	C:\WINDOWS\System32\PSAPI.DLL
0x00007ff819710000 - 0x00007ff819719000 	C:\WINDOWS\SYSTEM32\WSOCK32.dll
0x00007ff80f490000 - 0x00007ff80f49a000 	C:\WINDOWS\SYSTEM32\VERSION.dll
0x00007ff81e2c0000 - 0x00007ff81e32c000 	C:\WINDOWS\System32\WS2_32.dll
0x00007ff818c30000 - 0x00007ff818c53000 	C:\WINDOWS\SYSTEM32\WINMM.dll
0x00007ff818c00000 - 0x00007ff818c2a000 	C:\WINDOWS\SYSTEM32\winmmbase.dll
0x00007ff81b090000 - 0x00007ff81b0d9000 	C:\WINDOWS\System32\cfgmgr32.dll
0x00007ff81ace0000 - 0x00007ff81acf1000 	C:\WINDOWS\System32\kernel.appcore.dll
0x00007ff8188a0000 - 0x00007ff8188b0000 	C:\Program Files\Java\jdk1.8.0_261\jre\bin\verify.dll
0x00007ff810390000 - 0x00007ff8103bb000 	C:\Program Files\Java\jdk1.8.0_261\jre\bin\java.dll
0x00007ff810370000 - 0x00007ff810388000 	C:\Program Files\Java\jdk1.8.0_261\jre\bin\zip.dll
0x00007ff81cd90000 - 0x00007ff81e1d5000 	C:\WINDOWS\System32\SHELL32.dll
0x00007ff81c630000 - 0x00007ff81c6d9000 	C:\WINDOWS\System32\shcore.dll
0x00007ff81b530000 - 0x00007ff81bc45000 	C:\WINDOWS\System32\windows.storage.dll
0x00007ff81e8f0000 - 0x00007ff81e941000 	C:\WINDOWS\System32\shlwapi.dll
0x00007ff81ad00000 - 0x00007ff81ad1f000 	C:\WINDOWS\System32\profapi.dll
0x00007ff81ac60000 - 0x00007ff81acac000 	C:\WINDOWS\System32\powrprof.dll
0x00007ff81acd0000 - 0x00007ff81acda000 	C:\WINDOWS\System32\FLTLIB.DLL
0x00007ff810350000 - 0x00007ff81036c000 	C:\Program Files\Java\jdk1.8.0_261\jre\bin\net.dll
0x00007ff81a4e0000 - 0x00007ff81a546000 	C:\WINDOWS\system32\mswsock.dll
0x00007ff810330000 - 0x00007ff810343000 	C:\Program Files\Java\jdk1.8.0_261\jre\bin\nio.dll

VM Arguments:
jvm_args: -Dclassworlds.conf=C:\Program Files\netbeans\java\maven\bin\m2.conf -Dmaven.home=C:\Program Files\netbeans\java\maven -Dmaven.multiModuleProjectDirectory=C:\Users\fox\Documents\NetBeansProjects\demo\DemoGroupB-ear 
java_command: org.codehaus.plexus.classworlds.launcher.Launcher -Dmaven.ext.class.path=C:\Program Files\netbeans\java\maven-nblib\netbeans-eventspy.jar -Dfile.encoding=UTF-8 clean
java_class_path (initial): C:\Program Files\netbeans\java\maven\boot\plexus-classworlds-2.5.2.jar
Launcher Type: SUN_STANDARD

Environment Variables:
JAVA_HOME=C:\Program Files\Java\jdk1.8.0_261
PATH=C:\Program Files\Common Files\Oracle\Java\javapath;C:\ProgramData\Oracle\Java\javapath;C:\WINDOWS;C:\WINDOWS\System32\Wbem;C:\WINDOWS\System32\WindowsPowerShell\v1.0\;C:\WINDOWS\System32\OpenSSH\;C:\xampp\php;C:\Program Files\Git\cmd;C:\composer;C:\Program Files\Java\jdk1.8.0_261\bin;C:\Windows\System32;C:\Users\fox\AppData\Local\Programs\Python\Python37-32\Scripts\;C:\Users\fox\AppData\Local\Programs\Python\Python37-32\;C:\Users\fox\AppData\Local\Microsoft\WindowsApps;C:\Users\fox\AppData\Roaming\Composer\vendor\bin;C:\Users\fox\AppData\Local\Programs\Microsoft VS Code\bin
USERNAME=fox
OS=Windows_NT
PROCESSOR_IDENTIFIER=Intel64 Family 6 Model 78 Stepping 3, GenuineIntel



---------------  S Y S T E M  ---------------

OS: Windows 10.0 , 64 bit Build 17134 (10.0.17134.1425)

CPU:total 4 (initial active 4) (2 cores per cpu, 2 threads per core) family 6 model 78 stepping 3, cmov, cx8, fxsr, mmx, sse, sse2, sse3, ssse3, sse4.1, sse4.2, popcnt, avx, avx2, aes, clmul, erms, 3dnowpref, lzcnt, ht, tsc, tscinvbit, bmi1, bmi2, adx

Memory: 4k page, physical 6188032k(534364k free), swap 6188032k(4104k free)

vm_info: Java HotSpot(TM) 64-Bit Server VM (25.261-b12) for windows-amd64 JRE (1.8.0_261-b12), built on Jun 18 2020 06:56:32 by "" with unknown MS VC++:1916

time: Thu Oct 29 14:30:50 2020
timezone: Nepal Standard Time
elapsed time: 5 seconds (0d 0h 0m 5s)

