#
# There is insufficient memory for the Java Runtime Environment to continue.
# Native memory allocation (malloc) failed to allocate 2106176 bytes for Chunk::new
# Possible reasons:
#   The system is out of physical RAM or swap space
#   The process is running with CompressedOops enabled, and the Java Heap may be blocking the growth of the native heap
# Possible solutions:
#   Reduce memory load on the system
#   Increase physical memory or swap space
#   Check if swap backing store is full
#   Decrease Java heap size (-Xmx/-Xms)
#   Decrease number of Java threads
#   Decrease Java thread stack sizes (-Xss)
#   Set larger code cache with -XX:ReservedCodeCacheSize=
#   JVM is running with Unscaled Compressed Oops mode in which the Java heap is
#     placed in the first 4GB address space. The Java Heap base address is the
#     maximum limit for the native heap growth. Please use -XX:HeapBaseMinAddress
#     to set the Java Heap base and to place the Java Heap above 4GB virtual address.
# This output file may be truncated or incomplete.
#
#  Out of Memory Error (allocation.cpp:389), pid=11960, tid=0x0000000000001d98
#
# JRE version: Java(TM) SE Runtime Environment (8.0_261-b12) (build 1.8.0_261-b12)
# Java VM: Java HotSpot(TM) 64-Bit Server VM (25.261-b12 mixed mode windows-amd64 compressed oops)
# Failed to write core dump. Minidumps are not enabled by default on client versions of Windows
#

---------------  T H R E A D  ---------------

Current thread (0x0000018963301800):  JavaThread "C2 CompilerThread0" daemon [_thread_in_native, id=7576, stack(0x00000069dbd00000,0x00000069dbe00000)]

Stack: [0x00000069dbd00000,0x00000069dbe00000]
Native frames: (J=compiled Java code, j=interpreted, Vv=VM code, C=native code)
V  [jvm.dll+0x33e5f9]
V  [jvm.dll+0x2850e2]
V  [jvm.dll+0x285d8d]
V  [jvm.dll+0x27c895]
V  [jvm.dll+0xe4d6c]
V  [jvm.dll+0xe556c]
V  [jvm.dll+0x47ed35]
V  [jvm.dll+0x446ab8]
V  [jvm.dll+0x44f8f5]
V  [jvm.dll+0x44ecb5]
V  [jvm.dll+0x439bc7]
V  [jvm.dll+0xbbbcb]
V  [jvm.dll+0xba22b]
V  [jvm.dll+0x24d962]
V  [jvm.dll+0x2a1cfc]
C  [ucrtbase.dll+0x1e3fe]
C  [KERNEL32.DLL+0x14034]
C  [ntdll.dll+0x73691]


Current CompileTask:
C2:   9410 1513   !   4       java.net.URLClassLoader$1::run (63 bytes)


---------------  P R O C E S S  ---------------

Java Threads: ( => current thread )
  0x000001896336c800 JavaThread "Service Thread" daemon [_thread_blocked, id=9748, stack(0x00000069dc000000,0x00000069dc100000)]
  0x0000018963363000 JavaThread "C1 CompilerThread2" daemon [_thread_blocked, id=6924, stack(0x00000069dbf00000,0x00000069dc000000)]
  0x0000018963304800 JavaThread "C2 CompilerThread1" daemon [_thread_in_native, id=8096, stack(0x00000069dbe00000,0x00000069dbf00000)]
=>0x0000018963301800 JavaThread "C2 CompilerThread0" daemon [_thread_in_native, id=7576, stack(0x00000069dbd00000,0x00000069dbe00000)]
  0x00000189632ff800 JavaThread "Attach Listener" daemon [_thread_blocked, id=12404, stack(0x00000069dbc00000,0x00000069dbd00000)]
  0x00000189632fe800 JavaThread "Signal Dispatcher" daemon [_thread_blocked, id=10360, stack(0x00000069dbb00000,0x00000069dbc00000)]
  0x0000018962bb7800 JavaThread "Finalizer" daemon [_thread_blocked, id=1048, stack(0x00000069dba00000,0x00000069dbb00000)]
  0x00000189632e6800 JavaThread "Reference Handler" daemon [_thread_blocked, id=12732, stack(0x00000069db900000,0x00000069dba00000)]
  0x000001894dd65800 JavaThread "main" [_thread_in_native, id=9052, stack(0x00000069db200000,0x00000069db300000)]

Other Threads:
  0x00000189632c1800 VMThread [stack: 0x00000069db800000,0x00000069db900000] [id=5060]
  0x000001896336e800 WatcherThread [stack: 0x00000069dc100000,0x00000069dc200000] [id=8064]

VM state:not at safepoint (normal execution)

VM Mutex/Monitor currently owned by a thread: None

heap address: 0x00000000a1800000, size: 1512 MB, Compressed Oops mode: 32-bit
Narrow klass base: 0x0000000000000000, Narrow klass shift: 3
Compressed class space size: 1073741824 Address: 0x0000000100000000

Heap:
 PSYoungGen      total 28672K, used 13082K [0x00000000e0800000, 0x00000000e2800000, 0x0000000100000000)
  eden space 24576K, 36% used [0x00000000e0800000,0x00000000e10cc550,0x00000000e2000000)
  from space 4096K, 99% used [0x00000000e2000000,0x00000000e23fa4c8,0x00000000e2400000)
  to   space 4096K, 0% used [0x00000000e2400000,0x00000000e2400000,0x00000000e2800000)
 ParOldGen       total 65536K, used 3319K [0x00000000a1800000, 0x00000000a5800000, 0x00000000e0800000)
  object space 65536K, 5% used [0x00000000a1800000,0x00000000a1b3dd90,0x00000000a5800000)
 Metaspace       used 14727K, capacity 14976K, committed 15232K, reserved 1062912K
  class space    used 1818K, capacity 1909K, committed 1920K, reserved 1048576K

Card table byte_map: [0x000001895eb80000,0x000001895ee80000] byte_map_base: 0x000001895e674000

Marking Bits: (ParMarkBitMap*) 0x0000000060864fb0
 Begin Bits: [0x000001895f080000, 0x0000018960820000)
 End Bits:   [0x0000018960820000, 0x0000018961fc0000)

Polling page: 0x000001894df50000

CodeCache: size=245760Kb used=5822Kb max_used=5822Kb free=239937Kb
 bounds [0x000001894f7c0000, 0x000001894fd80000, 0x000001895e7c0000]
 total_blobs=2023 nmethods=1682 adapters=253
 compilation: enabled

Compilation events (10 events):
Event: 9.082 Thread 0x0000018963363000 nmethod 1624 0x000001894fd31310 code [0x000001894fd314a0, 0x000001894fd31860]
Event: 9.082 Thread 0x0000018963363000 1625       3       java.lang.Character::codePointAtImpl (41 bytes)
Event: 9.082 Thread 0x0000018963363000 nmethod 1625 0x000001894fd319d0 code [0x000001894fd31b60, 0x000001894fd31ff8]
Event: 9.083 Thread 0x0000018963363000 1626       3       java.util.regex.Pattern$GroupTail::match (111 bytes)
Event: 9.083 Thread 0x0000018963363000 nmethod 1626 0x000001894fd321d0 code [0x000001894fd32360, 0x000001894fd32730]
Event: 9.114 Thread 0x0000018963363000 1627       3       java.io.ExpiringCache::entryFor (57 bytes)
Event: 9.115 Thread 0x0000018963363000 nmethod 1627 0x000001894fd32a10 code [0x000001894fd32ba0, 0x000001894fd33100]
Event: 9.120 Thread 0x0000018963363000 1628       3       java.util.regex.Matcher::reset (83 bytes)
Event: 9.121 Thread 0x0000018963363000 nmethod 1628 0x000001894fd33290 code [0x000001894fd33420, 0x000001894fd338d0]
Event: 9.130 Thread 0x0000018963363000 1629 %     3       sun.nio.cs.UTF_8$Decoder::decode @ 51 (779 bytes)

GC Heap History (6 events):
Event: 2.716 GC heap before
{Heap before GC invocations=1 (full 0):
 PSYoungGen      total 28672K, used 24576K [0x00000000e0800000, 0x00000000e2800000, 0x0000000100000000)
  eden space 24576K, 100% used [0x00000000e0800000,0x00000000e2000000,0x00000000e2000000)
  from space 4096K, 0% used [0x00000000e2400000,0x00000000e2400000,0x00000000e2800000)
  to   space 4096K, 0% used [0x00000000e2000000,0x00000000e2000000,0x00000000e2400000)
 ParOldGen       total 65536K, used 0K [0x00000000a1800000, 0x00000000a5800000, 0x00000000e0800000)
  object space 65536K, 0% used [0x00000000a1800000,0x00000000a1800000,0x00000000a5800000)
 Metaspace       used 7615K, capacity 7772K, committed 7936K, reserved 1056768K
  class space    used 941K, capacity 1016K, committed 1024K, reserved 1048576K
Event: 2.726 GC heap after
Heap after GC invocations=1 (full 0):
 PSYoungGen      total 28672K, used 4082K [0x00000000e0800000, 0x00000000e2800000, 0x0000000100000000)
  eden space 24576K, 0% used [0x00000000e0800000,0x00000000e0800000,0x00000000e2000000)
  from space 4096K, 99% used [0x00000000e2000000,0x00000000e23fc908,0x00000000e2400000)
  to   space 4096K, 0% used [0x00000000e2400000,0x00000000e2400000,0x00000000e2800000)
 ParOldGen       total 65536K, used 222K [0x00000000a1800000, 0x00000000a5800000, 0x00000000e0800000)
  object space 65536K, 0% used [0x00000000a1800000,0x00000000a1837928,0x00000000a5800000)
 Metaspace       used 7615K, capacity 7772K, committed 7936K, reserved 1056768K
  class space    used 941K, capacity 1016K, committed 1024K, reserved 1048576K
}
Event: 5.116 GC heap before
{Heap before GC invocations=2 (full 0):
 PSYoungGen      total 28672K, used 28658K [0x00000000e0800000, 0x00000000e2800000, 0x0000000100000000)
  eden space 24576K, 100% used [0x00000000e0800000,0x00000000e2000000,0x00000000e2000000)
  from space 4096K, 99% used [0x00000000e2000000,0x00000000e23fc908,0x00000000e2400000)
  to   space 4096K, 0% used [0x00000000e2400000,0x00000000e2400000,0x00000000e2800000)
 ParOldGen       total 65536K, used 222K [0x00000000a1800000, 0x00000000a5800000, 0x00000000e0800000)
  object space 65536K, 0% used [0x00000000a1800000,0x00000000a1837928,0x00000000a5800000)
 Metaspace       used 10127K, capacity 10302K, committed 10368K, reserved 1058816K
  class space    used 1263K, capacity 1347K, committed 1408K, reserved 1048576K
Event: 5.143 GC heap after
Heap after GC invocations=2 (full 0):
 PSYoungGen      total 28672K, used 4074K [0x00000000e0800000, 0x00000000e2800000, 0x0000000100000000)
  eden space 24576K, 0% used [0x00000000e0800000,0x00000000e0800000,0x00000000e2000000)
  from space 4096K, 99% used [0x00000000e2400000,0x00000000e27fabb0,0x00000000e2800000)
  to   space 4096K, 0% used [0x00000000e2000000,0x00000000e2000000,0x00000000e2400000)
 ParOldGen       total 65536K, used 1256K [0x00000000a1800000, 0x00000000a5800000, 0x00000000e0800000)
  object space 65536K, 1% used [0x00000000a1800000,0x00000000a193a1a0,0x00000000a5800000)
 Metaspace       used 10127K, capacity 10302K, committed 10368K, reserved 1058816K
  class space    used 1263K, capacity 1347K, committed 1408K, reserved 1048576K
}
Event: 8.018 GC heap before
{Heap before GC invocations=3 (full 0):
 PSYoungGen      total 28672K, used 28650K [0x00000000e0800000, 0x00000000e2800000, 0x0000000100000000)
  eden space 24576K, 100% used [0x00000000e0800000,0x00000000e2000000,0x00000000e2000000)
  from space 4096K, 99% used [0x00000000e2400000,0x00000000e27fabb0,0x00000000e2800000)
  to   space 4096K, 0% used [0x00000000e2000000,0x00000000e2000000,0x00000000e2400000)
 ParOldGen       total 65536K, used 1256K [0x00000000a1800000, 0x00000000a5800000, 0x00000000e0800000)
  object space 65536K, 1% used [0x00000000a1800000,0x00000000a193a1a0,0x00000000a5800000)
 Metaspace       used 13296K, capacity 13496K, committed 13568K, reserved 1060864K
  class space    used 1672K, capacity 1777K, committed 1792K, reserved 1048576K
Event: 8.050 GC heap after
Heap after GC invocations=3 (full 0):
 PSYoungGen      total 28672K, used 4073K [0x00000000e0800000, 0x00000000e2800000, 0x0000000100000000)
  eden space 24576K, 0% used [0x00000000e0800000,0x00000000e0800000,0x00000000e2000000)
  from space 4096K, 99% used [0x00000000e2000000,0x00000000e23fa4c8,0x00000000e2400000)
  to   space 4096K, 0% used [0x00000000e2400000,0x00000000e2400000,0x00000000e2800000)
 ParOldGen       total 65536K, used 3319K [0x00000000a1800000, 0x00000000a5800000, 0x00000000e0800000)
  object space 65536K, 5% used [0x00000000a1800000,0x00000000a1b3dd90,0x00000000a5800000)
 Metaspace       used 13296K, capacity 13496K, committed 13568K, reserved 1060864K
  class space    used 1672K, capacity 1777K, committed 1792K, reserved 1048576K
}

Deoptimization events (10 events):
Event: 2.688 Thread 0x000001894dd65800 Uncommon trap: reason=unstable_if action=reinterpret pc=0x000001894fa5b8e8 method=org.codehaus.plexus.util.xml.pull.MXParser.nextImpl()I @ 200
Event: 2.772 Thread 0x000001894dd65800 Uncommon trap: reason=unstable_if action=reinterpret pc=0x000001894fa77434 method=org.codehaus.plexus.util.xml.pull.MXParser.nextImpl()I @ 241
Event: 2.803 Thread 0x000001894dd65800 Uncommon trap: reason=unstable_if action=reinterpret pc=0x000001894fa739f4 method=org.codehaus.plexus.util.xml.pull.MXParser.isWhitespace()Z @ 20
Event: 6.963 Thread 0x000001894dd65800 Uncommon trap: reason=unstable_if action=reinterpret pc=0x000001894fb14bfc method=java.util.concurrent.ConcurrentHashMap.putVal(Ljava/lang/Object;Ljava/lang/Object;Z)Ljava/lang/Object; @ 206
Event: 7.316 Thread 0x000001894dd65800 Uncommon trap: reason=unstable_if action=reinterpret pc=0x000001894fc3c2d8 method=java.lang.reflect.Modifier.isSynthetic(I)Z @ 5
Event: 7.729 Thread 0x000001894dd65800 Uncommon trap: reason=unstable_if action=reinterpret pc=0x000001894fa8fca4 method=org.codehaus.plexus.util.xml.pull.MXParser.parseStartTag()I @ 443
Event: 8.278 Thread 0x000001894dd65800 Uncommon trap: reason=unstable_if action=reinterpret pc=0x000001894f985c1c method=java.lang.String.replace(CC)Ljava/lang/String; @ 2
Event: 8.878 Thread 0x000001894dd65800 Uncommon trap: reason=predicate action=maybe_recompile pc=0x000001894fbfe1c8 method=java.lang.String.regionMatches(ZILjava/lang/String;II)Z @ 63
Event: 9.130 Thread 0x000001894dd65800 Uncommon trap: reason=unstable_if action=reinterpret pc=0x000001894fa57804 method=sun.nio.cs.UTF_8$Decoder.decode([BII[C)I @ 30
Event: 9.131 Thread 0x000001894dd65800 Uncommon trap: reason=unstable_if action=reinterpret pc=0x000001894fa34df8 method=sun.nio.cs.UTF_8$Decoder.decodeArrayLoop(Ljava/nio/ByteBuffer;Ljava/nio/CharBuffer;)Ljava/nio/charset/CoderResult; @ 84

Classes redefined (0 events):
No events

Internal exceptions (10 events):
Event: 2.435 Thread 0x000001894dd65800 Exception <a 'java/lang/ArrayIndexOutOfBoundsException': 24> (0x00000000e18850b0) thrown at [C:\jenkins\workspace\8-2-build-windows-amd64-cygwin\jdk8u261\295\hotspot\src\share\vm\interpreter\interpreterRuntime.cpp, line 368]
Event: 7.139 Thread 0x000001894dd65800 Exception <a 'java/lang/NoClassDefFoundError': com/google/inject/servlet/ServletModuleTargetVisitor> (0x00000000e1836bd0) thrown at [C:\jenkins\workspace\8-2-build-windows-amd64-cygwin\jdk8u261\295\hotspot\src\share\vm\classfile\systemDictionary.cpp, line
Event: 7.139 Thread 0x000001894dd65800 Exception <a 'java/lang/NoClassDefFoundError'> (0x00000000e1836bd0) thrown at [C:\jenkins\workspace\8-2-build-windows-amd64-cygwin\jdk8u261\295\hotspot\src\share\vm\prims\jvm.cpp, line 1516]
Event: 7.140 Thread 0x000001894dd65800 Exception <a 'java/lang/NoClassDefFoundError': javax/annotation/Priority> (0x00000000e183b3a0) thrown at [C:\jenkins\workspace\8-2-build-windows-amd64-cygwin\jdk8u261\295\hotspot\src\share\vm\classfile\systemDictionary.cpp, line 199]
Event: 8.098 Thread 0x000001894dd65800 Exception <a 'java/lang/NullPointerException'> (0x00000000e08707a8) thrown at [C:\jenkins\workspace\8-2-build-windows-amd64-cygwin\jdk8u261\295\hotspot\src\share\vm\interpreter\linkResolver.cpp, line 1185]
Event: 8.098 Thread 0x000001894dd65800 Exception <a 'java/lang/NullPointerException'> (0x00000000e08709c0) thrown at [C:\jenkins\workspace\8-2-build-windows-amd64-cygwin\jdk8u261\295\hotspot\src\share\vm\interpreter\linkResolver.cpp, line 1185]
Event: 8.098 Thread 0x000001894dd65800 Exception <a 'java/lang/NullPointerException'> (0x00000000e0870bd8) thrown at [C:\jenkins\workspace\8-2-build-windows-amd64-cygwin\jdk8u261\295\hotspot\src\share\vm\interpreter\linkResolver.cpp, line 1185]
Event: 8.102 Thread 0x000001894dd65800 Exception <a 'java/lang/NullPointerException'> (0x00000000e0880f30) thrown at [C:\jenkins\workspace\8-2-build-windows-amd64-cygwin\jdk8u261\295\hotspot\src\share\vm\interpreter\linkResolver.cpp, line 1185]
Event: 8.102 Thread 0x000001894dd65800 Exception <a 'java/lang/NullPointerException'> (0x00000000e0881148) thrown at [C:\jenkins\workspace\8-2-build-windows-amd64-cygwin\jdk8u261\295\hotspot\src\share\vm\interpreter\linkResolver.cpp, line 1185]
Event: 8.102 Thread 0x000001894dd65800 Exception <a 'java/lang/NullPointerException'> (0x00000000e0881360) thrown at [C:\jenkins\workspace\8-2-build-windows-amd64-cygwin\jdk8u261\295\hotspot\src\share\vm\interpreter\linkResolver.cpp, line 1185]

Events (10 events):
Event: 9.073 loading class org/apache/maven/model/Site
Event: 9.073 loading class org/apache/maven/model/Site done
Event: 9.079 loading class org/apache/maven/model/ActivationFile
Event: 9.079 loading class org/apache/maven/model/ActivationFile done
Event: 9.130 Thread 0x000001894dd65800 Uncommon trap: trap_request=0xffffff65 fr.pc=0x000001894fa57804
Event: 9.130 Thread 0x000001894dd65800 DEOPT PACKING pc=0x000001894fa57804 sp=0x00000069db2fd340
Event: 9.130 Thread 0x000001894dd65800 DEOPT UNPACKING pc=0x000001894f805843 sp=0x00000069db2fd298 mode 2
Event: 9.131 Thread 0x000001894dd65800 Uncommon trap: trap_request=0xffffff65 fr.pc=0x000001894fa34df8
Event: 9.131 Thread 0x000001894dd65800 DEOPT PACKING pc=0x000001894fa34df8 sp=0x00000069db2fd160
Event: 9.131 Thread 0x000001894dd65800 DEOPT UNPACKING pc=0x000001894f805843 sp=0x00000069db2fd0a8 mode 2


Dynamic libraries:
0x00007ff704840000 - 0x00007ff704887000 	C:\Program Files\Java\jdk1.8.0_261\bin\java.exe
0x00007ff8b74c0000 - 0x00007ff8b76a1000 	C:\WINDOWS\SYSTEM32\ntdll.dll
0x00007ff8b6ef0000 - 0x00007ff8b6fa1000 	C:\WINDOWS\System32\KERNEL32.DLL
0x00007ff8b4600000 - 0x00007ff8b4873000 	C:\WINDOWS\System32\KERNELBASE.dll
0x00007ff8b6e40000 - 0x00007ff8b6ee1000 	C:\WINDOWS\System32\ADVAPI32.dll
0x00007ff8b4930000 - 0x00007ff8b49ce000 	C:\WINDOWS\System32\msvcrt.dll
0x00007ff8b71c0000 - 0x00007ff8b721b000 	C:\WINDOWS\System32\sechost.dll
0x00007ff8b6d10000 - 0x00007ff8b6e34000 	C:\WINDOWS\System32\RPCRT4.dll
0x00007ff8b6440000 - 0x00007ff8b65d1000 	C:\WINDOWS\System32\USER32.dll
0x00007ff8b3900000 - 0x00007ff8b3920000 	C:\WINDOWS\System32\win32u.dll
0x00007ff8b7460000 - 0x00007ff8b7488000 	C:\WINDOWS\System32\GDI32.dll
0x00007ff8b4460000 - 0x00007ff8b45f3000 	C:\WINDOWS\System32\gdi32full.dll
0x00007ff8b3860000 - 0x00007ff8b38ff000 	C:\WINDOWS\System32\msvcp_win.dll
0x00007ff8b4360000 - 0x00007ff8b4458000 	C:\WINDOWS\System32\ucrtbase.dll
0x00007ff8a71a0000 - 0x00007ff8a7409000 	C:\WINDOWS\WinSxS\amd64_microsoft.windows.common-controls_6595b64144ccf1df_6.0.17134.1792_none_d40515b57c8b8c01\COMCTL32.dll
0x00007ff8b6110000 - 0x00007ff8b6431000 	C:\WINDOWS\System32\combase.dll
0x00007ff8b3980000 - 0x00007ff8b39f9000 	C:\WINDOWS\System32\bcryptPrimitives.dll
0x00007ff8b72c0000 - 0x00007ff8b72ed000 	C:\WINDOWS\System32\IMM32.DLL
0x00007ff8adcf0000 - 0x00007ff8add05000 	C:\Program Files\Java\jdk1.8.0_261\jre\bin\vcruntime140.dll
0x00007ff895bd0000 - 0x00007ff895c6b000 	C:\Program Files\Java\jdk1.8.0_261\jre\bin\msvcp140.dll
0x0000000060070000 - 0x00000000608dc000 	C:\Program Files\Java\jdk1.8.0_261\jre\bin\server\jvm.dll
0x00007ff8b71b0000 - 0x00007ff8b71b8000 	C:\WINDOWS\System32\PSAPI.DLL
0x00007ff8b2420000 - 0x00007ff8b2429000 	C:\WINDOWS\SYSTEM32\WSOCK32.dll
0x00007ff8b6fb0000 - 0x00007ff8b701c000 	C:\WINDOWS\System32\WS2_32.dll
0x00007ff8b0fd0000 - 0x00007ff8b0ff3000 	C:\WINDOWS\SYSTEM32\WINMM.dll
0x00007ff8adc20000 - 0x00007ff8adc2a000 	C:\WINDOWS\SYSTEM32\VERSION.dll
0x00007ff8b0f80000 - 0x00007ff8b0faa000 	C:\WINDOWS\SYSTEM32\WINMMBASE.dll
0x00007ff8b3a00000 - 0x00007ff8b3a49000 	C:\WINDOWS\System32\cfgmgr32.dll
0x00007ff8b3820000 - 0x00007ff8b3831000 	C:\WINDOWS\System32\kernel.appcore.dll
0x00007ff8af750000 - 0x00007ff8af760000 	C:\Program Files\Java\jdk1.8.0_261\jre\bin\verify.dll
0x00007ff8ad4f0000 - 0x00007ff8ad51b000 	C:\Program Files\Java\jdk1.8.0_261\jre\bin\java.dll
0x00007ff8ad8f0000 - 0x00007ff8ad908000 	C:\Program Files\Java\jdk1.8.0_261\jre\bin\zip.dll
0x00007ff8b4a30000 - 0x00007ff8b5e75000 	C:\WINDOWS\System32\SHELL32.dll
0x00007ff8b7020000 - 0x00007ff8b70c9000 	C:\WINDOWS\System32\shcore.dll
0x00007ff8b3c40000 - 0x00007ff8b4355000 	C:\WINDOWS\System32\windows.storage.dll
0x00007ff8b6ad0000 - 0x00007ff8b6b21000 	C:\WINDOWS\System32\shlwapi.dll
0x00007ff8b3840000 - 0x00007ff8b385f000 	C:\WINDOWS\System32\profapi.dll
0x00007ff8b37c0000 - 0x00007ff8b380c000 	C:\WINDOWS\System32\powrprof.dll
0x00007ff8b3810000 - 0x00007ff8b381a000 	C:\WINDOWS\System32\FLTLIB.DLL
0x00007ff8ad680000 - 0x00007ff8ad69c000 	C:\Program Files\Java\jdk1.8.0_261\jre\bin\net.dll
0x00007ff8b3020000 - 0x00007ff8b3086000 	C:\WINDOWS\system32\mswsock.dll
0x00007ff8ad0a0000 - 0x00007ff8ad0b3000 	C:\Program Files\Java\jdk1.8.0_261\jre\bin\nio.dll
0x00007ff8b21e0000 - 0x00007ff8b23a9000 	C:\WINDOWS\SYSTEM32\dbghelp.dll

VM Arguments:
jvm_args: -Dclassworlds.conf=C:\Program Files\netbeans\java\maven\bin\m2.conf -Dmaven.home=C:\Program Files\netbeans\java\maven -Dmaven.multiModuleProjectDirectory=C:\Users\fox\Documents\NetBeansProjects\demo\DemoGroupB-ear 
java_command: org.codehaus.plexus.classworlds.launcher.Launcher -Dnetbeans.deploy=true -Dmaven.ext.class.path=C:\Program Files\netbeans\java\maven-nblib\netbeans-eventspy.jar -Dfile.encoding=UTF-8 package
java_class_path (initial): C:\Program Files\netbeans\java\maven\boot\plexus-classworlds-2.5.2.jar
Launcher Type: SUN_STANDARD

Environment Variables:
JAVA_HOME=C:\Program Files\Java\jdk1.8.0_261
PATH=C:\Program Files\Common Files\Oracle\Java\javapath;C:\ProgramData\Oracle\Java\javapath;C:\WINDOWS;C:\WINDOWS\System32\Wbem;C:\WINDOWS\System32\WindowsPowerShell\v1.0\;C:\WINDOWS\System32\OpenSSH\;C:\xampp\php;C:\Program Files\Git\cmd;C:\composer;C:\Program Files\Java\jdk1.8.0_261\bin;C:\Windows\System32;C:\Users\fox\AppData\Local\Programs\Python\Python37-32\Scripts\;C:\Users\fox\AppData\Local\Programs\Python\Python37-32\;C:\Users\fox\AppData\Local\Microsoft\WindowsApps;C:\Users\fox\AppData\Roaming\Composer\vendor\bin;C:\Users\fox\AppData\Local\Programs\Microsoft VS Code\bin
USERNAME=fox
OS=Windows_NT
PROCESSOR_IDENTIFIER=Intel64 Family 6 Model 78 Stepping 3, GenuineIntel



---------------  S Y S T E M  ---------------

OS: Windows 10.0 , 64 bit Build 17134 (10.0.17134.1425)

CPU:total 4 (initial active 4) (2 cores per cpu, 2 threads per core) family 6 model 78 stepping 3, cmov, cx8, fxsr, mmx, sse, sse2, sse3, ssse3, sse4.1, sse4.2, popcnt, avx, avx2, aes, clmul, erms, 3dnowpref, lzcnt, ht, tsc, tscinvbit, bmi1, bmi2, adx

Memory: 4k page, physical 6188032k(858044k free), swap 6188032k(4192k free)

vm_info: Java HotSpot(TM) 64-Bit Server VM (25.261-b12) for windows-amd64 JRE (1.8.0_261-b12), built on Jun 18 2020 06:56:32 by "" with unknown MS VC++:1916

time: Fri Oct 30 21:30:29 2020
timezone: Nepal Standard Time
elapsed time: 9 seconds (0d 0h 0m 9s)

