#
# There is insufficient memory for the Java Runtime Environment to continue.
# Native memory allocation (malloc) failed to allocate 2160608 bytes for Chunk::new
# Possible reasons:
#   The system is out of physical RAM or swap space
#   The process is running with CompressedOops enabled, and the Java Heap may be blocking the growth of the native heap
# Possible solutions:
#   Reduce memory load on the system
#   Increase physical memory or swap space
#   Check if swap backing store is full
#   Decrease Java heap size (-Xmx/-Xms)
#   Decrease number of Java threads
#   Decrease Java thread stack sizes (-Xss)
#   Set larger code cache with -XX:ReservedCodeCacheSize=
#   JVM is running with Unscaled Compressed Oops mode in which the Java heap is
#     placed in the first 4GB address space. The Java Heap base address is the
#     maximum limit for the native heap growth. Please use -XX:HeapBaseMinAddress
#     to set the Java Heap base and to place the Java Heap above 4GB virtual address.
# This output file may be truncated or incomplete.
#
#  Out of Memory Error (allocation.cpp:389), pid=7652, tid=0x00000000000023a8
#
# JRE version: Java(TM) SE Runtime Environment (8.0_261-b12) (build 1.8.0_261-b12)
# Java VM: Java HotSpot(TM) 64-Bit Server VM (25.261-b12 mixed mode windows-amd64 compressed oops)
# Failed to write core dump. Minidumps are not enabled by default on client versions of Windows
#

---------------  T H R E A D  ---------------

Current thread (0x0000017958114800):  JavaThread "C2 CompilerThread0" daemon [_thread_in_native, id=9128, stack(0x00000006be800000,0x00000006be900000)]

Stack: [0x00000006be800000,0x00000006be900000]
Native frames: (J=compiled Java code, j=interpreted, Vv=VM code, C=native code)
V  [jvm.dll+0x33e5f9]
V  [jvm.dll+0x2850e2]
V  [jvm.dll+0x285d8d]
V  [jvm.dll+0x27c895]
V  [jvm.dll+0xe4d6c]
V  [jvm.dll+0xe556c]
V  [jvm.dll+0x47ed35]
V  [jvm.dll+0x446ab8]
V  [jvm.dll+0x44f8f5]
V  [jvm.dll+0x44ecb5]
V  [jvm.dll+0x439bc7]
V  [jvm.dll+0xbbbcb]
V  [jvm.dll+0xba22b]
V  [jvm.dll+0x24d962]
V  [jvm.dll+0x2a1cfc]
C  [ucrtbase.dll+0x1e3fe]
C  [KERNEL32.DLL+0x14034]
C  [ntdll.dll+0x73691]


Current CompileTask:
C2:  11055 1508       4       java.net.URLClassLoader$1::run (5 bytes)


---------------  P R O C E S S  ---------------

Java Threads: ( => current thread )
  0x00000179581ac000 JavaThread "Service Thread" daemon [_thread_blocked, id=5540, stack(0x00000006beb00000,0x00000006bec00000)]
  0x0000017958121000 JavaThread "C1 CompilerThread2" daemon [_thread_blocked, id=2788, stack(0x00000006bea00000,0x00000006beb00000)]
  0x0000017958119000 JavaThread "C2 CompilerThread1" daemon [_thread_blocked, id=2208, stack(0x00000006be900000,0x00000006bea00000)]
=>0x0000017958114800 JavaThread "C2 CompilerThread0" daemon [_thread_in_native, id=9128, stack(0x00000006be800000,0x00000006be900000)]
  0x0000017958112800 JavaThread "Attach Listener" daemon [_thread_blocked, id=1496, stack(0x00000006be700000,0x00000006be800000)]
  0x0000017958111800 JavaThread "Signal Dispatcher" daemon [_thread_blocked, id=1808, stack(0x00000006be600000,0x00000006be700000)]
  0x00000179579ce800 JavaThread "Finalizer" daemon [_thread_blocked, id=8536, stack(0x00000006be500000,0x00000006be600000)]
  0x00000179580f6000 JavaThread "Reference Handler" daemon [_thread_blocked, id=12144, stack(0x00000006be400000,0x00000006be500000)]
  0x0000017942cb6000 JavaThread "main" [_thread_in_vm, id=8692, stack(0x00000006bde00000,0x00000006bdf00000)]

Other Threads:
  0x00000179580d2800 VMThread [stack: 0x00000006be300000,0x00000006be400000] [id=12696]
  0x00000179581bf800 WatcherThread [stack: 0x00000006bec00000,0x00000006bed00000] [id=7676]

VM state:not at safepoint (normal execution)

VM Mutex/Monitor currently owned by a thread: None

heap address: 0x00000000a1800000, size: 1512 MB, Compressed Oops mode: 32-bit
Narrow klass base: 0x0000000000000000, Narrow klass shift: 3
Compressed class space size: 1073741824 Address: 0x0000000100000000

Heap:
 PSYoungGen      total 38912K, used 6454K [0x00000000e0800000, 0x00000000e4000000, 0x0000000100000000)
  eden space 34816K, 8% used [0x00000000e0800000,0x00000000e0ac3000,0x00000000e2a00000)
  from space 4096K, 88% used [0x00000000e3c00000,0x00000000e3f8a818,0x00000000e4000000)
  to   space 4096K, 0% used [0x00000000e3800000,0x00000000e3800000,0x00000000e3c00000)
 ParOldGen       total 44544K, used 4727K [0x00000000a1800000, 0x00000000a4380000, 0x00000000e0800000)
  object space 44544K, 10% used [0x00000000a1800000,0x00000000a1c9dd58,0x00000000a4380000)
 Metaspace       used 16790K, capacity 17118K, committed 17280K, reserved 1067008K
  class space    used 2053K, capacity 2173K, committed 2176K, reserved 1048576K

Card table byte_map: [0x0000017953970000,0x0000017953c70000] byte_map_base: 0x0000017953464000

Marking Bits: (ParMarkBitMap*) 0x00000000630d4fb0
 Begin Bits: [0x0000017953e70000, 0x0000017955610000)
 End Bits:   [0x0000017955610000, 0x0000017956db0000)

Polling page: 0x0000017942f60000

CodeCache: size=245760Kb used=6375Kb max_used=6380Kb free=239384Kb
 bounds [0x00000179445b0000, 0x0000017944c00000, 0x00000179535b0000]
 total_blobs=2213 nmethods=1844 adapters=281
 compilation: enabled

Compilation events (10 events):
Event: 10.622 Thread 0x0000017958119000 1849       4       java.util.regex.Pattern$BmpCharProperty::match (50 bytes)
Event: 10.627 Thread 0x0000017958121000 1855       3       sun.nio.cs.SingleByte$Encoder::encode (114 bytes)
Event: 10.630 Thread 0x0000017958121000 nmethod 1855 0x0000017944be6c50 code [0x0000017944be6e20, 0x0000017944be7698]
Event: 10.634 Thread 0x0000017958119000 nmethod 1849 0x0000017944bef850 code [0x0000017944bef9c0, 0x0000017944befcf8]
Event: 10.634 Thread 0x0000017958119000 1854       4       sun.security.provider.SHA::implCompress (491 bytes)
Event: 10.682 Thread 0x0000017958119000 nmethod 1854 0x0000017944bf0110 code [0x0000017944bf0260, 0x0000017944bf0ba8]
Event: 10.683 Thread 0x0000017958119000 1825       4       java.lang.Math::min (11 bytes)
Event: 10.683 Thread 0x0000017958119000 nmethod 1825 0x0000017944bcf1d0 code [0x0000017944bcf300, 0x0000017944bcf358]
Event: 10.683 Thread 0x0000017958119000 1846       4       java.lang.Character::isWhitespace (5 bytes)
Event: 10.686 Thread 0x0000017958119000 nmethod 1846 0x0000017944be6990 code [0x0000017944be6ac0, 0x0000017944be6b58]

GC Heap History (10 events):
Event: 3.669 GC heap before
{Heap before GC invocations=1 (full 0):
 PSYoungGen      total 28672K, used 24576K [0x00000000e0800000, 0x00000000e2800000, 0x0000000100000000)
  eden space 24576K, 100% used [0x00000000e0800000,0x00000000e2000000,0x00000000e2000000)
  from space 4096K, 0% used [0x00000000e2400000,0x00000000e2400000,0x00000000e2800000)
  to   space 4096K, 0% used [0x00000000e2000000,0x00000000e2000000,0x00000000e2400000)
 ParOldGen       total 65536K, used 0K [0x00000000a1800000, 0x00000000a5800000, 0x00000000e0800000)
  object space 65536K, 0% used [0x00000000a1800000,0x00000000a1800000,0x00000000a5800000)
 Metaspace       used 7615K, capacity 7772K, committed 7936K, reserved 1056768K
  class space    used 941K, capacity 1016K, committed 1024K, reserved 1048576K
Event: 3.691 GC heap after
Heap after GC invocations=1 (full 0):
 PSYoungGen      total 28672K, used 4074K [0x00000000e0800000, 0x00000000e2800000, 0x0000000100000000)
  eden space 24576K, 0% used [0x00000000e0800000,0x00000000e0800000,0x00000000e2000000)
  from space 4096K, 99% used [0x00000000e2000000,0x00000000e23fa9b8,0x00000000e2400000)
  to   space 4096K, 0% used [0x00000000e2400000,0x00000000e2400000,0x00000000e2800000)
 ParOldGen       total 65536K, used 288K [0x00000000a1800000, 0x00000000a5800000, 0x00000000e0800000)
  object space 65536K, 0% used [0x00000000a1800000,0x00000000a18481e0,0x00000000a5800000)
 Metaspace       used 7615K, capacity 7772K, committed 7936K, reserved 1056768K
  class space    used 941K, capacity 1016K, committed 1024K, reserved 1048576K
}
Event: 5.486 GC heap before
{Heap before GC invocations=2 (full 0):
 PSYoungGen      total 28672K, used 28650K [0x00000000e0800000, 0x00000000e2800000, 0x0000000100000000)
  eden space 24576K, 100% used [0x00000000e0800000,0x00000000e2000000,0x00000000e2000000)
  from space 4096K, 99% used [0x00000000e2000000,0x00000000e23fa9b8,0x00000000e2400000)
  to   space 4096K, 0% used [0x00000000e2400000,0x00000000e2400000,0x00000000e2800000)
 ParOldGen       total 65536K, used 288K [0x00000000a1800000, 0x00000000a5800000, 0x00000000e0800000)
  object space 65536K, 0% used [0x00000000a1800000,0x00000000a18481e0,0x00000000a5800000)
 Metaspace       used 10122K, capacity 10302K, committed 10368K, reserved 1058816K
  class space    used 1263K, capacity 1347K, committed 1408K, reserved 1048576K
Event: 5.523 GC heap after
Heap after GC invocations=2 (full 0):
 PSYoungGen      total 28672K, used 4093K [0x00000000e0800000, 0x00000000e4000000, 0x0000000100000000)
  eden space 24576K, 0% used [0x00000000e0800000,0x00000000e0800000,0x00000000e2000000)
  from space 4096K, 99% used [0x00000000e2400000,0x00000000e27ff5b0,0x00000000e2800000)
  to   space 4096K, 0% used [0x00000000e2000000,0x00000000e2000000,0x00000000e2400000)
 ParOldGen       total 65536K, used 1331K [0x00000000a1800000, 0x00000000a5800000, 0x00000000e0800000)
  object space 65536K, 2% used [0x00000000a1800000,0x00000000a194ce28,0x00000000a5800000)
 Metaspace       used 10122K, capacity 10302K, committed 10368K, reserved 1058816K
  class space    used 1263K, capacity 1347K, committed 1408K, reserved 1048576K
}
Event: 6.970 GC heap before
{Heap before GC invocations=3 (full 0):
 PSYoungGen      total 28672K, used 18332K [0x00000000e0800000, 0x00000000e4000000, 0x0000000100000000)
  eden space 24576K, 57% used [0x00000000e0800000,0x00000000e15e7aa8,0x00000000e2000000)
  from space 4096K, 99% used [0x00000000e2400000,0x00000000e27ff5b0,0x00000000e2800000)
  to   space 4096K, 0% used [0x00000000e2000000,0x00000000e2000000,0x00000000e2400000)
 ParOldGen       total 65536K, used 1331K [0x00000000a1800000, 0x00000000a5800000, 0x00000000e0800000)
  object space 65536K, 2% used [0x00000000a1800000,0x00000000a194ce28,0x00000000a5800000)
 Metaspace       used 11852K, capacity 11964K, committed 12160K, reserved 1064960K
  class space    used 1503K, capacity 1575K, committed 1664K, reserved 1048576K
Event: 6.991 GC heap after
Heap after GC invocations=3 (full 0):
 PSYoungGen      total 28672K, used 4090K [0x00000000e0800000, 0x00000000e4000000, 0x0000000100000000)
  eden space 24576K, 0% used [0x00000000e0800000,0x00000000e0800000,0x00000000e2000000)
  from space 4096K, 99% used [0x00000000e2000000,0x00000000e23feb80,0x00000000e2400000)
  to   space 4096K, 0% used [0x00000000e3c00000,0x00000000e3c00000,0x00000000e4000000)
 ParOldGen       total 65536K, used 2099K [0x00000000a1800000, 0x00000000a5800000, 0x00000000e0800000)
  object space 65536K, 3% used [0x00000000a1800000,0x00000000a1a0cfd0,0x00000000a5800000)
 Metaspace       used 11852K, capacity 11964K, committed 12160K, reserved 1064960K
  class space    used 1503K, capacity 1575K, committed 1664K, reserved 1048576K
}
Event: 6.991 GC heap before
{Heap before GC invocations=4 (full 1):
 PSYoungGen      total 28672K, used 4090K [0x00000000e0800000, 0x00000000e4000000, 0x0000000100000000)
  eden space 24576K, 0% used [0x00000000e0800000,0x00000000e0800000,0x00000000e2000000)
  from space 4096K, 99% used [0x00000000e2000000,0x00000000e23feb80,0x00000000e2400000)
  to   space 4096K, 0% used [0x00000000e3c00000,0x00000000e3c00000,0x00000000e4000000)
 ParOldGen       total 65536K, used 2099K [0x00000000a1800000, 0x00000000a5800000, 0x00000000e0800000)
  object space 65536K, 3% used [0x00000000a1800000,0x00000000a1a0cfd0,0x00000000a5800000)
 Metaspace       used 11852K, capacity 11964K, committed 12160K, reserved 1064960K
  class space    used 1503K, capacity 1575K, committed 1664K, reserved 1048576K
Event: 7.109 GC heap after
Heap after GC invocations=4 (full 1):
 PSYoungGen      total 28672K, used 0K [0x00000000e0800000, 0x00000000e4000000, 0x0000000100000000)
  eden space 24576K, 0% used [0x00000000e0800000,0x00000000e0800000,0x00000000e2000000)
  from space 4096K, 0% used [0x00000000e2000000,0x00000000e2000000,0x00000000e2400000)
  to   space 4096K, 0% used [0x00000000e3c00000,0x00000000e3c00000,0x00000000e4000000)
 ParOldGen       total 44544K, used 4719K [0x00000000a1800000, 0x00000000a4380000, 0x00000000e0800000)
  object space 44544K, 10% used [0x00000000a1800000,0x00000000a1c9bd58,0x00000000a4380000)
 Metaspace       used 11852K, capacity 11964K, committed 12160K, reserved 1062912K
  class space    used 1503K, capacity 1575K, committed 1664K, reserved 1048576K
}
Event: 10.348 GC heap before
{Heap before GC invocations=5 (full 1):
 PSYoungGen      total 28672K, used 24576K [0x00000000e0800000, 0x00000000e4000000, 0x0000000100000000)
  eden space 24576K, 100% used [0x00000000e0800000,0x00000000e2000000,0x00000000e2000000)
  from space 4096K, 0% used [0x00000000e2000000,0x00000000e2000000,0x00000000e2400000)
  to   space 4096K, 0% used [0x00000000e3c00000,0x00000000e3c00000,0x00000000e4000000)
 ParOldGen       total 44544K, used 4719K [0x00000000a1800000, 0x00000000a4380000, 0x00000000e0800000)
  object space 44544K, 10% used [0x00000000a1800000,0x00000000a1c9bd58,0x00000000a4380000)
 Metaspace       used 16088K, capacity 16390K, committed 16768K, reserved 1064960K
  class space    used 1980K, capacity 2102K, committed 2176K, reserved 1048576K
Event: 10.371 GC heap after
Heap after GC invocations=5 (full 1):
 PSYoungGen      total 38912K, used 3626K [0x00000000e0800000, 0x00000000e4000000, 0x0000000100000000)
  eden space 34816K, 0% used [0x00000000e0800000,0x00000000e0800000,0x00000000e2a00000)
  from space 4096K, 88% used [0x00000000e3c00000,0x00000000e3f8a818,0x00000000e4000000)
  to   space 4096K, 0% used [0x00000000e3800000,0x00000000e3800000,0x00000000e3c00000)
 ParOldGen       total 44544K, used 4727K [0x00000000a1800000, 0x00000000a4380000, 0x00000000e0800000)
  object space 44544K, 10% used [0x00000000a1800000,0x00000000a1c9dd58,0x00000000a4380000)
 Metaspace       used 16088K, capacity 16390K, committed 16768K, reserved 1064960K
  class space    used 1980K, capacity 2102K, committed 2176K, reserved 1048576K
}

Deoptimization events (10 events):
Event: 9.515 Thread 0x0000017942cb6000 Uncommon trap: reason=unstable_if action=reinterpret pc=0x00000179448139c4 method=sun.nio.cs.UTF_8$Decoder.decode([BII[C)I @ 30
Event: 9.518 Thread 0x0000017942cb6000 Uncommon trap: reason=unstable_if action=reinterpret pc=0x0000017944847bf8 method=sun.nio.cs.UTF_8$Decoder.decodeArrayLoop(Ljava/nio/ByteBuffer;Ljava/nio/CharBuffer;)Ljava/nio/charset/CoderResult; @ 84
Event: 9.735 Thread 0x0000017942cb6000 Uncommon trap: reason=unstable_if action=reinterpret pc=0x0000017944b3b390 method=org.codehaus.plexus.util.xml.pull.MXParser.nextImpl()I @ 1161
Event: 9.806 Thread 0x0000017942cb6000 Uncommon trap: reason=unstable_if action=reinterpret pc=0x0000017944860a60 method=java.util.HashMap.hash(Ljava/lang/Object;)I @ 1
Event: 9.806 Thread 0x0000017942cb6000 Uncommon trap: reason=unstable_if action=reinterpret pc=0x00000179449328e8 method=java.util.HashMap.hash(Ljava/lang/Object;)I @ 1
Event: 10.219 Thread 0x0000017942cb6000 Uncommon trap: reason=unstable_if action=reinterpret pc=0x000001794478d82c method=sun.misc.MetaIndex.mayContain(Ljava/lang/String;)Z @ 38
Event: 10.220 Thread 0x0000017942cb6000 Uncommon trap: reason=unstable_if action=reinterpret pc=0x0000017944af95d4 method=java.util.jar.JarFile.maybeInstantiateVerifier()V @ 75
Event: 10.305 Thread 0x0000017942cb6000 Uncommon trap: reason=unstable_if action=reinterpret pc=0x00000179448dc8bc method=java.lang.CharacterDataLatin1.isWhitespace(I)Z @ 14
Event: 10.496 Thread 0x0000017942cb6000 Uncommon trap: reason=unstable_if action=reinterpret pc=0x0000017944bb5964 method=java.util.jar.Manifest$FastInputStream.readLine([BII)I @ 87
Event: 10.507 Thread 0x0000017942cb6000 Uncommon trap: reason=unstable_if action=reinterpret pc=0x0000017944b058c0 method=java.util.LinkedHashMap.get(Ljava/lang/Object;)Ljava/lang/Object; @ 20

Classes redefined (0 events):
No events

Internal exceptions (10 events):
Event: 10.074 Thread 0x0000017942cb6000 Exception <a 'java/lang/NullPointerException'> (0x00000000e1d83f40) thrown at [C:\jenkins\workspace\8-2-build-windows-amd64-cygwin\jdk8u261\295\hotspot\src\share\vm\interpreter\linkResolver.cpp, line 1185]
Event: 10.074 Thread 0x0000017942cb6000 Exception <a 'java/lang/NullPointerException'> (0x00000000e1d84340) thrown at [C:\jenkins\workspace\8-2-build-windows-amd64-cygwin\jdk8u261\295\hotspot\src\share\vm\interpreter\linkResolver.cpp, line 1185]
Event: 10.074 Thread 0x0000017942cb6000 Exception <a 'java/lang/NullPointerException'> (0x00000000e1d84740) thrown at [C:\jenkins\workspace\8-2-build-windows-amd64-cygwin\jdk8u261\295\hotspot\src\share\vm\interpreter\linkResolver.cpp, line 1185]
Event: 10.089 Thread 0x0000017942cb6000 Exception <a 'java/lang/NullPointerException'> (0x00000000e1dc7bd8) thrown at [C:\jenkins\workspace\8-2-build-windows-amd64-cygwin\jdk8u261\295\hotspot\src\share\vm\interpreter\linkResolver.cpp, line 1185]
Event: 10.089 Thread 0x0000017942cb6000 Exception <a 'java/lang/NullPointerException'> (0x00000000e1dc7fd8) thrown at [C:\jenkins\workspace\8-2-build-windows-amd64-cygwin\jdk8u261\295\hotspot\src\share\vm\interpreter\linkResolver.cpp, line 1185]
Event: 10.089 Thread 0x0000017942cb6000 Exception <a 'java/lang/NullPointerException'> (0x00000000e1dc83d8) thrown at [C:\jenkins\workspace\8-2-build-windows-amd64-cygwin\jdk8u261\295\hotspot\src\share\vm\interpreter\linkResolver.cpp, line 1185]
Event: 10.111 Thread 0x0000017942cb6000 Exception <a 'java/lang/NullPointerException'> (0x00000000e1df37a8) thrown at [C:\jenkins\workspace\8-2-build-windows-amd64-cygwin\jdk8u261\295\hotspot\src\share\vm\interpreter\linkResolver.cpp, line 1185]
Event: 10.111 Thread 0x0000017942cb6000 Exception <a 'java/lang/NullPointerException'> (0x00000000e1df3ba8) thrown at [C:\jenkins\workspace\8-2-build-windows-amd64-cygwin\jdk8u261\295\hotspot\src\share\vm\interpreter\linkResolver.cpp, line 1185]
Event: 10.111 Thread 0x0000017942cb6000 Exception <a 'java/lang/NullPointerException'> (0x00000000e1df3fa8) thrown at [C:\jenkins\workspace\8-2-build-windows-amd64-cygwin\jdk8u261\295\hotspot\src\share\vm\interpreter\linkResolver.cpp, line 1185]
Event: 10.203 Thread 0x0000017942cb6000 Exception <a 'java/lang/NoClassDefFoundError': org/apache/log4j/Category> (0x00000000e1f54080) thrown at [C:\jenkins\workspace\8-2-build-windows-amd64-cygwin\jdk8u261\295\hotspot\src\share\vm\classfile\systemDictionary.cpp, line 199]

Events (10 events):
Event: 10.625 Thread 0x0000017942cb6000 DEOPT PACKING pc=0x0000017944bc2ffe sp=0x00000006bdef5590
Event: 10.625 Thread 0x0000017942cb6000 DEOPT UNPACKING pc=0x00000179445f7898 sp=0x00000006bdef52a8 mode 0
Event: 10.628 loading class java/net/NetworkInterface
Event: 10.628 loading class java/net/NetworkInterface done
Event: 10.628 loading class java/net/NetworkInterface$1
Event: 10.629 loading class java/net/NetworkInterface$1 done
Event: 10.629 loading class java/net/InterfaceAddress
Event: 10.630 loading class java/net/InterfaceAddress done
Event: 10.630 loading class java/net/DefaultInterface
Event: 10.630 loading class java/net/DefaultInterface done


Dynamic libraries:
0x00007ff73bd70000 - 0x00007ff73bdb7000 	C:\Program Files\Java\jdk1.8.0_261\bin\java.exe
0x00007ffacfa00000 - 0x00007ffacfbe1000 	C:\WINDOWS\SYSTEM32\ntdll.dll
0x00007fface2c0000 - 0x00007fface371000 	C:\WINDOWS\System32\KERNEL32.DLL
0x00007ffaccad0000 - 0x00007ffaccd43000 	C:\WINDOWS\System32\KERNELBASE.dll
0x00007ffacf2a0000 - 0x00007ffacf341000 	C:\WINDOWS\System32\ADVAPI32.dll
0x00007ffaceb80000 - 0x00007ffacec1e000 	C:\WINDOWS\System32\msvcrt.dll
0x00007ffacf970000 - 0x00007ffacf9cb000 	C:\WINDOWS\System32\sechost.dll
0x00007ffacf7b0000 - 0x00007ffacf8d4000 	C:\WINDOWS\System32\RPCRT4.dll
0x00007ffacf5a0000 - 0x00007ffacf731000 	C:\WINDOWS\System32\USER32.dll
0x00007ffaccd50000 - 0x00007ffaccd70000 	C:\WINDOWS\System32\win32u.dll
0x00007ffacf250000 - 0x00007ffacf278000 	C:\WINDOWS\System32\GDI32.dll
0x00007ffacbeb0000 - 0x00007ffacc043000 	C:\WINDOWS\System32\gdi32full.dll
0x00007ffacc840000 - 0x00007ffacc8df000 	C:\WINDOWS\System32\msvcp_win.dll
0x00007ffaccd70000 - 0x00007ffacce68000 	C:\WINDOWS\System32\ucrtbase.dll
0x00007ffabbd30000 - 0x00007ffabbf99000 	C:\WINDOWS\WinSxS\amd64_microsoft.windows.common-controls_6595b64144ccf1df_6.0.17134.1726_none_d3fdb88f7c924124\COMCTL32.dll
0x00007fface6d0000 - 0x00007fface9f1000 	C:\WINDOWS\System32\combase.dll
0x00007ffacc7c0000 - 0x00007ffacc839000 	C:\WINDOWS\System32\bcryptPrimitives.dll
0x00007ffacf8e0000 - 0x00007ffacf90d000 	C:\WINDOWS\System32\IMM32.DLL
0x00007ffac7720000 - 0x00007ffac7735000 	C:\Program Files\Java\jdk1.8.0_261\jre\bin\vcruntime140.dll
0x00007ffabb360000 - 0x00007ffabb3fb000 	C:\Program Files\Java\jdk1.8.0_261\jre\bin\msvcp140.dll
0x00000000628e0000 - 0x000000006314c000 	C:\Program Files\Java\jdk1.8.0_261\jre\bin\server\jvm.dll
0x00007ffacf740000 - 0x00007ffacf748000 	C:\WINDOWS\System32\PSAPI.DLL
0x00007ffac2a00000 - 0x00007ffac2a0a000 	C:\WINDOWS\SYSTEM32\VERSION.dll
0x00007ffaca8b0000 - 0x00007ffaca8b9000 	C:\WINDOWS\SYSTEM32\WSOCK32.dll
0x00007ffac8120000 - 0x00007ffac8143000 	C:\WINDOWS\SYSTEM32\WINMM.dll
0x00007ffaced80000 - 0x00007ffacedec000 	C:\WINDOWS\System32\WS2_32.dll
0x00007ffac7fb0000 - 0x00007ffac7fda000 	C:\WINDOWS\SYSTEM32\winmmbase.dll
0x00007ffacc050000 - 0x00007ffacc099000 	C:\WINDOWS\System32\cfgmgr32.dll
0x00007ffacbd80000 - 0x00007ffacbd91000 	C:\WINDOWS\System32\kernel.appcore.dll
0x00007ffac63d0000 - 0x00007ffac63e0000 	C:\Program Files\Java\jdk1.8.0_261\jre\bin\verify.dll
0x00007ffac2ad0000 - 0x00007ffac2afb000 	C:\Program Files\Java\jdk1.8.0_261\jre\bin\java.dll
0x00007ffac63a0000 - 0x00007ffac63b8000 	C:\Program Files\Java\jdk1.8.0_261\jre\bin\zip.dll
0x00007ffacce70000 - 0x00007fface2b5000 	C:\WINDOWS\System32\SHELL32.dll
0x00007fface620000 - 0x00007fface6c9000 	C:\WINDOWS\System32\shcore.dll
0x00007ffacc0a0000 - 0x00007ffacc7b5000 	C:\WINDOWS\System32\windows.storage.dll
0x00007fface380000 - 0x00007fface3d1000 	C:\WINDOWS\System32\shlwapi.dll
0x00007ffacbce0000 - 0x00007ffacbcff000 	C:\WINDOWS\System32\profapi.dll
0x00007ffacbd10000 - 0x00007ffacbd5c000 	C:\WINDOWS\System32\powrprof.dll
0x00007ffacbd00000 - 0x00007ffacbd0a000 	C:\WINDOWS\System32\FLTLIB.DLL
0x00007ffac2d80000 - 0x00007ffac2d9c000 	C:\Program Files\Java\jdk1.8.0_261\jre\bin\net.dll
0x00007ffacb560000 - 0x00007ffacb5c6000 	C:\WINDOWS\system32\mswsock.dll
0x00007ffac2a80000 - 0x00007ffac2a93000 	C:\Program Files\Java\jdk1.8.0_261\jre\bin\nio.dll
0x00007ffabe550000 - 0x00007ffabe574000 	C:\Program Files\Java\jdk1.8.0_261\jre\bin\sunec.dll
0x00007ffacb2b0000 - 0x00007ffacb2e8000 	C:\WINDOWS\SYSTEM32\IPHLPAPI.DLL
0x00007ffaceb70000 - 0x00007ffaceb78000 	C:\WINDOWS\System32\NSI.dll
0x00007ffac8010000 - 0x00007ffac8026000 	C:\WINDOWS\SYSTEM32\dhcpcsvc6.DLL
0x00007ffac7ff0000 - 0x00007ffac800a000 	C:\WINDOWS\SYSTEM32\dhcpcsvc.DLL
0x00007ffaca6c0000 - 0x00007ffaca889000 	C:\WINDOWS\SYSTEM32\dbghelp.dll

VM Arguments:
jvm_args: -Dclassworlds.conf=C:\Program Files\netbeans\java\maven\bin\m2.conf -Dmaven.home=C:\Program Files\netbeans\java\maven -Dmaven.multiModuleProjectDirectory=C:\Users\fox\Documents\NetBeansProjects\demo\DemoGroupB-ear 
java_command: org.codehaus.plexus.classworlds.launcher.Launcher -Dnetbeans.deploy=true -Dmaven.ext.class.path=C:\Program Files\netbeans\java\maven-nblib\netbeans-eventspy.jar -Dfile.encoding=UTF-8 package
java_class_path (initial): C:\Program Files\netbeans\java\maven\boot\plexus-classworlds-2.5.2.jar
Launcher Type: SUN_STANDARD

Environment Variables:
JAVA_HOME=C:\Program Files\Java\jdk1.8.0_261
PATH=C:\Program Files\Common Files\Oracle\Java\javapath;C:\ProgramData\Oracle\Java\javapath;C:\WINDOWS;C:\WINDOWS\System32\Wbem;C:\WINDOWS\System32\WindowsPowerShell\v1.0\;C:\WINDOWS\System32\OpenSSH\;C:\xampp\php;C:\Program Files\Git\cmd;C:\composer;C:\Program Files\Java\jdk1.8.0_261\bin;C:\Windows\System32;C:\Users\fox\AppData\Local\Programs\Python\Python37-32\Scripts\;C:\Users\fox\AppData\Local\Programs\Python\Python37-32\;C:\Users\fox\AppData\Local\Microsoft\WindowsApps;C:\Users\fox\AppData\Roaming\Composer\vendor\bin;C:\Users\fox\AppData\Local\Programs\Microsoft VS Code\bin
USERNAME=fox
OS=Windows_NT
PROCESSOR_IDENTIFIER=Intel64 Family 6 Model 78 Stepping 3, GenuineIntel



---------------  S Y S T E M  ---------------

OS: Windows 10.0 , 64 bit Build 17134 (10.0.17134.1425)

CPU:total 4 (initial active 4) (2 cores per cpu, 2 threads per core) family 6 model 78 stepping 3, cmov, cx8, fxsr, mmx, sse, sse2, sse3, ssse3, sse4.1, sse4.2, popcnt, avx, avx2, aes, clmul, erms, 3dnowpref, lzcnt, ht, tsc, tscinvbit, bmi1, bmi2, adx

Memory: 4k page, physical 6188032k(607148k free), swap 6188032k(7004k free)

vm_info: Java HotSpot(TM) 64-Bit Server VM (25.261-b12) for windows-amd64 JRE (1.8.0_261-b12), built on Jun 18 2020 06:56:32 by "" with unknown MS VC++:1916

time: Mon Oct 12 14:14:08 2020
timezone: Nepal Standard Time
elapsed time: 11 seconds (0d 0h 0m 11s)

