#
# There is insufficient memory for the Java Runtime Environment to continue.
# Native memory allocation (malloc) failed to allocate 2156240 bytes for Chunk::new
# Possible reasons:
#   The system is out of physical RAM or swap space
#   The process is running with CompressedOops enabled, and the Java Heap may be blocking the growth of the native heap
# Possible solutions:
#   Reduce memory load on the system
#   Increase physical memory or swap space
#   Check if swap backing store is full
#   Decrease Java heap size (-Xmx/-Xms)
#   Decrease number of Java threads
#   Decrease Java thread stack sizes (-Xss)
#   Set larger code cache with -XX:ReservedCodeCacheSize=
#   JVM is running with Unscaled Compressed Oops mode in which the Java heap is
#     placed in the first 4GB address space. The Java Heap base address is the
#     maximum limit for the native heap growth. Please use -XX:HeapBaseMinAddress
#     to set the Java Heap base and to place the Java Heap above 4GB virtual address.
# This output file may be truncated or incomplete.
#
#  Out of Memory Error (allocation.cpp:389), pid=13492, tid=0x0000000000000ee4
#
# JRE version: Java(TM) SE Runtime Environment (8.0_261-b12) (build 1.8.0_261-b12)
# Java VM: Java HotSpot(TM) 64-Bit Server VM (25.261-b12 mixed mode windows-amd64 compressed oops)
# Failed to write core dump. Minidumps are not enabled by default on client versions of Windows
#

---------------  T H R E A D  ---------------

Current thread (0x0000020e04283000):  JavaThread "C2 CompilerThread0" daemon [_thread_in_native, id=3812, stack(0x0000001d74d00000,0x0000001d74e00000)]

Stack: [0x0000001d74d00000,0x0000001d74e00000]
Native frames: (J=compiled Java code, j=interpreted, Vv=VM code, C=native code)
V  [RPCRT4.dll+0x33e5f9]
V  [jvm.dll+0x2850e2]
V  [jvm.dll+0x285d8d]
V  [jvm.dll+0x27c895]
V  [jvm.dll+0xe4d6c]
V  [jvm.dll+0xe556c]
V  [jvm.dll+0x47ed35]
V  [jvm.dll+0x446ab8]
V  [jvm.dll+0x44f8f5]
V  [jvm.dll+0x44ecb5]
V  [jvm.dll+0x439bc7]
V  [jvm.dll+0xbbbcb]
V  [jvm.dll+0xba22b]
V  [jvm.dll+0x24d962]
V  [jvm.dll+0x2a1cfc]
C  [ucrtbase.dll+0x1e3fe]
C  [KERNEL32.DLL+0x14034]
C  [ntdll.dll+0x73691]


Current CompileTask:
C2:   6557 1507       4       java.net.URLClassLoader$1::run (5 bytes)


---------------  P R O C E S S  ---------------

Java Threads: ( => current thread )
  0x0000020e04324000 JavaThread "Service Thread" daemon [_thread_blocked, id=11160, stack(0x0000001d75000000,0x0000001d75100000)]
  0x0000020e0429b000 JavaThread "C1 CompilerThread2" daemon [_thread_blocked, id=13252, stack(0x0000001d74f00000,0x0000001d75000000)]
  0x0000020e04287000 JavaThread "C2 CompilerThread1" daemon [_thread_in_native, id=13880, stack(0x0000001d74e00000,0x0000001d74f00000)]
=>0x0000020e04283000 JavaThread "C2 CompilerThread0" daemon [_thread_in_native, id=3812, stack(0x0000001d74d00000,0x0000001d74e00000)]
  0x0000020e04282000 JavaThread "Attach Listener" daemon [_thread_blocked, id=13660, stack(0x0000001d74c00000,0x0000001d74d00000)]
  0x0000020e04280800 JavaThread "Signal Dispatcher" daemon [_thread_blocked, id=5648, stack(0x0000001d74b00000,0x0000001d74c00000)]
  0x0000020e03b3c000 JavaThread "Finalizer" daemon [_thread_blocked, id=10600, stack(0x0000001d74a00000,0x0000001d74b00000)]
  0x0000020e03b33800 JavaThread "Reference Handler" daemon [_thread_blocked, id=10984, stack(0x0000001d74900000,0x0000001d74a00000)]
  0x0000020e6edd4000 JavaThread "main" [_thread_in_Java, id=13496, stack(0x0000001d74300000,0x0000001d74400000)]

Other Threads:
  0x0000020e04241800 VMThread [stack: 0x0000001d74800000,0x0000001d74900000] [id=13380]
  0x0000020e04330000 WatcherThread [stack: 0x0000001d75100000,0x0000001d75200000] [id=11848]

VM state:not at safepoint (normal execution)

VM Mutex/Monitor currently owned by a thread: None

heap address: 0x00000000a1800000, size: 1512 MB, Compressed Oops mode: 32-bit
Narrow klass base: 0x0000000000000000, Narrow klass shift: 3
Compressed class space size: 1073741824 Address: 0x0000000100000000

Heap:
 PSYoungGen      total 53248K, used 7994K [0x00000000e0800000, 0x00000000e4000000, 0x0000000100000000)
  eden space 49152K, 7% used [0x00000000e0800000,0x00000000e0bd2b38,0x00000000e3800000)
  from space 4096K, 99% used [0x00000000e3c00000,0x00000000e3ffc010,0x00000000e4000000)
  to   space 4096K, 0% used [0x00000000e3800000,0x00000000e3800000,0x00000000e3c00000)
 ParOldGen       total 65536K, used 5850K [0x00000000a1800000, 0x00000000a5800000, 0x00000000e0800000)
  object space 65536K, 8% used [0x00000000a1800000,0x00000000a1db6870,0x00000000a5800000)
 Metaspace       used 15005K, capacity 15288K, committed 15616K, reserved 1062912K
  class space    used 1842K, capacity 1945K, committed 2048K, reserved 1048576K

Card table byte_map: [0x0000020e7fad0000,0x0000020e7fdd0000] byte_map_base: 0x0000020e7f5c4000

Marking Bits: (ParMarkBitMap*) 0x0000000071bb4fb0
 Begin Bits: [0x0000020e00000000, 0x0000020e017a0000)
 End Bits:   [0x0000020e017a0000, 0x0000020e02f40000)

Polling page: 0x0000020e6ed40000

CodeCache: size=245760Kb used=6299Kb max_used=6299Kb free=239460Kb
 bounds [0x0000020e70710000, 0x0000020e70d40000, 0x0000020e7f710000]
 total_blobs=2286 nmethods=1944 adapters=254
 compilation: enabled

Compilation events (10 events):
Event: 6.362 Thread 0x0000020e0429b000 1935       1       java.util.Hashtable::access$400 (5 bytes)
Event: 6.363 Thread 0x0000020e0429b000 nmethod 1935 0x0000020e70d2b650 code [0x0000020e70d2b7a0, 0x0000020e70d2b898]
Event: 6.366 Thread 0x0000020e0429b000 1936       2       org.codehaus.plexus.interpolation.reflection.MethodMap::get (14 bytes)
Event: 6.367 Thread 0x0000020e0429b000 nmethod 1936 0x0000020e70d2b910 code [0x0000020e70d2ba80, 0x0000020e70d2bc50]
Event: 6.367 Thread 0x0000020e0429b000 1937       2       org.codehaus.plexus.interpolation.reflection.ClassMap::getPublicMethod (29 bytes)
Event: 6.368 Thread 0x0000020e0429b000 nmethod 1937 0x0000020e70d2bd10 code [0x0000020e70d2bea0, 0x0000020e70d2c0b0]
Event: 6.369 Thread 0x0000020e0429b000 1938       2       org.codehaus.plexus.interpolation.reflection.MethodMap::add (44 bytes)
Event: 6.370 Thread 0x0000020e0429b000 nmethod 1938 0x0000020e70d2c210 code [0x0000020e70d2c3a0, 0x0000020e70d2c690]
Event: 6.372 Thread 0x0000020e0429b000 1939       2       java.lang.String::regionMatches (149 bytes)
Event: 6.374 Thread 0x0000020e0429b000 nmethod 1939 0x0000020e70d2c810 code [0x0000020e70d2ca00, 0x0000020e70d2cf40]

GC Heap History (8 events):
Event: 2.034 GC heap before
{Heap before GC invocations=1 (full 0):
 PSYoungGen      total 28672K, used 24576K [0x00000000e0800000, 0x00000000e2800000, 0x0000000100000000)
  eden space 24576K, 100% used [0x00000000e0800000,0x00000000e2000000,0x00000000e2000000)
  from space 4096K, 0% used [0x00000000e2400000,0x00000000e2400000,0x00000000e2800000)
  to   space 4096K, 0% used [0x00000000e2000000,0x00000000e2000000,0x00000000e2400000)
 ParOldGen       total 65536K, used 0K [0x00000000a1800000, 0x00000000a5800000, 0x00000000e0800000)
  object space 65536K, 0% used [0x00000000a1800000,0x00000000a1800000,0x00000000a5800000)
 Metaspace       used 7617K, capacity 7772K, committed 7936K, reserved 1056768K
  class space    used 939K, capacity 1016K, committed 1024K, reserved 1048576K
Event: 2.047 GC heap after
Heap after GC invocations=1 (full 0):
 PSYoungGen      total 28672K, used 4083K [0x00000000e0800000, 0x00000000e2800000, 0x0000000100000000)
  eden space 24576K, 0% used [0x00000000e0800000,0x00000000e0800000,0x00000000e2000000)
  from space 4096K, 99% used [0x00000000e2000000,0x00000000e23fcf30,0x00000000e2400000)
  to   space 4096K, 0% used [0x00000000e2400000,0x00000000e2400000,0x00000000e2800000)
 ParOldGen       total 65536K, used 211K [0x00000000a1800000, 0x00000000a5800000, 0x00000000e0800000)
  object space 65536K, 0% used [0x00000000a1800000,0x00000000a1834fd0,0x00000000a5800000)
 Metaspace       used 7617K, capacity 7772K, committed 7936K, reserved 1056768K
  class space    used 939K, capacity 1016K, committed 1024K, reserved 1048576K
}
Event: 2.900 GC heap before
{Heap before GC invocations=2 (full 0):
 PSYoungGen      total 28672K, used 28659K [0x00000000e0800000, 0x00000000e2800000, 0x0000000100000000)
  eden space 24576K, 100% used [0x00000000e0800000,0x00000000e2000000,0x00000000e2000000)
  from space 4096K, 99% used [0x00000000e2000000,0x00000000e23fcf30,0x00000000e2400000)
  to   space 4096K, 0% used [0x00000000e2400000,0x00000000e2400000,0x00000000e2800000)
 ParOldGen       total 65536K, used 211K [0x00000000a1800000, 0x00000000a5800000, 0x00000000e0800000)
  object space 65536K, 0% used [0x00000000a1800000,0x00000000a1834fd0,0x00000000a5800000)
 Metaspace       used 10117K, capacity 10302K, committed 10368K, reserved 1058816K
  class space    used 1261K, capacity 1347K, committed 1408K, reserved 1048576K
Event: 2.916 GC heap after
Heap after GC invocations=2 (full 0):
 PSYoungGen      total 28672K, used 4095K [0x00000000e0800000, 0x00000000e4000000, 0x0000000100000000)
  eden space 24576K, 0% used [0x00000000e0800000,0x00000000e0800000,0x00000000e2000000)
  from space 4096K, 99% used [0x00000000e2400000,0x00000000e27fff90,0x00000000e2800000)
  to   space 4096K, 0% used [0x00000000e2000000,0x00000000e2000000,0x00000000e2400000)
 ParOldGen       total 65536K, used 1259K [0x00000000a1800000, 0x00000000a5800000, 0x00000000e0800000)
  object space 65536K, 1% used [0x00000000a1800000,0x00000000a193ad88,0x00000000a5800000)
 Metaspace       used 10117K, capacity 10302K, committed 10368K, reserved 1058816K
  class space    used 1261K, capacity 1347K, committed 1408K, reserved 1048576K
}
Event: 4.378 GC heap before
{Heap before GC invocations=3 (full 0):
 PSYoungGen      total 28672K, used 28671K [0x00000000e0800000, 0x00000000e4000000, 0x0000000100000000)
  eden space 24576K, 100% used [0x00000000e0800000,0x00000000e2000000,0x00000000e2000000)
  from space 4096K, 99% used [0x00000000e2400000,0x00000000e27fff90,0x00000000e2800000)
  to   space 4096K, 0% used [0x00000000e2000000,0x00000000e2000000,0x00000000e2400000)
 ParOldGen       total 65536K, used 1259K [0x00000000a1800000, 0x00000000a5800000, 0x00000000e0800000)
  object space 65536K, 1% used [0x00000000a1800000,0x00000000a193ad88,0x00000000a5800000)
 Metaspace       used 13287K, capacity 13496K, committed 13568K, reserved 1060864K
  class space    used 1672K, capacity 1777K, committed 1792K, reserved 1048576K
Event: 4.409 GC heap after
Heap after GC invocations=3 (full 0):
 PSYoungGen      total 28672K, used 4088K [0x00000000e0800000, 0x00000000e4000000, 0x0000000100000000)
  eden space 24576K, 0% used [0x00000000e0800000,0x00000000e0800000,0x00000000e2000000)
  from space 4096K, 99% used [0x00000000e2000000,0x00000000e23fe318,0x00000000e2400000)
  to   space 4096K, 0% used [0x00000000e3c00000,0x00000000e3c00000,0x00000000e4000000)
 ParOldGen       total 65536K, used 3324K [0x00000000a1800000, 0x00000000a5800000, 0x00000000e0800000)
  object space 65536K, 5% used [0x00000000a1800000,0x00000000a1b3f248,0x00000000a5800000)
 Metaspace       used 13287K, capacity 13496K, committed 13568K, reserved 1060864K
  class space    used 1672K, capacity 1777K, committed 1792K, reserved 1048576K
}
Event: 6.294 GC heap before
{Heap before GC invocations=4 (full 0):
 PSYoungGen      total 28672K, used 28664K [0x00000000e0800000, 0x00000000e4000000, 0x0000000100000000)
  eden space 24576K, 100% used [0x00000000e0800000,0x00000000e2000000,0x00000000e2000000)
  from space 4096K, 99% used [0x00000000e2000000,0x00000000e23fe318,0x00000000e2400000)
  to   space 4096K, 0% used [0x00000000e3c00000,0x00000000e3c00000,0x00000000e4000000)
 ParOldGen       total 65536K, used 3324K [0x00000000a1800000, 0x00000000a5800000, 0x00000000e0800000)
  object space 65536K, 5% used [0x00000000a1800000,0x00000000a1b3f248,0x00000000a5800000)
 Metaspace       used 14893K, capacity 15128K, committed 15232K, reserved 1062912K
  class space    used 1832K, capacity 1913K, committed 1920K, reserved 1048576K
Event: 6.337 GC heap after
Heap after GC invocations=4 (full 0):
 PSYoungGen      total 53248K, used 4080K [0x00000000e0800000, 0x00000000e4000000, 0x0000000100000000)
  eden space 49152K, 0% used [0x00000000e0800000,0x00000000e0800000,0x00000000e3800000)
  from space 4096K, 99% used [0x00000000e3c00000,0x00000000e3ffc010,0x00000000e4000000)
  to   space 4096K, 0% used [0x00000000e3800000,0x00000000e3800000,0x00000000e3c00000)
 ParOldGen       total 65536K, used 5850K [0x00000000a1800000, 0x00000000a5800000, 0x00000000e0800000)
  object space 65536K, 8% used [0x00000000a1800000,0x00000000a1db6870,0x00000000a5800000)
 Metaspace       used 14893K, capacity 15128K, committed 15232K, reserved 1062912K
  class space    used 1832K, capacity 1913K, committed 1920K, reserved 1048576K
}

Deoptimization events (10 events):
Event: 2.144 Thread 0x0000020e6edd4000 Uncommon trap: reason=unstable_if action=reinterpret pc=0x0000020e709b86f4 method=org.codehaus.plexus.util.xml.pull.MXParser.isWhitespace()Z @ 20
Event: 2.150 Thread 0x0000020e6edd4000 Uncommon trap: reason=unstable_if action=reinterpret pc=0x0000020e709b57f4 method=org.codehaus.plexus.util.xml.pull.MXParser.nextImpl()I @ 241
Event: 3.675 Thread 0x0000020e6edd4000 Uncommon trap: reason=unstable_if action=reinterpret pc=0x0000020e70a5a6c8 method=java.util.concurrent.ConcurrentHashMap.putVal(Ljava/lang/Object;Ljava/lang/Object;Z)Ljava/lang/Object; @ 206
Event: 4.248 Thread 0x0000020e6edd4000 Uncommon trap: reason=unstable_if action=reinterpret pc=0x0000020e70a0e3bc method=org.codehaus.plexus.util.xml.pull.MXParser.parseStartTag()I @ 443
Event: 4.728 Thread 0x0000020e6edd4000 Uncommon trap: reason=unstable_if action=reinterpret pc=0x0000020e708d975c method=java.lang.String.replace(CC)Ljava/lang/String; @ 2
Event: 5.202 Thread 0x0000020e6edd4000 Uncommon trap: reason=predicate action=maybe_recompile pc=0x0000020e70b3db48 method=java.lang.String.regionMatches(ZILjava/lang/String;II)Z @ 63
Event: 5.349 Thread 0x0000020e6edd4000 Uncommon trap: reason=unstable_if action=reinterpret pc=0x0000020e70978644 method=sun.nio.cs.UTF_8$Decoder.decode([BII[C)I @ 30
Event: 5.352 Thread 0x0000020e6edd4000 Uncommon trap: reason=unstable_if action=reinterpret pc=0x0000020e709b3678 method=sun.nio.cs.UTF_8$Decoder.decodeArrayLoop(Ljava/nio/ByteBuffer;Ljava/nio/CharBuffer;)Ljava/nio/charset/CoderResult; @ 84
Event: 5.520 Thread 0x0000020e6edd4000 Uncommon trap: reason=unstable_if action=reinterpret pc=0x0000020e709d90fc method=java.util.HashMap.hash(Ljava/lang/Object;)I @ 1
Event: 5.520 Thread 0x0000020e6edd4000 Uncommon trap: reason=unstable_if action=reinterpret pc=0x0000020e70a8a7e8 method=java.util.HashMap.hash(Ljava/lang/Object;)I @ 1

Classes redefined (0 events):
No events

Internal exceptions (10 events):
Event: 3.753 Thread 0x0000020e6edd4000 Exception <a 'java/lang/NoClassDefFoundError'> (0x00000000e1838008) thrown at [C:\jenkins\workspace\8-2-build-windows-amd64-cygwin\jdk8u261\295\hotspot\src\share\vm\prims\jvm.cpp, line 1516]
Event: 3.754 Thread 0x0000020e6edd4000 Exception <a 'java/lang/NoClassDefFoundError': javax/annotation/Priority> (0x00000000e183c7d8) thrown at [C:\jenkins\workspace\8-2-build-windows-amd64-cygwin\jdk8u261\295\hotspot\src\share\vm\classfile\systemDictionary.cpp, line 199]
Event: 4.460 Thread 0x0000020e6edd4000 Exception <a 'java/lang/NullPointerException'> (0x00000000e086eff8) thrown at [C:\jenkins\workspace\8-2-build-windows-amd64-cygwin\jdk8u261\295\hotspot\src\share\vm\interpreter\linkResolver.cpp, line 1185]
Event: 4.460 Thread 0x0000020e6edd4000 Exception <a 'java/lang/NullPointerException'> (0x00000000e086f210) thrown at [C:\jenkins\workspace\8-2-build-windows-amd64-cygwin\jdk8u261\295\hotspot\src\share\vm\interpreter\linkResolver.cpp, line 1185]
Event: 4.460 Thread 0x0000020e6edd4000 Exception <a 'java/lang/NullPointerException'> (0x00000000e086f428) thrown at [C:\jenkins\workspace\8-2-build-windows-amd64-cygwin\jdk8u261\295\hotspot\src\share\vm\interpreter\linkResolver.cpp, line 1185]
Event: 4.470 Thread 0x0000020e6edd4000 Exception <a 'java/lang/NullPointerException'> (0x00000000e0880050) thrown at [C:\jenkins\workspace\8-2-build-windows-amd64-cygwin\jdk8u261\295\hotspot\src\share\vm\interpreter\linkResolver.cpp, line 1185]
Event: 4.470 Thread 0x0000020e6edd4000 Exception <a 'java/lang/NullPointerException'> (0x00000000e0880268) thrown at [C:\jenkins\workspace\8-2-build-windows-amd64-cygwin\jdk8u261\295\hotspot\src\share\vm\interpreter\linkResolver.cpp, line 1185]
Event: 4.470 Thread 0x0000020e6edd4000 Exception <a 'java/lang/NullPointerException'> (0x00000000e0880480) thrown at [C:\jenkins\workspace\8-2-build-windows-amd64-cygwin\jdk8u261\295\hotspot\src\share\vm\interpreter\linkResolver.cpp, line 1185]
Event: 5.520 Thread 0x0000020e6edd4000 Implicit null exception at 0x0000020e709d8f15 to 0x0000020e709d90ed
Event: 5.520 Thread 0x0000020e6edd4000 Implicit null exception at 0x0000020e70a8a76f to 0x0000020e70a8a7d9

Events (10 events):
Event: 6.376 loading class org/eclipse/aether/resolution/MetadataRequest
Event: 6.376 loading class org/eclipse/aether/resolution/MetadataRequest done
Event: 6.377 loading class org/eclipse/aether/resolution/MetadataResult
Event: 6.377 loading class org/eclipse/aether/resolution/MetadataResult done
Event: 6.378 loading class org/eclipse/aether/repository/LocalMetadataRequest
Event: 6.378 loading class org/eclipse/aether/repository/LocalMetadataRequest done
Event: 6.379 loading class org/eclipse/aether/repository/LocalMetadataResult
Event: 6.379 loading class org/eclipse/aether/repository/LocalMetadataResult done
Event: 6.381 loading class org/eclipse/aether/internal/impl/Utils
Event: 6.381 loading class org/eclipse/aether/internal/impl/Utils done


Dynamic libraries:
0x00007ff7bb220000 - 0x00007ff7bb267000 	C:\Program Files\Java\jdk1.8.0_261\bin\java.exe
0x00007ffa8f8a0000 - 0x00007ffa8fa81000 	C:\WINDOWS\SYSTEM32\ntdll.dll
0x00007ffa8cdd0000 - 0x00007ffa8ce81000 	C:\WINDOWS\System32\KERNEL32.DLL
0x00007ffa8c590000 - 0x00007ffa8c803000 	C:\WINDOWS\System32\KERNELBASE.dll
0x00007ffa8ee90000 - 0x00007ffa8ef31000 	C:\WINDOWS\System32\ADVAPI32.dll
0x00007ffa8f120000 - 0x00007ffa8f1be000 	C:\WINDOWS\System32\msvcrt.dll
0x00007ffa8f2a0000 - 0x00007ffa8f2fb000 	C:\WINDOWS\System32\sechost.dll
0x00007ffa8ce90000 - 0x00007ffa8cfb4000 	C:\WINDOWS\System32\RPCRT4.dll
0x00007ffa8ef80000 - 0x00007ffa8f111000 	C:\WINDOWS\System32\USER32.dll
0x00007ffa8c570000 - 0x00007ffa8c590000 	C:\WINDOWS\System32\win32u.dll
0x00007ffa8cd70000 - 0x00007ffa8cd98000 	C:\WINDOWS\System32\GDI32.dll
0x00007ffa8c890000 - 0x00007ffa8ca23000 	C:\WINDOWS\System32\gdi32full.dll
0x00007ffa8cc20000 - 0x00007ffa8ccbf000 	C:\WINDOWS\System32\msvcp_win.dll
0x00007ffa8c470000 - 0x00007ffa8c568000 	C:\WINDOWS\System32\ucrtbase.dll
0x00007ffa7e4c0000 - 0x00007ffa7e729000 	C:\WINDOWS\WinSxS\amd64_microsoft.windows.common-controls_6595b64144ccf1df_6.0.17134.1726_none_d3fdb88f7c924124\COMCTL32.dll
0x00007ffa8f4a0000 - 0x00007ffa8f7c1000 	C:\WINDOWS\System32\combase.dll
0x00007ffa8c810000 - 0x00007ffa8c889000 	C:\WINDOWS\System32\bcryptPrimitives.dll
0x00007ffa8cda0000 - 0x00007ffa8cdcd000 	C:\WINDOWS\System32\IMM32.DLL
0x00007ffa82520000 - 0x00007ffa82535000 	C:\Program Files\Java\jdk1.8.0_261\jre\bin\vcruntime140.dll
0x00007ffa7e320000 - 0x00007ffa7e3bb000 	C:\Program Files\Java\jdk1.8.0_261\jre\bin\msvcp140.dll
0x00000000713c0000 - 0x0000000071c2c000 	C:\Program Files\Java\jdk1.8.0_261\jre\bin\server\jvm.dll
0x00007ffa8ef70000 - 0x00007ffa8ef78000 	C:\WINDOWS\System32\PSAPI.DLL
0x00007ffa897d0000 - 0x00007ffa897f3000 	C:\WINDOWS\SYSTEM32\WINMM.dll
0x00007ffa7e200000 - 0x00007ffa7e20a000 	C:\WINDOWS\SYSTEM32\VERSION.dll
0x00007ffa8a740000 - 0x00007ffa8a749000 	C:\WINDOWS\SYSTEM32\WSOCK32.dll
0x00007ffa8ec10000 - 0x00007ffa8ec7c000 	C:\WINDOWS\System32\WS2_32.dll
0x00007ffa897a0000 - 0x00007ffa897ca000 	C:\WINDOWS\SYSTEM32\winmmbase.dll
0x00007ffa8ccc0000 - 0x00007ffa8cd09000 	C:\WINDOWS\System32\cfgmgr32.dll
0x00007ffa8bc00000 - 0x00007ffa8bc11000 	C:\WINDOWS\System32\kernel.appcore.dll
0x00007ffa879b0000 - 0x00007ffa879c0000 	C:\Program Files\Java\jdk1.8.0_261\jre\bin\verify.dll
0x00007ffa817a0000 - 0x00007ffa817cb000 	C:\Program Files\Java\jdk1.8.0_261\jre\bin\java.dll
0x00007ffa82130000 - 0x00007ffa82148000 	C:\Program Files\Java\jdk1.8.0_261\jre\bin\zip.dll
0x00007ffa8d470000 - 0x00007ffa8e8b5000 	C:\WINDOWS\System32\SHELL32.dll
0x00007ffa8ec80000 - 0x00007ffa8ed29000 	C:\WINDOWS\System32\shcore.dll
0x00007ffa8bca0000 - 0x00007ffa8c3b5000 	C:\WINDOWS\System32\windows.storage.dll
0x00007ffa8cfc0000 - 0x00007ffa8d011000 	C:\WINDOWS\System32\shlwapi.dll
0x00007ffa8bc20000 - 0x00007ffa8bc3f000 	C:\WINDOWS\System32\profapi.dll
0x00007ffa8bb80000 - 0x00007ffa8bbcc000 	C:\WINDOWS\System32\powrprof.dll
0x00007ffa8bbf0000 - 0x00007ffa8bbfa000 	C:\WINDOWS\System32\FLTLIB.DLL
0x00007ffa7f770000 - 0x00007ffa7f78c000 	C:\Program Files\Java\jdk1.8.0_261\jre\bin\net.dll
0x00007ffa8b400000 - 0x00007ffa8b466000 	C:\WINDOWS\system32\mswsock.dll
0x00007ffa7f750000 - 0x00007ffa7f763000 	C:\Program Files\Java\jdk1.8.0_261\jre\bin\nio.dll
0x00007ffa8a570000 - 0x00007ffa8a739000 	C:\WINDOWS\SYSTEM32\dbghelp.dll

VM Arguments:
jvm_args: -Dclassworlds.conf=C:\Program Files\netbeans\java\maven\bin\m2.conf -Dmaven.home=C:\Program Files\netbeans\java\maven -Dmaven.multiModuleProjectDirectory=C:\Users\fox\Documents\NetBeansProjects\demo\DemoGroupB-web 
java_command: org.codehaus.plexus.classworlds.launcher.Launcher -Dmaven.ext.class.path=C:\Program Files\netbeans\java\maven-nblib\netbeans-eventspy.jar -Dfile.encoding=UTF-8 clean install
java_class_path (initial): C:\Program Files\netbeans\java\maven\boot\plexus-classworlds-2.5.2.jar
Launcher Type: SUN_STANDARD

Environment Variables:
JAVA_HOME=C:\Program Files\Java\jdk1.8.0_261
PATH=C:\Program Files\Common Files\Oracle\Java\javapath;C:\ProgramData\Oracle\Java\javapath;C:\WINDOWS;C:\WINDOWS\System32\Wbem;C:\WINDOWS\System32\WindowsPowerShell\v1.0\;C:\WINDOWS\System32\OpenSSH\;C:\xampp\php;C:\Program Files\Git\cmd;C:\composer;C:\Program Files\Java\jdk1.8.0_261\bin;C:\Windows\System32;C:\Users\fox\AppData\Local\Programs\Python\Python37-32\Scripts\;C:\Users\fox\AppData\Local\Programs\Python\Python37-32\;C:\Users\fox\AppData\Local\Microsoft\WindowsApps;C:\Users\fox\AppData\Roaming\Composer\vendor\bin;C:\Users\fox\AppData\Local\Programs\Microsoft VS Code\bin
USERNAME=fox
OS=Windows_NT
PROCESSOR_IDENTIFIER=Intel64 Family 6 Model 78 Stepping 3, GenuineIntel



---------------  S Y S T E M  ---------------

OS: Windows 10.0 , 64 bit Build 17134 (10.0.17134.1425)

CPU:total 4 (initial active 4) (2 cores per cpu, 2 threads per core) family 6 model 78 stepping 3, cmov, cx8, fxsr, mmx, sse, sse2, sse3, ssse3, sse4.1, sse4.2, popcnt, avx, avx2, aes, clmul, erms, 3dnowpref, lzcnt, ht, tsc, tscinvbit, bmi1, bmi2, adx

Memory: 4k page, physical 6188032k(515392k free), swap 6188032k(6636k free)

vm_info: Java HotSpot(TM) 64-Bit Server VM (25.261-b12) for windows-amd64 JRE (1.8.0_261-b12), built on Jun 18 2020 06:56:32 by "" with unknown MS VC++:1916

time: Wed Oct 14 10:44:51 2020
timezone: Nepal Standard Time
elapsed time: 6 seconds (0d 0h 0m 6s)

