#
# There is insufficient memory for the Java Runtime Environment to continue.
# Native memory allocation (malloc) failed to allocate 822576 bytes for Chunk::new
# Possible reasons:
#   The system is out of physical RAM or swap space
#   The process is running with CompressedOops enabled, and the Java Heap may be blocking the growth of the native heap
# Possible solutions:
#   Reduce memory load on the system
#   Increase physical memory or swap space
#   Check if swap backing store is full
#   Decrease Java heap size (-Xmx/-Xms)
#   Decrease number of Java threads
#   Decrease Java thread stack sizes (-Xss)
#   Set larger code cache with -XX:ReservedCodeCacheSize=
#   JVM is running with Unscaled Compressed Oops mode in which the Java heap is
#     placed in the first 4GB address space. The Java Heap base address is the
#     maximum limit for the native heap growth. Please use -XX:HeapBaseMinAddress
#     to set the Java Heap base and to place the Java Heap above 4GB virtual address.
# This output file may be truncated or incomplete.
#
#  Out of Memory Error (allocation.cpp:389), pid=10224, tid=0x0000000000001a5c
#
# JRE version: Java(TM) SE Runtime Environment (8.0_261-b12) (build 1.8.0_261-b12)
# Java VM: Java HotSpot(TM) 64-Bit Server VM (25.261-b12 mixed mode windows-amd64 compressed oops)
# Failed to write core dump. Minidumps are not enabled by default on client versions of Windows
#

---------------  T H R E A D  ---------------

Current thread (0x0000010ece3e6000):  JavaThread "C2 CompilerThread0" daemon [_thread_in_native, id=6748, stack(0x00000005b2c00000,0x00000005b2d00000)]

Stack: [0x00000005b2c00000,0x00000005b2d00000]
Native frames: (J=compiled Java code, j=interpreted, Vv=VM code, C=native code)
V  [jvm.dll+0x33e5f9]
V  [jvm.dll+0x2850e2]
V  [jvm.dll+0x285d8d]
V  [jvm.dll+0x27c895]
V  [jvm.dll+0xe4d6c]
V  [jvm.dll+0xe556c]
V  [jvm.dll+0x47ece3]
V  [jvm.dll+0x4467c3]
V  [jvm.dll+0x44f8f5]
V  [jvm.dll+0x44ecb5]
V  [jvm.dll+0x439bc7]
V  [jvm.dll+0xbbbcb]
V  [jvm.dll+0xba22b]
V  [jvm.dll+0x24d962]
V  [jvm.dll+0x2a1cfc]
C  [ucrtbase.dll+0x1e3fe]
C  [KERNEL32.DLL+0x14034]
C  [ntdll.dll+0x73691]


Current CompileTask:
C2:   4720 1514   !   4       java.net.URLClassLoader$1::run (63 bytes)


---------------  P R O C E S S  ---------------

Java Threads: ( => current thread )
  0x0000010ece47d000 JavaThread "Service Thread" daemon [_thread_blocked, id=6920, stack(0x00000005b2f00000,0x00000005b3000000)]
  0x0000010ece3fc000 JavaThread "C1 CompilerThread2" daemon [_thread_blocked, id=5192, stack(0x00000005b2e00000,0x00000005b2f00000)]
  0x0000010ece3f4800 JavaThread "C2 CompilerThread1" daemon [_thread_in_native, id=10732, stack(0x00000005b2d00000,0x00000005b2e00000)]
=>0x0000010ece3e6000 JavaThread "C2 CompilerThread0" daemon [_thread_in_native, id=6748, stack(0x00000005b2c00000,0x00000005b2d00000)]
  0x0000010ece3e0800 JavaThread "Attach Listener" daemon [_thread_blocked, id=7340, stack(0x00000005b2b00000,0x00000005b2c00000)]
  0x0000010ece3df000 JavaThread "Signal Dispatcher" daemon [_thread_blocked, id=10948, stack(0x00000005b2a00000,0x00000005b2b00000)]
  0x0000010ecdc89000 JavaThread "Finalizer" daemon [_thread_blocked, id=7804, stack(0x00000005b2900000,0x00000005b2a00000)]
  0x0000010ece3c6800 JavaThread "Reference Handler" daemon [_thread_blocked, id=1812, stack(0x00000005b2800000,0x00000005b2900000)]
  0x0000010eb8fb6800 JavaThread "main" [_thread_in_native, id=9072, stack(0x00000005b2200000,0x00000005b2300000)]

Other Threads:
  0x0000010ece3a2800 VMThread [stack: 0x00000005b2700000,0x00000005b2800000] [id=7956]
  0x0000010ece491000 WatcherThread [stack: 0x00000005b3000000,0x00000005b3100000] [id=13228]

VM state:not at safepoint (normal execution)

VM Mutex/Monitor currently owned by a thread: None

heap address: 0x00000000a1800000, size: 1512 MB, Compressed Oops mode: 32-bit
Narrow klass base: 0x0000000000000000, Narrow klass shift: 3
Compressed class space size: 1073741824 Address: 0x0000000100000000

Heap:
 PSYoungGen      total 28672K, used 11551K [0x00000000e0800000, 0x00000000e2800000, 0x0000000100000000)
  eden space 24576K, 30% used [0x00000000e0800000,0x00000000e0f4d968,0x00000000e2000000)
  from space 4096K, 99% used [0x00000000e2000000,0x00000000e23fa328,0x00000000e2400000)
  to   space 4096K, 0% used [0x00000000e2400000,0x00000000e2400000,0x00000000e2800000)
 ParOldGen       total 65536K, used 3333K [0x00000000a1800000, 0x00000000a5800000, 0x00000000e0800000)
  object space 65536K, 5% used [0x00000000a1800000,0x00000000a1b41478,0x00000000a5800000)
 Metaspace       used 14590K, capacity 14848K, committed 14976K, reserved 1062912K
  class space    used 1810K, capacity 1909K, committed 1920K, reserved 1048576K

Card table byte_map: [0x0000010ec9c30000,0x0000010ec9f30000] byte_map_base: 0x0000010ec9724000

Marking Bits: (ParMarkBitMap*) 0x0000000060864fb0
 Begin Bits: [0x0000010eca130000, 0x0000010ecb8d0000)
 End Bits:   [0x0000010ecb8d0000, 0x0000010ecd070000)

Polling page: 0x0000010eb9090000

CodeCache: size=245760Kb used=5555Kb max_used=5555Kb free=240204Kb
 bounds [0x0000010eba870000, 0x0000010ebadf0000, 0x0000010ec9870000]
 total_blobs=1968 nmethods=1627 adapters=253
 compilation: enabled

Compilation events (10 events):
Event: 4.641 Thread 0x0000010ece3fc000 1629       3       java.util.Collections$UnmodifiableMap$UnmodifiableEntrySet$1::hasNext (10 bytes)
Event: 4.642 Thread 0x0000010ece3fc000 nmethod 1629 0x0000010ebadddd50 code [0x0000010ebadddec0, 0x0000010ebadde0f0]
Event: 4.642 Thread 0x0000010ece3fc000 1630       3       java.util.Collections$UnmodifiableMap$UnmodifiableEntrySet$1::next (5 bytes)
Event: 4.642 Thread 0x0000010ece3fc000 nmethod 1630 0x0000010ebadde190 code [0x0000010ebadde340, 0x0000010ebadde960]
Event: 4.666 Thread 0x0000010ece3fc000 1631       3       java.lang.reflect.Constructor::setConstructorAccessor (21 bytes)
Event: 4.666 Thread 0x0000010ece3fc000 nmethod 1631 0x0000010ebaddf6d0 code [0x0000010ebaddf840, 0x0000010ebaddfbf0]
Event: 4.674 Thread 0x0000010ece3fc000 1632       3       java.util.Collections$UnmodifiableMap$UnmodifiableEntrySet$UnmodifiableEntry::getKey (10 bytes)
Event: 4.674 Thread 0x0000010ece3fc000 nmethod 1632 0x0000010ebade0750 code [0x0000010ebade08c0, 0x0000010ebade0af0]
Event: 4.674 Thread 0x0000010ece3fc000 1633       3       java.util.Collections$UnmodifiableMap$UnmodifiableEntrySet$UnmodifiableEntry::getValue (10 bytes)
Event: 4.675 Thread 0x0000010ece3fc000 nmethod 1633 0x0000010ebade0b90 code [0x0000010ebade0d00, 0x0000010ebade0f30]

GC Heap History (6 events):
Event: 2.820 GC heap before
{Heap before GC invocations=1 (full 0):
 PSYoungGen      total 28672K, used 24576K [0x00000000e0800000, 0x00000000e2800000, 0x0000000100000000)
  eden space 24576K, 100% used [0x00000000e0800000,0x00000000e2000000,0x00000000e2000000)
  from space 4096K, 0% used [0x00000000e2400000,0x00000000e2400000,0x00000000e2800000)
  to   space 4096K, 0% used [0x00000000e2000000,0x00000000e2000000,0x00000000e2400000)
 ParOldGen       total 65536K, used 0K [0x00000000a1800000, 0x00000000a5800000, 0x00000000e0800000)
  object space 65536K, 0% used [0x00000000a1800000,0x00000000a1800000,0x00000000a5800000)
 Metaspace       used 7619K, capacity 7772K, committed 7936K, reserved 1056768K
  class space    used 941K, capacity 1016K, committed 1024K, reserved 1048576K
Event: 2.829 GC heap after
Heap after GC invocations=1 (full 0):
 PSYoungGen      total 28672K, used 4089K [0x00000000e0800000, 0x00000000e2800000, 0x0000000100000000)
  eden space 24576K, 0% used [0x00000000e0800000,0x00000000e0800000,0x00000000e2000000)
  from space 4096K, 99% used [0x00000000e2000000,0x00000000e23fe468,0x00000000e2400000)
  to   space 4096K, 0% used [0x00000000e2400000,0x00000000e2400000,0x00000000e2800000)
 ParOldGen       total 65536K, used 195K [0x00000000a1800000, 0x00000000a5800000, 0x00000000e0800000)
  object space 65536K, 0% used [0x00000000a1800000,0x00000000a1830ca0,0x00000000a5800000)
 Metaspace       used 7619K, capacity 7772K, committed 7936K, reserved 1056768K
  class space    used 941K, capacity 1016K, committed 1024K, reserved 1048576K
}
Event: 3.510 GC heap before
{Heap before GC invocations=2 (full 0):
 PSYoungGen      total 28672K, used 28665K [0x00000000e0800000, 0x00000000e2800000, 0x0000000100000000)
  eden space 24576K, 100% used [0x00000000e0800000,0x00000000e2000000,0x00000000e2000000)
  from space 4096K, 99% used [0x00000000e2000000,0x00000000e23fe468,0x00000000e2400000)
  to   space 4096K, 0% used [0x00000000e2400000,0x00000000e2400000,0x00000000e2800000)
 ParOldGen       total 65536K, used 195K [0x00000000a1800000, 0x00000000a5800000, 0x00000000e0800000)
  object space 65536K, 0% used [0x00000000a1800000,0x00000000a1830ca0,0x00000000a5800000)
 Metaspace       used 10121K, capacity 10302K, committed 10368K, reserved 1058816K
  class space    used 1263K, capacity 1347K, committed 1408K, reserved 1048576K
Event: 3.519 GC heap after
Heap after GC invocations=2 (full 0):
 PSYoungGen      total 28672K, used 4082K [0x00000000e0800000, 0x00000000e2800000, 0x0000000100000000)
  eden space 24576K, 0% used [0x00000000e0800000,0x00000000e0800000,0x00000000e2000000)
  from space 4096K, 99% used [0x00000000e2400000,0x00000000e27fc8e8,0x00000000e2800000)
  to   space 4096K, 0% used [0x00000000e2000000,0x00000000e2000000,0x00000000e2400000)
 ParOldGen       total 65536K, used 1264K [0x00000000a1800000, 0x00000000a5800000, 0x00000000e0800000)
  object space 65536K, 1% used [0x00000000a1800000,0x00000000a193c058,0x00000000a5800000)
 Metaspace       used 10121K, capacity 10302K, committed 10368K, reserved 1058816K
  class space    used 1263K, capacity 1347K, committed 1408K, reserved 1048576K
}
Event: 4.308 GC heap before
{Heap before GC invocations=3 (full 0):
 PSYoungGen      total 28672K, used 28658K [0x00000000e0800000, 0x00000000e2800000, 0x0000000100000000)
  eden space 24576K, 100% used [0x00000000e0800000,0x00000000e2000000,0x00000000e2000000)
  from space 4096K, 99% used [0x00000000e2400000,0x00000000e27fc8e8,0x00000000e2800000)
  to   space 4096K, 0% used [0x00000000e2000000,0x00000000e2000000,0x00000000e2400000)
 ParOldGen       total 65536K, used 1264K [0x00000000a1800000, 0x00000000a5800000, 0x00000000e0800000)
  object space 65536K, 1% used [0x00000000a1800000,0x00000000a193c058,0x00000000a5800000)
 Metaspace       used 13272K, capacity 13496K, committed 13568K, reserved 1060864K
  class space    used 1672K, capacity 1777K, committed 1792K, reserved 1048576K
Event: 4.322 GC heap after
Heap after GC invocations=3 (full 0):
 PSYoungGen      total 28672K, used 4072K [0x00000000e0800000, 0x00000000e2800000, 0x0000000100000000)
  eden space 24576K, 0% used [0x00000000e0800000,0x00000000e0800000,0x00000000e2000000)
  from space 4096K, 99% used [0x00000000e2000000,0x00000000e23fa328,0x00000000e2400000)
  to   space 4096K, 0% used [0x00000000e2400000,0x00000000e2400000,0x00000000e2800000)
 ParOldGen       total 65536K, used 3333K [0x00000000a1800000, 0x00000000a5800000, 0x00000000e0800000)
  object space 65536K, 5% used [0x00000000a1800000,0x00000000a1b41478,0x00000000a5800000)
 Metaspace       used 13272K, capacity 13496K, committed 13568K, reserved 1060864K
  class space    used 1672K, capacity 1777K, committed 1792K, reserved 1048576K
}

Deoptimization events (10 events):
Event: 1.603 Thread 0x0000010eb8fb6800 Uncommon trap: reason=unstable_if action=reinterpret pc=0x0000010ebaa1b4a4 method=org.codehaus.plexus.util.xml.pull.MXParser.more()C @ 8
Event: 2.566 Thread 0x0000010eb8fb6800 Uncommon trap: reason=range_check action=make_not_entrant pc=0x0000010ebaac4260 method=sun.reflect.generics.parser.SignatureParser.current()C @ 34
Event: 2.568 Thread 0x0000010eb8fb6800 Uncommon trap: reason=unstable_if action=reinterpret pc=0x0000010ebaac683c method=java.util.HashMap.getNode(ILjava/lang/Object;)Ljava/util/HashMap$Node; @ 129
Event: 2.794 Thread 0x0000010eb8fb6800 Uncommon trap: reason=unstable_if action=reinterpret pc=0x0000010ebab0eea0 method=org.codehaus.plexus.util.xml.pull.MXParser.nextImpl()I @ 200
Event: 2.897 Thread 0x0000010eb8fb6800 Uncommon trap: reason=unstable_if action=reinterpret pc=0x0000010ebab29374 method=org.codehaus.plexus.util.xml.pull.MXParser.isWhitespace()Z @ 20
Event: 2.900 Thread 0x0000010eb8fb6800 Uncommon trap: reason=unstable_if action=reinterpret pc=0x0000010ebab2fa2c method=org.codehaus.plexus.util.xml.pull.MXParser.nextImpl()I @ 241
Event: 3.953 Thread 0x0000010eb8fb6800 Uncommon trap: reason=unstable_if action=reinterpret pc=0x0000010ebabc9448 method=java.util.concurrent.ConcurrentHashMap.putVal(Ljava/lang/Object;Ljava/lang/Object;Z)Ljava/lang/Object; @ 206
Event: 4.241 Thread 0x0000010eb8fb6800 Uncommon trap: reason=unstable_if action=reinterpret pc=0x0000010ebab75a28 method=org.codehaus.plexus.util.xml.pull.MXParser.parseStartTag()I @ 443
Event: 4.444 Thread 0x0000010eb8fb6800 Uncommon trap: reason=unstable_if action=reinterpret pc=0x0000010ebaa3bf9c method=java.lang.String.replace(CC)Ljava/lang/String; @ 2
Event: 4.666 Thread 0x0000010eb8fb6800 Uncommon trap: reason=predicate action=maybe_recompile pc=0x0000010ebaca0808 method=java.lang.String.regionMatches(ZILjava/lang/String;II)Z @ 63

Classes redefined (0 events):
No events

Internal exceptions (10 events):
Event: 2.567 Thread 0x0000010eb8fb6800 Exception <a 'java/lang/ArrayIndexOutOfBoundsException': 24> (0x00000000e188cf38) thrown at [C:\jenkins\workspace\8-2-build-windows-amd64-cygwin\jdk8u261\295\hotspot\src\share\vm\interpreter\interpreterRuntime.cpp, line 368]
Event: 4.001 Thread 0x0000010eb8fb6800 Exception <a 'java/lang/NoClassDefFoundError': com/google/inject/servlet/ServletModuleTargetVisitor> (0x00000000e1838f68) thrown at [C:\jenkins\workspace\8-2-build-windows-amd64-cygwin\jdk8u261\295\hotspot\src\share\vm\classfile\systemDictionary.cpp, line
Event: 4.001 Thread 0x0000010eb8fb6800 Exception <a 'java/lang/NoClassDefFoundError'> (0x00000000e1838f68) thrown at [C:\jenkins\workspace\8-2-build-windows-amd64-cygwin\jdk8u261\295\hotspot\src\share\vm\prims\jvm.cpp, line 1516]
Event: 4.001 Thread 0x0000010eb8fb6800 Exception <a 'java/lang/NoClassDefFoundError': javax/annotation/Priority> (0x00000000e183d738) thrown at [C:\jenkins\workspace\8-2-build-windows-amd64-cygwin\jdk8u261\295\hotspot\src\share\vm\classfile\systemDictionary.cpp, line 199]
Event: 4.342 Thread 0x0000010eb8fb6800 Exception <a 'java/lang/NullPointerException'> (0x00000000e0872050) thrown at [C:\jenkins\workspace\8-2-build-windows-amd64-cygwin\jdk8u261\295\hotspot\src\share\vm\interpreter\linkResolver.cpp, line 1185]
Event: 4.342 Thread 0x0000010eb8fb6800 Exception <a 'java/lang/NullPointerException'> (0x00000000e0872268) thrown at [C:\jenkins\workspace\8-2-build-windows-amd64-cygwin\jdk8u261\295\hotspot\src\share\vm\interpreter\linkResolver.cpp, line 1185]
Event: 4.342 Thread 0x0000010eb8fb6800 Exception <a 'java/lang/NullPointerException'> (0x00000000e0872480) thrown at [C:\jenkins\workspace\8-2-build-windows-amd64-cygwin\jdk8u261\295\hotspot\src\share\vm\interpreter\linkResolver.cpp, line 1185]
Event: 4.344 Thread 0x0000010eb8fb6800 Exception <a 'java/lang/NullPointerException'> (0x00000000e08825a8) thrown at [C:\jenkins\workspace\8-2-build-windows-amd64-cygwin\jdk8u261\295\hotspot\src\share\vm\interpreter\linkResolver.cpp, line 1185]
Event: 4.344 Thread 0x0000010eb8fb6800 Exception <a 'java/lang/NullPointerException'> (0x00000000e08827c0) thrown at [C:\jenkins\workspace\8-2-build-windows-amd64-cygwin\jdk8u261\295\hotspot\src\share\vm\interpreter\linkResolver.cpp, line 1185]
Event: 4.344 Thread 0x0000010eb8fb6800 Exception <a 'java/lang/NullPointerException'> (0x00000000e08829d8) thrown at [C:\jenkins\workspace\8-2-build-windows-amd64-cygwin\jdk8u261\295\hotspot\src\share\vm\interpreter\linkResolver.cpp, line 1185]

Events (10 events):
Event: 4.672 loading class sun/nio/ch/SharedFileLockTable$FileLockReference
Event: 4.673 loading class sun/nio/ch/SharedFileLockTable$FileLockReference done
Event: 4.673 loading class java/nio/channels/spi/AbstractInterruptibleChannel$1
Event: 4.673 loading class sun/nio/ch/Interruptible
Event: 4.673 loading class sun/nio/ch/Interruptible done
Event: 4.673 loading class java/nio/channels/spi/AbstractInterruptibleChannel$1 done
Event: 4.674 loading class org/apache/maven/repository/internal/DefaultModelCache
Event: 4.674 loading class org/apache/maven/repository/internal/DefaultModelCache done
Event: 4.675 loading class org/apache/maven/repository/internal/DefaultModelResolver
Event: 4.675 loading class org/apache/maven/repository/internal/DefaultModelResolver done


Dynamic libraries:
0x00007ff704840000 - 0x00007ff704887000 	C:\Program Files\Java\jdk1.8.0_261\bin\java.exe
0x00007ff8b74c0000 - 0x00007ff8b76a1000 	C:\WINDOWS\SYSTEM32\ntdll.dll
0x00007ff8b6ef0000 - 0x00007ff8b6fa1000 	C:\WINDOWS\System32\KERNEL32.DLL
0x00007ff8b4600000 - 0x00007ff8b4873000 	C:\WINDOWS\System32\KERNELBASE.dll
0x00007ff8b6e40000 - 0x00007ff8b6ee1000 	C:\WINDOWS\System32\ADVAPI32.dll
0x00007ff8b4930000 - 0x00007ff8b49ce000 	C:\WINDOWS\System32\msvcrt.dll
0x00007ff8b71c0000 - 0x00007ff8b721b000 	C:\WINDOWS\System32\sechost.dll
0x00007ff8b6d10000 - 0x00007ff8b6e34000 	C:\WINDOWS\System32\RPCRT4.dll
0x00007ff8b6440000 - 0x00007ff8b65d1000 	C:\WINDOWS\System32\USER32.dll
0x00007ff8b3900000 - 0x00007ff8b3920000 	C:\WINDOWS\System32\win32u.dll
0x00007ff8b7460000 - 0x00007ff8b7488000 	C:\WINDOWS\System32\GDI32.dll
0x00007ff8b4460000 - 0x00007ff8b45f3000 	C:\WINDOWS\System32\gdi32full.dll
0x00007ff8b3860000 - 0x00007ff8b38ff000 	C:\WINDOWS\System32\msvcp_win.dll
0x00007ff8b4360000 - 0x00007ff8b4458000 	C:\WINDOWS\System32\ucrtbase.dll
0x00007ff8a71a0000 - 0x00007ff8a7409000 	C:\WINDOWS\WinSxS\amd64_microsoft.windows.common-controls_6595b64144ccf1df_6.0.17134.1792_none_d40515b57c8b8c01\COMCTL32.dll
0x00007ff8b6110000 - 0x00007ff8b6431000 	C:\WINDOWS\System32\combase.dll
0x00007ff8b3980000 - 0x00007ff8b39f9000 	C:\WINDOWS\System32\bcryptPrimitives.dll
0x00007ff8b72c0000 - 0x00007ff8b72ed000 	C:\WINDOWS\System32\IMM32.DLL
0x00007ff8adcf0000 - 0x00007ff8add05000 	C:\Program Files\Java\jdk1.8.0_261\jre\bin\vcruntime140.dll
0x00007ff899840000 - 0x00007ff8998db000 	C:\Program Files\Java\jdk1.8.0_261\jre\bin\msvcp140.dll
0x0000000060070000 - 0x00000000608dc000 	C:\Program Files\Java\jdk1.8.0_261\jre\bin\server\jvm.dll
0x00007ff8b71b0000 - 0x00007ff8b71b8000 	C:\WINDOWS\System32\PSAPI.DLL
0x00007ff8b2420000 - 0x00007ff8b2429000 	C:\WINDOWS\SYSTEM32\WSOCK32.dll
0x00007ff8b6fb0000 - 0x00007ff8b701c000 	C:\WINDOWS\System32\WS2_32.dll
0x00007ff8adc20000 - 0x00007ff8adc2a000 	C:\WINDOWS\SYSTEM32\VERSION.dll
0x00007ff8b0fd0000 - 0x00007ff8b0ff3000 	C:\WINDOWS\SYSTEM32\WINMM.dll
0x00007ff8b0f80000 - 0x00007ff8b0faa000 	C:\WINDOWS\SYSTEM32\winmmbase.dll
0x00007ff8b3a00000 - 0x00007ff8b3a49000 	C:\WINDOWS\System32\cfgmgr32.dll
0x00007ff8b3820000 - 0x00007ff8b3831000 	C:\WINDOWS\System32\kernel.appcore.dll
0x00007ff8b0f40000 - 0x00007ff8b0f50000 	C:\Program Files\Java\jdk1.8.0_261\jre\bin\verify.dll
0x00007ff8ad810000 - 0x00007ff8ad83b000 	C:\Program Files\Java\jdk1.8.0_261\jre\bin\java.dll
0x00007ff8ad8f0000 - 0x00007ff8ad908000 	C:\Program Files\Java\jdk1.8.0_261\jre\bin\zip.dll
0x00007ff8b4a30000 - 0x00007ff8b5e75000 	C:\WINDOWS\System32\SHELL32.dll
0x00007ff8b7020000 - 0x00007ff8b70c9000 	C:\WINDOWS\System32\shcore.dll
0x00007ff8b3c40000 - 0x00007ff8b4355000 	C:\WINDOWS\System32\windows.storage.dll
0x00007ff8b6ad0000 - 0x00007ff8b6b21000 	C:\WINDOWS\System32\shlwapi.dll
0x00007ff8b3840000 - 0x00007ff8b385f000 	C:\WINDOWS\System32\profapi.dll
0x00007ff8b37c0000 - 0x00007ff8b380c000 	C:\WINDOWS\System32\powrprof.dll
0x00007ff8b3810000 - 0x00007ff8b381a000 	C:\WINDOWS\System32\FLTLIB.DLL
0x00007ff8ad860000 - 0x00007ff8ad87c000 	C:\Program Files\Java\jdk1.8.0_261\jre\bin\net.dll
0x00007ff8b3020000 - 0x00007ff8b3086000 	C:\WINDOWS\system32\mswsock.dll
0x00007ff8ad7f0000 - 0x00007ff8ad803000 	C:\Program Files\Java\jdk1.8.0_261\jre\bin\nio.dll
0x00007ff8b21e0000 - 0x00007ff8b23a9000 	C:\WINDOWS\SYSTEM32\dbghelp.dll

VM Arguments:
jvm_args: -Dclassworlds.conf=C:\Program Files\netbeans\java\maven\bin\m2.conf -Dmaven.home=C:\Program Files\netbeans\java\maven -Dmaven.multiModuleProjectDirectory=C:\Users\fox\Documents\NetBeansProjects\demo\DemoGroupB-web 
java_command: org.codehaus.plexus.classworlds.launcher.Launcher -Dnetbeans.deploy.debugmode=true -Dnetbeans.deploy=true -Dmaven.ext.class.path=C:\Program Files\netbeans\java\maven-nblib\netbeans-eventspy.jar -Dfile.encoding=UTF-8 package
java_class_path (initial): C:\Program Files\netbeans\java\maven\boot\plexus-classworlds-2.5.2.jar
Launcher Type: SUN_STANDARD

Environment Variables:
JAVA_HOME=C:\Program Files\Java\jdk1.8.0_261
PATH=C:\Program Files\Common Files\Oracle\Java\javapath;C:\ProgramData\Oracle\Java\javapath;C:\WINDOWS;C:\WINDOWS\System32\Wbem;C:\WINDOWS\System32\WindowsPowerShell\v1.0\;C:\WINDOWS\System32\OpenSSH\;C:\xampp\php;C:\Program Files\Git\cmd;C:\composer;C:\Program Files\Java\jdk1.8.0_261\bin;C:\Windows\System32;C:\Users\fox\AppData\Local\Programs\Python\Python37-32\Scripts\;C:\Users\fox\AppData\Local\Programs\Python\Python37-32\;C:\Users\fox\AppData\Local\Microsoft\WindowsApps;C:\Users\fox\AppData\Roaming\Composer\vendor\bin;C:\Users\fox\AppData\Local\Programs\Microsoft VS Code\bin
USERNAME=fox
OS=Windows_NT
PROCESSOR_IDENTIFIER=Intel64 Family 6 Model 78 Stepping 3, GenuineIntel



---------------  S Y S T E M  ---------------

OS: Windows 10.0 , 64 bit Build 17134 (10.0.17134.1425)

CPU:total 4 (initial active 4) (2 cores per cpu, 2 threads per core) family 6 model 78 stepping 3, cmov, cx8, fxsr, mmx, sse, sse2, sse3, ssse3, sse4.1, sse4.2, popcnt, avx, avx2, aes, clmul, erms, 3dnowpref, lzcnt, ht, tsc, tscinvbit, bmi1, bmi2, adx

Memory: 4k page, physical 6188032k(908420k free), swap 6188032k(4508k free)

vm_info: Java HotSpot(TM) 64-Bit Server VM (25.261-b12) for windows-amd64 JRE (1.8.0_261-b12), built on Jun 18 2020 06:56:32 by "" with unknown MS VC++:1916

time: Fri Oct 30 22:19:45 2020
timezone: Nepal Standard Time
elapsed time: 4 seconds (0d 0h 0m 4s)

