#
# There is insufficient memory for the Java Runtime Environment to continue.
# Native memory allocation (malloc) failed to allocate 2035216 bytes for Chunk::new
# Possible reasons:
#   The system is out of physical RAM or swap space
#   The process is running with CompressedOops enabled, and the Java Heap may be blocking the growth of the native heap
# Possible solutions:
#   Reduce memory load on the system
#   Increase physical memory or swap space
#   Check if swap backing store is full
#   Decrease Java heap size (-Xmx/-Xms)
#   Decrease number of Java threads
#   Decrease Java thread stack sizes (-Xss)
#   Set larger code cache with -XX:ReservedCodeCacheSize=
#   JVM is running with Unscaled Compressed Oops mode in which the Java heap is
#     placed in the first 4GB address space. The Java Heap base address is the
#     maximum limit for the native heap growth. Please use -XX:HeapBaseMinAddress
#     to set the Java Heap base and to place the Java Heap above 4GB virtual address.
# This output file may be truncated or incomplete.
#
#  Out of Memory Error (allocation.cpp:389), pid=10976, tid=0x0000000000002540
#
# JRE version: Java(TM) SE Runtime Environment (8.0_261-b12) (build 1.8.0_261-b12)
# Java VM: Java HotSpot(TM) 64-Bit Server VM (25.261-b12 mixed mode windows-amd64 compressed oops)
# Failed to write core dump. Minidumps are not enabled by default on client versions of Windows
#

---------------  T H R E A D  ---------------

Current thread (0x0000018df05d5000):  JavaThread "C2 CompilerThread0" daemon [_thread_in_native, id=9536, stack(0x00000009cce00000,0x00000009ccf00000)]

Stack: [0x00000009cce00000,0x00000009ccf00000]
Native frames: (J=compiled Java code, j=interpreted, Vv=VM code, C=native code)
V  [jvm.dll+0x33e5f9]
V  [jvm.dll+0x2850e2]
V  [jvm.dll+0x285d8d]
V  [jvm.dll+0x27c895]
V  [jvm.dll+0xe4d6c]
V  [jvm.dll+0xe556c]
V  [jvm.dll+0x47ece3]
V  [jvm.dll+0x446900]
V  [jvm.dll+0x44f8f5]
V  [jvm.dll+0x44ecb5]
V  [jvm.dll+0x439bc7]
V  [jvm.dll+0xbbbcb]
V  [jvm.dll+0xba22b]
V  [jvm.dll+0x24d962]
V  [jvm.dll+0x2a1cfc]
C  [ucrtbase.dll+0x1e3fe]
C  [KERNEL32.DLL+0x14034]
C  [ntdll.dll+0x73691]


Current CompileTask:
C2:   8938 3152       4       java.net.URLClassLoader$1::run (5 bytes)


---------------  P R O C E S S  ---------------

Java Threads: ( => current thread )
  0x0000018df0652800 JavaThread "Service Thread" daemon [_thread_blocked, id=8836, stack(0x00000009cd100000,0x00000009cd200000)]
  0x0000018df063e000 JavaThread "C1 CompilerThread2" daemon [_thread_in_native, id=5240, stack(0x00000009cd000000,0x00000009cd100000)]
  0x0000018df0633000 JavaThread "C2 CompilerThread1" daemon [_thread_in_native, id=11296, stack(0x00000009ccf00000,0x00000009cd000000)]
=>0x0000018df05d5000 JavaThread "C2 CompilerThread0" daemon [_thread_in_native, id=9536, stack(0x00000009cce00000,0x00000009ccf00000)]
  0x0000018df05d2000 JavaThread "Attach Listener" daemon [_thread_blocked, id=1184, stack(0x00000009ccd00000,0x00000009cce00000)]
  0x0000018df05d0800 JavaThread "Signal Dispatcher" daemon [_thread_blocked, id=12104, stack(0x00000009ccc00000,0x00000009ccd00000)]
  0x0000018defe78000 JavaThread "Finalizer" daemon [_thread_blocked, id=10172, stack(0x00000009ccb00000,0x00000009ccc00000)]
  0x0000018df05b6000 JavaThread "Reference Handler" daemon [_thread_blocked, id=6724, stack(0x00000009cca00000,0x00000009ccb00000)]
  0x0000018ddb1f7000 JavaThread "main" [_thread_in_native, id=13036, stack(0x00000009cc400000,0x00000009cc500000)]

Other Threads:
  0x0000018df0591800 VMThread [stack: 0x00000009cc900000,0x00000009cca00000] [id=12812]
  0x0000018df0656800 WatcherThread [stack: 0x00000009cd200000,0x00000009cd300000] [id=13948]

VM state:not at safepoint (normal execution)

VM Mutex/Monitor currently owned by a thread: None

heap address: 0x00000000a1800000, size: 1512 MB, Compressed Oops mode: 32-bit
Narrow klass base: 0x0000000000000000, Narrow klass shift: 3
Compressed class space size: 1073741824 Address: 0x0000000100000000

Heap:
 PSYoungGen      total 107008K, used 36752K [0x00000000e0800000, 0x00000000e7900000, 0x0000000100000000)
  eden space 98304K, 29% used [0x00000000e0800000,0x00000000e24cc3c8,0x00000000e6800000)
  from space 8704K, 83% used [0x00000000e7080000,0x00000000e7798000,0x00000000e7900000)
  to   space 8704K, 0% used [0x00000000e6800000,0x00000000e6800000,0x00000000e7080000)
 ParOldGen       total 65536K, used 9426K [0x00000000a1800000, 0x00000000a5800000, 0x00000000e0800000)
  object space 65536K, 14% used [0x00000000a1800000,0x00000000a2134a50,0x00000000a5800000)
 Metaspace       used 17998K, capacity 18460K, committed 18816K, reserved 1064960K
  class space    used 2178K, capacity 2331K, committed 2432K, reserved 1048576K

Card table byte_map: [0x0000018debe20000,0x0000018dec120000] byte_map_base: 0x0000018deb914000

Marking Bits: (ParMarkBitMap*) 0x0000000071d64fb0
 Begin Bits: [0x0000018dec320000, 0x0000018dedac0000)
 End Bits:   [0x0000018dedac0000, 0x0000018def260000)

Polling page: 0x0000018ddb170000

CodeCache: size=245760Kb used=10670Kb max_used=10670Kb free=235089Kb
 bounds [0x0000018ddca60000, 0x0000018ddd4e0000, 0x0000018deba60000]
 total_blobs=3520 nmethods=3171 adapters=261
 compilation: enabled

Compilation events (10 events):
Event: 8.795 Thread 0x0000018df063e000 3332       1       java.net.Parts::getQuery (5 bytes)
Event: 8.795 Thread 0x0000018df063e000 nmethod 3332 0x0000018ddd4666d0 code [0x0000018ddd466820, 0x0000018ddd466938]
Event: 8.795 Thread 0x0000018df063e000 3333       1       java.net.Parts::getRef (5 bytes)
Event: 8.795 Thread 0x0000018df063e000 nmethod 3333 0x0000018ddd466990 code [0x0000018ddd466ae0, 0x0000018ddd466bf8]
Event: 8.806 Thread 0x0000018df063e000 3334   !   3       org.codehaus.plexus.classworlds.realm.ClassRealm::loadClassFromParent (28 bytes)
Event: 8.807 Thread 0x0000018df063e000 nmethod 3334 0x0000018ddd466c50 code [0x0000018ddd466de0, 0x0000018ddd467220]
Event: 8.810 Thread 0x0000018df063e000 3336   !   3       org.codehaus.plexus.classworlds.realm.ClassRealm::loadClassFromImport (21 bytes)
Event: 8.810 Thread 0x0000018df063e000 nmethod 3336 0x0000018ddd467350 code [0x0000018ddd4674e0, 0x0000018ddd467840]
Event: 8.810 Thread 0x0000018df063e000 3335       3       org.codehaus.plexus.classworlds.strategy.SelfFirstStrategy::loadClass (50 bytes)
Event: 8.811 Thread 0x0000018df063e000 nmethod 3335 0x0000018ddd467950 code [0x0000018ddd467b40, 0x0000018ddd468520]

GC Heap History (10 events):
Event: 3.190 GC heap before
{Heap before GC invocations=2 (full 0):
 PSYoungGen      total 28672K, used 28666K [0x00000000e0800000, 0x00000000e2800000, 0x0000000100000000)
  eden space 24576K, 100% used [0x00000000e0800000,0x00000000e2000000,0x00000000e2000000)
  from space 4096K, 99% used [0x00000000e2000000,0x00000000e23fe9c8,0x00000000e2400000)
  to   space 4096K, 0% used [0x00000000e2400000,0x00000000e2400000,0x00000000e2800000)
 ParOldGen       total 65536K, used 252K [0x00000000a1800000, 0x00000000a5800000, 0x00000000e0800000)
  object space 65536K, 0% used [0x00000000a1800000,0x00000000a183f358,0x00000000a5800000)
 Metaspace       used 10121K, capacity 10302K, committed 10368K, reserved 1058816K
  class space    used 1263K, capacity 1347K, committed 1408K, reserved 1048576K
Event: 3.200 GC heap after
Heap after GC invocations=2 (full 0):
 PSYoungGen      total 28672K, used 4067K [0x00000000e0800000, 0x00000000e2800000, 0x0000000100000000)
  eden space 24576K, 0% used [0x00000000e0800000,0x00000000e0800000,0x00000000e2000000)
  from space 4096K, 99% used [0x00000000e2400000,0x00000000e27f8ca8,0x00000000e2800000)
  to   space 4096K, 0% used [0x00000000e2000000,0x00000000e2000000,0x00000000e2400000)
 ParOldGen       total 65536K, used 1289K [0x00000000a1800000, 0x00000000a5800000, 0x00000000e0800000)
  object space 65536K, 1% used [0x00000000a1800000,0x00000000a19427e0,0x00000000a5800000)
 Metaspace       used 10121K, capacity 10302K, committed 10368K, reserved 1058816K
  class space    used 1263K, capacity 1347K, committed 1408K, reserved 1048576K
}
Event: 4.428 GC heap before
{Heap before GC invocations=3 (full 0):
 PSYoungGen      total 28672K, used 28643K [0x00000000e0800000, 0x00000000e2800000, 0x0000000100000000)
  eden space 24576K, 100% used [0x00000000e0800000,0x00000000e2000000,0x00000000e2000000)
  from space 4096K, 99% used [0x00000000e2400000,0x00000000e27f8ca8,0x00000000e2800000)
  to   space 4096K, 0% used [0x00000000e2000000,0x00000000e2000000,0x00000000e2400000)
 ParOldGen       total 65536K, used 1289K [0x00000000a1800000, 0x00000000a5800000, 0x00000000e0800000)
  object space 65536K, 1% used [0x00000000a1800000,0x00000000a19427e0,0x00000000a5800000)
 Metaspace       used 13289K, capacity 13496K, committed 13568K, reserved 1060864K
  class space    used 1672K, capacity 1777K, committed 1792K, reserved 1048576K
Event: 4.444 GC heap after
Heap after GC invocations=3 (full 0):
 PSYoungGen      total 28672K, used 4093K [0x00000000e0800000, 0x00000000e4000000, 0x0000000100000000)
  eden space 24576K, 0% used [0x00000000e0800000,0x00000000e0800000,0x00000000e2000000)
  from space 4096K, 99% used [0x00000000e2000000,0x00000000e23ff4c0,0x00000000e2400000)
  to   space 4096K, 0% used [0x00000000e3c00000,0x00000000e3c00000,0x00000000e4000000)
 ParOldGen       total 65536K, used 3424K [0x00000000a1800000, 0x00000000a5800000, 0x00000000e0800000)
  object space 65536K, 5% used [0x00000000a1800000,0x00000000a1b58100,0x00000000a5800000)
 Metaspace       used 13289K, capacity 13496K, committed 13568K, reserved 1060864K
  class space    used 1672K, capacity 1777K, committed 1792K, reserved 1048576K
}
Event: 5.741 GC heap before
{Heap before GC invocations=4 (full 0):
 PSYoungGen      total 28672K, used 28669K [0x00000000e0800000, 0x00000000e4000000, 0x0000000100000000)
  eden space 24576K, 100% used [0x00000000e0800000,0x00000000e2000000,0x00000000e2000000)
  from space 4096K, 99% used [0x00000000e2000000,0x00000000e23ff4c0,0x00000000e2400000)
  to   space 4096K, 0% used [0x00000000e3c00000,0x00000000e3c00000,0x00000000e4000000)
 ParOldGen       total 65536K, used 3424K [0x00000000a1800000, 0x00000000a5800000, 0x00000000e0800000)
  object space 65536K, 5% used [0x00000000a1800000,0x00000000a1b58100,0x00000000a5800000)
 Metaspace       used 14988K, capacity 15288K, committed 15616K, reserved 1062912K
  class space    used 1843K, capacity 1945K, committed 2048K, reserved 1048576K
Event: 5.766 GC heap after
Heap after GC invocations=4 (full 0):
 PSYoungGen      total 53248K, used 4064K [0x00000000e0800000, 0x00000000e4000000, 0x0000000100000000)
  eden space 49152K, 0% used [0x00000000e0800000,0x00000000e0800000,0x00000000e3800000)
  from space 4096K, 99% used [0x00000000e3c00000,0x00000000e3ff8020,0x00000000e4000000)
  to   space 4096K, 0% used [0x00000000e3800000,0x00000000e3800000,0x00000000e3c00000)
 ParOldGen       total 65536K, used 5998K [0x00000000a1800000, 0x00000000a5800000, 0x00000000e0800000)
  object space 65536K, 9% used [0x00000000a1800000,0x00000000a1ddb828,0x00000000a5800000)
 Metaspace       used 14988K, capacity 15288K, committed 15616K, reserved 1062912K
  class space    used 1843K, capacity 1945K, committed 2048K, reserved 1048576K
}
Event: 7.019 GC heap before
{Heap before GC invocations=5 (full 0):
 PSYoungGen      total 53248K, used 53216K [0x00000000e0800000, 0x00000000e4000000, 0x0000000100000000)
  eden space 49152K, 100% used [0x00000000e0800000,0x00000000e3800000,0x00000000e3800000)
  from space 4096K, 99% used [0x00000000e3c00000,0x00000000e3ff8020,0x00000000e4000000)
  to   space 4096K, 0% used [0x00000000e3800000,0x00000000e3800000,0x00000000e3c00000)
 ParOldGen       total 65536K, used 5998K [0x00000000a1800000, 0x00000000a5800000, 0x00000000e0800000)
  object space 65536K, 9% used [0x00000000a1800000,0x00000000a1ddb828,0x00000000a5800000)
 Metaspace       used 15547K, capacity 15854K, committed 16128K, reserved 1062912K
  class space    used 1863K, capacity 1954K, committed 2048K, reserved 1048576K
Event: 7.038 GC heap after
Heap after GC invocations=5 (full 0):
 PSYoungGen      total 53248K, used 4064K [0x00000000e0800000, 0x00000000e7900000, 0x0000000100000000)
  eden space 49152K, 0% used [0x00000000e0800000,0x00000000e0800000,0x00000000e3800000)
  from space 4096K, 99% used [0x00000000e3800000,0x00000000e3bf8020,0x00000000e3c00000)
  to   space 8704K, 0% used [0x00000000e7080000,0x00000000e7080000,0x00000000e7900000)
 ParOldGen       total 65536K, used 9426K [0x00000000a1800000, 0x00000000a5800000, 0x00000000e0800000)
  object space 65536K, 14% used [0x00000000a1800000,0x00000000a2134a50,0x00000000a5800000)
 Metaspace       used 15547K, capacity 15854K, committed 16128K, reserved 1062912K
  class space    used 1863K, capacity 1954K, committed 2048K, reserved 1048576K
}
Event: 8.235 GC heap before
{Heap before GC invocations=6 (full 0):
 PSYoungGen      total 53248K, used 53216K [0x00000000e0800000, 0x00000000e7900000, 0x0000000100000000)
  eden space 49152K, 100% used [0x00000000e0800000,0x00000000e3800000,0x00000000e3800000)
  from space 4096K, 99% used [0x00000000e3800000,0x00000000e3bf8020,0x00000000e3c00000)
  to   space 8704K, 0% used [0x00000000e7080000,0x00000000e7080000,0x00000000e7900000)
 ParOldGen       total 65536K, used 9426K [0x00000000a1800000, 0x00000000a5800000, 0x00000000e0800000)
  object space 65536K, 14% used [0x00000000a1800000,0x00000000a2134a50,0x00000000a5800000)
 Metaspace       used 16197K, capacity 16492K, committed 16640K, reserved 1064960K
  class space    used 1916K, capacity 1995K, committed 2048K, reserved 1048576K
Event: 8.248 GC heap after
Heap after GC invocations=6 (full 0):
 PSYoungGen      total 107008K, used 7264K [0x00000000e0800000, 0x00000000e7900000, 0x0000000100000000)
  eden space 98304K, 0% used [0x00000000e0800000,0x00000000e0800000,0x00000000e6800000)
  from space 8704K, 83% used [0x00000000e7080000,0x00000000e7798000,0x00000000e7900000)
  to   space 8704K, 0% used [0x00000000e6800000,0x00000000e6800000,0x00000000e7080000)
 ParOldGen       total 65536K, used 9426K [0x00000000a1800000, 0x00000000a5800000, 0x00000000e0800000)
  object space 65536K, 14% used [0x00000000a1800000,0x00000000a2134a50,0x00000000a5800000)
 Metaspace       used 16197K, capacity 16492K, committed 16640K, reserved 1064960K
  class space    used 1916K, capacity 1995K, committed 2048K, reserved 1048576K
}

Deoptimization events (10 events):
Event: 6.835 Thread 0x0000018ddb1f7000 Uncommon trap: reason=unstable_if action=reinterpret pc=0x0000018ddd1fc01c method=java.util.LinkedHashMap.afterNodeInsertion(Z)V @ 18
Event: 6.989 Thread 0x0000018ddb1f7000 Uncommon trap: reason=bimorphic action=maybe_recompile pc=0x0000018ddd165f3c method=java.util.concurrent.ConcurrentHashMap.get(Ljava/lang/Object;)Ljava/lang/Object; @ 149
Event: 7.018 Thread 0x0000018ddb1f7000 Uncommon trap: reason=bimorphic action=maybe_recompile pc=0x0000018ddd165f3c method=java.util.concurrent.ConcurrentHashMap.get(Ljava/lang/Object;)Ljava/lang/Object; @ 149
Event: 7.018 Thread 0x0000018ddb1f7000 Uncommon trap: reason=bimorphic action=maybe_recompile pc=0x0000018ddd165f3c method=java.util.concurrent.ConcurrentHashMap.get(Ljava/lang/Object;)Ljava/lang/Object; @ 149
Event: 8.332 Thread 0x0000018ddb1f7000 Uncommon trap: reason=bimorphic action=maybe_recompile pc=0x0000018ddd1ec938 method=java.util.regex.Pattern$CharProperty.match(Ljava/util/regex/Matcher;ILjava/lang/CharSequence;)Z @ 37
Event: 8.399 Thread 0x0000018ddb1f7000 Uncommon trap: reason=bimorphic action=maybe_recompile pc=0x0000018ddd1ec938 method=java.util.regex.Pattern$CharProperty.match(Ljava/util/regex/Matcher;ILjava/lang/CharSequence;)Z @ 37
Event: 8.417 Thread 0x0000018ddb1f7000 Uncommon trap: reason=unstable_if action=reinterpret pc=0x0000018ddcec83bc method=org.codehaus.plexus.classworlds.realm.Entry.matches(Ljava/lang/String;)Z @ 150
Event: 8.473 Thread 0x0000018ddb1f7000 Uncommon trap: reason=bimorphic action=maybe_recompile pc=0x0000018ddd1ec938 method=java.util.regex.Pattern$CharProperty.match(Ljava/util/regex/Matcher;ILjava/lang/CharSequence;)Z @ 37
Event: 8.475 Thread 0x0000018ddb1f7000 Uncommon trap: reason=bimorphic action=maybe_recompile pc=0x0000018ddd1ec938 method=java.util.regex.Pattern$CharProperty.match(Ljava/util/regex/Matcher;ILjava/lang/CharSequence;)Z @ 37
Event: 8.496 Thread 0x0000018ddb1f7000 Uncommon trap: reason=unstable_if action=reinterpret pc=0x0000018ddd350204 method=com.google.inject.internal.InjectorImpl.callInContext(Lcom/google/inject/internal/ContextualCallable;)Ljava/lang/Object; @ 161

Classes redefined (0 events):
No events

Internal exceptions (10 events):
Event: 4.480 Thread 0x0000018ddb1f7000 Exception <a 'java/lang/NullPointerException'> (0x00000000e0874af8) thrown at [C:\jenkins\workspace\8-2-build-windows-amd64-cygwin\jdk8u261\295\hotspot\src\share\vm\interpreter\linkResolver.cpp, line 1185]
Event: 4.482 Thread 0x0000018ddb1f7000 Exception <a 'java/lang/NullPointerException'> (0x00000000e0884b68) thrown at [C:\jenkins\workspace\8-2-build-windows-amd64-cygwin\jdk8u261\295\hotspot\src\share\vm\interpreter\linkResolver.cpp, line 1185]
Event: 4.482 Thread 0x0000018ddb1f7000 Exception <a 'java/lang/NullPointerException'> (0x00000000e0884d80) thrown at [C:\jenkins\workspace\8-2-build-windows-amd64-cygwin\jdk8u261\295\hotspot\src\share\vm\interpreter\linkResolver.cpp, line 1185]
Event: 4.482 Thread 0x0000018ddb1f7000 Exception <a 'java/lang/NullPointerException'> (0x00000000e0884f98) thrown at [C:\jenkins\workspace\8-2-build-windows-amd64-cygwin\jdk8u261\295\hotspot\src\share\vm\interpreter\linkResolver.cpp, line 1185]
Event: 5.298 Thread 0x0000018ddb1f7000 Implicit null exception at 0x0000018ddcd15695 to 0x0000018ddcd15891
Event: 5.298 Thread 0x0000018ddb1f7000 Implicit null exception at 0x0000018ddcde7faf to 0x0000018ddcde8019
Event: 6.386 Thread 0x0000018ddb1f7000 Implicit null exception at 0x0000018ddd18002d to 0x0000018ddd1812e1
Event: 8.345 Thread 0x0000018ddb1f7000 Exception <a 'java/lang/NoClassDefFoundError': org/sonatype/aether/version/VersionConstraint> (0x00000000e0c95a48) thrown at [C:\jenkins\workspace\8-2-build-windows-amd64-cygwin\jdk8u261\295\hotspot\src\share\vm\classfile\systemDictionary.cpp, line 199]
Event: 8.431 Thread 0x0000018ddb1f7000 Exception <a 'java/lang/NoClassDefFoundError': org/codehaus/plexus/util/interpolation/ValueSource> (0x00000000e0fead60) thrown at [C:\jenkins\workspace\8-2-build-windows-amd64-cygwin\jdk8u261\295\hotspot\src\share\vm\classfile\systemDictionary.cpp, line 1
Event: 8.496 Thread 0x0000018ddb1f7000 Implicit null exception at 0x0000018ddd34f04f to 0x0000018ddd3501e5

Events (10 events):
Event: 8.813 loading class org/apache/maven/model/Resource
Event: 8.813 loading class org/apache/maven/model/Resource done
Event: 8.813 loading class org/codehaus/plexus/components/interactivity/DefaultPrompter
Event: 8.813 loading class org/codehaus/plexus/components/interactivity/DefaultPrompter done
Event: 8.813 loading class org/codehaus/plexus/components/interactivity/DefaultPrompter
Event: 8.813 loading class org/codehaus/plexus/components/interactivity/DefaultPrompter done
Event: 8.814 loading class org/codehaus/plexus/components/interactivity/PrompterException
Event: 8.814 loading class org/codehaus/plexus/components/interactivity/PrompterException done
Event: 8.814 loading class org/codehaus/plexus/components/interactivity/PrompterException
Event: 8.814 loading class org/codehaus/plexus/components/interactivity/PrompterException done


Dynamic libraries:
0x00007ff7bb220000 - 0x00007ff7bb267000 	C:\Program Files\Java\jdk1.8.0_261\bin\java.exe
0x00007ffa8f8a0000 - 0x00007ffa8fa81000 	C:\WINDOWS\SYSTEM32\ntdll.dll
0x00007ffa8cdd0000 - 0x00007ffa8ce81000 	C:\WINDOWS\System32\KERNEL32.DLL
0x00007ffa8c590000 - 0x00007ffa8c803000 	C:\WINDOWS\System32\KERNELBASE.dll
0x00007ffa8ee90000 - 0x00007ffa8ef31000 	C:\WINDOWS\System32\ADVAPI32.dll
0x00007ffa8f120000 - 0x00007ffa8f1be000 	C:\WINDOWS\System32\msvcrt.dll
0x00007ffa8f2a0000 - 0x00007ffa8f2fb000 	C:\WINDOWS\System32\sechost.dll
0x00007ffa8ce90000 - 0x00007ffa8cfb4000 	C:\WINDOWS\System32\RPCRT4.dll
0x00007ffa8ef80000 - 0x00007ffa8f111000 	C:\WINDOWS\System32\USER32.dll
0x00007ffa8c570000 - 0x00007ffa8c590000 	C:\WINDOWS\System32\win32u.dll
0x00007ffa8cd70000 - 0x00007ffa8cd98000 	C:\WINDOWS\System32\GDI32.dll
0x00007ffa8c890000 - 0x00007ffa8ca23000 	C:\WINDOWS\System32\gdi32full.dll
0x00007ffa8cc20000 - 0x00007ffa8ccbf000 	C:\WINDOWS\System32\msvcp_win.dll
0x00007ffa8c470000 - 0x00007ffa8c568000 	C:\WINDOWS\System32\ucrtbase.dll
0x00007ffa7e4c0000 - 0x00007ffa7e729000 	C:\WINDOWS\WinSxS\amd64_microsoft.windows.common-controls_6595b64144ccf1df_6.0.17134.1726_none_d3fdb88f7c924124\COMCTL32.dll
0x00007ffa8f4a0000 - 0x00007ffa8f7c1000 	C:\WINDOWS\System32\combase.dll
0x00007ffa8c810000 - 0x00007ffa8c889000 	C:\WINDOWS\System32\bcryptPrimitives.dll
0x00007ffa8cda0000 - 0x00007ffa8cdcd000 	C:\WINDOWS\System32\IMM32.DLL
0x00007ffa815a0000 - 0x00007ffa815b5000 	C:\Program Files\Java\jdk1.8.0_261\jre\bin\vcruntime140.dll
0x00007ffa7dc10000 - 0x00007ffa7dcab000 	C:\Program Files\Java\jdk1.8.0_261\jre\bin\msvcp140.dll
0x0000000071570000 - 0x0000000071ddc000 	C:\Program Files\Java\jdk1.8.0_261\jre\bin\server\jvm.dll
0x00007ffa8ef70000 - 0x00007ffa8ef78000 	C:\WINDOWS\System32\PSAPI.DLL
0x00007ffa8a740000 - 0x00007ffa8a749000 	C:\WINDOWS\SYSTEM32\WSOCK32.dll
0x00007ffa897d0000 - 0x00007ffa897f3000 	C:\WINDOWS\SYSTEM32\WINMM.dll
0x00007ffa7e200000 - 0x00007ffa7e20a000 	C:\WINDOWS\SYSTEM32\VERSION.dll
0x00007ffa8ec10000 - 0x00007ffa8ec7c000 	C:\WINDOWS\System32\WS2_32.dll
0x00007ffa897a0000 - 0x00007ffa897ca000 	C:\WINDOWS\SYSTEM32\WINMMBASE.dll
0x00007ffa8ccc0000 - 0x00007ffa8cd09000 	C:\WINDOWS\System32\cfgmgr32.dll
0x00007ffa8bc00000 - 0x00007ffa8bc11000 	C:\WINDOWS\System32\kernel.appcore.dll
0x00007ffa81590000 - 0x00007ffa815a0000 	C:\Program Files\Java\jdk1.8.0_261\jre\bin\verify.dll
0x00007ffa7f690000 - 0x00007ffa7f6bb000 	C:\Program Files\Java\jdk1.8.0_261\jre\bin\java.dll
0x00007ffa7f670000 - 0x00007ffa7f688000 	C:\Program Files\Java\jdk1.8.0_261\jre\bin\zip.dll
0x00007ffa8d470000 - 0x00007ffa8e8b5000 	C:\WINDOWS\System32\SHELL32.dll
0x00007ffa8ec80000 - 0x00007ffa8ed29000 	C:\WINDOWS\System32\shcore.dll
0x00007ffa8bca0000 - 0x00007ffa8c3b5000 	C:\WINDOWS\System32\windows.storage.dll
0x00007ffa8cfc0000 - 0x00007ffa8d011000 	C:\WINDOWS\System32\shlwapi.dll
0x00007ffa8bc20000 - 0x00007ffa8bc3f000 	C:\WINDOWS\System32\profapi.dll
0x00007ffa8bb80000 - 0x00007ffa8bbcc000 	C:\WINDOWS\System32\powrprof.dll
0x00007ffa8bbf0000 - 0x00007ffa8bbfa000 	C:\WINDOWS\System32\FLTLIB.DLL
0x00007ffa7ed90000 - 0x00007ffa7edac000 	C:\Program Files\Java\jdk1.8.0_261\jre\bin\net.dll
0x00007ffa8b400000 - 0x00007ffa8b466000 	C:\WINDOWS\system32\mswsock.dll
0x00007ffa7ed70000 - 0x00007ffa7ed83000 	C:\Program Files\Java\jdk1.8.0_261\jre\bin\nio.dll
0x00007ffa8a570000 - 0x00007ffa8a739000 	C:\WINDOWS\SYSTEM32\dbghelp.dll

VM Arguments:
jvm_args: -Dclassworlds.conf=C:\Program Files\netbeans\java\maven\bin\m2.conf -Dmaven.home=C:\Program Files\netbeans\java\maven -Dmaven.multiModuleProjectDirectory=C:\Users\fox\Documents\NetBeansProjects\demo\DemoGroupB-web 
java_command: org.codehaus.plexus.classworlds.launcher.Launcher -Dnetbeans.deploy=true -Dnetbeans.deploy.clientUrlPart=/bookCategory.xhtml -Dmaven.ext.class.path=C:\Program Files\netbeans\java\maven-nblib\netbeans-eventspy.jar -Dfile.encoding=UTF-8 package
java_class_path (initial): C:\Program Files\netbeans\java\maven\boot\plexus-classworlds-2.5.2.jar
Launcher Type: SUN_STANDARD

Environment Variables:
JAVA_HOME=C:\Program Files\Java\jdk1.8.0_261
PATH=C:\Program Files\Common Files\Oracle\Java\javapath;C:\ProgramData\Oracle\Java\javapath;C:\WINDOWS;C:\WINDOWS\System32\Wbem;C:\WINDOWS\System32\WindowsPowerShell\v1.0\;C:\WINDOWS\System32\OpenSSH\;C:\xampp\php;C:\Program Files\Git\cmd;C:\composer;C:\Program Files\Java\jdk1.8.0_261\bin;C:\Windows\System32;C:\Users\fox\AppData\Local\Programs\Python\Python37-32\Scripts\;C:\Users\fox\AppData\Local\Programs\Python\Python37-32\;C:\Users\fox\AppData\Local\Microsoft\WindowsApps;C:\Users\fox\AppData\Roaming\Composer\vendor\bin;C:\Users\fox\AppData\Local\Programs\Microsoft VS Code\bin
USERNAME=fox
OS=Windows_NT
PROCESSOR_IDENTIFIER=Intel64 Family 6 Model 78 Stepping 3, GenuineIntel



---------------  S Y S T E M  ---------------

OS: Windows 10.0 , 64 bit Build 17134 (10.0.17134.1425)

CPU:total 4 (initial active 4) (2 cores per cpu, 2 threads per core) family 6 model 78 stepping 3, cmov, cx8, fxsr, mmx, sse, sse2, sse3, ssse3, sse4.1, sse4.2, popcnt, avx, avx2, aes, clmul, erms, 3dnowpref, lzcnt, ht, tsc, tscinvbit, bmi1, bmi2, adx

Memory: 4k page, physical 6188032k(780728k free), swap 6188032k(6356k free)

vm_info: Java HotSpot(TM) 64-Bit Server VM (25.261-b12) for windows-amd64 JRE (1.8.0_261-b12), built on Jun 18 2020 06:56:32 by "" with unknown MS VC++:1916

time: Wed Oct 14 15:57:19 2020
timezone: Nepal Standard Time
elapsed time: 8 seconds (0d 0h 0m 8s)

